#
# There is insufficient memory for the Java Runtime Environment to continue.
# Native memory allocation (malloc) failed to allocate 32744 bytes. Error detail: ChunkPool::allocate
# Possible reasons:
#   The system is out of physical RAM or swap space
#   This process is running with CompressedOops enabled, and the Java Heap may be blocking the growth of the native heap
# Possible solutions:
#   Reduce memory load on the system
#   Increase physical memory or swap space
#   Check if swap backing store is full
#   Decrease Java heap size (-Xmx/-Xms)
#   Decrease number of Java threads
#   Decrease Java thread stack sizes (-Xss)
#   Set larger code cache with -XX:ReservedCodeCacheSize=
#   JVM is running with Unscaled Compressed Oops mode in which the Java heap is
#     placed in the first 4GB address space. The Java Heap base address is the
#     maximum limit for the native heap growth. Please use -XX:HeapBaseMinAddress
#     to set the Java Heap base and to place the Java Heap above 4GB virtual address.
# This output file may be truncated or incomplete.
#
#  Out of Memory Error (arena.cpp:79), pid=11116, tid=25688
#
# JRE version: OpenJDK Runtime Environment Microsoft-11369865 (17.0.15+6) (build 17.0.15+6-LTS)
# Java VM: OpenJDK 64-Bit Server VM Microsoft-11369865 (17.0.15+6-LTS, mixed mode, sharing, tiered, compressed oops, compressed class ptrs, g1 gc, windows-amd64)
# No core dump will be written. Minidumps are not enabled by default on client versions of Windows
#

---------------  S U M M A R Y ------------

Command Line: --add-opens=java.base/java.lang=ALL-UNNAMED --add-opens=java.base/java.lang.invoke=ALL-UNNAMED --add-opens=java.base/java.util=ALL-UNNAMED --add-opens=java.prefs/java.util.prefs=ALL-UNNAMED --add-exports=jdk.compiler/com.sun.tools.javac.api=ALL-UNNAMED --add-exports=jdk.compiler/com.sun.tools.javac.util=ALL-UNNAMED --add-opens=java.base/java.util=ALL-UNNAMED --add-opens=java.prefs/java.util.prefs=ALL-UNNAMED --add-opens=java.base/java.nio.charset=ALL-UNNAMED --add-opens=java.base/java.net=ALL-UNNAMED --add-opens=java.base/java.util.concurrent.atomic=ALL-UNNAMED --add-opens=java.xml/javax.xml.namespace=ALL-UNNAMED -Xmx2048m -Dfile.encoding=UTF-8 -Duser.country=ID -Duser.language=id -Duser.variant -javaagent:C:\Users\USER\.gradle\wrapper\dists\gradle-8.11.1-bin\bpt9gzteqjrbo1mjrsomdt32c\gradle-8.11.1\lib\agents\gradle-instrumentation-agent-8.11.1.jar org.gradle.launcher.daemon.bootstrap.GradleDaemon 8.11.1

Host: AMD Ryzen 5 4600H with Radeon Graphics         , 12 cores, 15G,  Windows 11 , 64 bit Build 22621 (10.0.22621.5262)
Time: Thu May 29 20:08:37 2025 SE Asia Standard Time elapsed time: 3.263835 seconds (0d 0h 0m 3s)

---------------  T H R E A D  ---------------

Current thread (0x000001f3ff038ce0):  JavaThread "C1 CompilerThread0" daemon [_thread_in_native, id=25688, stack(0x0000008452900000,0x0000008452a00000)]


Current CompileTask:
C1:   3263 2374       3       org.gradle.internal.file.FilePathUtil::sizeOfCommonPrefix (142 bytes)

Stack: [0x0000008452900000,0x0000008452a00000]
Native frames: (J=compiled Java code, j=interpreted, Vv=VM code, C=native code)
V  [jvm.dll+0x6887a9]
V  [jvm.dll+0x83f5a8]
V  [jvm.dll+0x841053]
V  [jvm.dll+0x8416c3]
V  [jvm.dll+0x2496ef]
V  [jvm.dll+0xad33c]
V  [jvm.dll+0xad7cc]
V  [jvm.dll+0x17fe75]
V  [jvm.dll+0x180359]
V  [jvm.dll+0x17862a]
V  [jvm.dll+0x177a6f]
V  [jvm.dll+0x180e1b]
V  [jvm.dll+0x178c68]
V  [jvm.dll+0x17c06f]
V  [jvm.dll+0x1368e3]
V  [jvm.dll+0x1361af]
V  [jvm.dll+0x1363f8]
V  [jvm.dll+0x135861]
V  [jvm.dll+0x13755d]
V  [jvm.dll+0x22a39a]
V  [jvm.dll+0x2284db]
V  [jvm.dll+0x7f4e28]
V  [jvm.dll+0x7ef2dc]
V  [jvm.dll+0x687687]
C  [ucrtbase.dll+0x29333]
C  [KERNEL32.DLL+0x1259d]
C  [ntdll.dll+0x5af58]


---------------  P R O C E S S  ---------------

Threads class SMR info:
_java_thread_list=0x000001f3d5a42730, length=26, elements={
0x000001f3ef6e03f0, 0x000001f3ff012300, 0x000001f3ff013180, 0x000001f3ff026ad0,
0x000001f3ff0286a0, 0x000001f3ff029260, 0x000001f3ff02c030, 0x000001f3ff034d30,
0x000001f3ff038ce0, 0x000001f3ff03bed0, 0x000001f3feffb390, 0x000001f3ff1f9e90,
0x000001f3ff2a9250, 0x000001f3d569f1a0, 0x000001f3d586e960, 0x000001f3d55c4030,
0x000001f3d5846d90, 0x000001f3d458ff20, 0x000001f3d5604860, 0x000001f3d5604d70,
0x000001f3d5602a00, 0x000001f3d5604350, 0x000001f3d5605280, 0x000001f3d5605790,
0x000001f3d56061b0, 0x000001f3d5605ca0
}

Java Threads: ( => current thread )
  0x000001f3ef6e03f0 JavaThread "main" [_thread_blocked, id=27536, stack(0x0000008451b00000,0x0000008451c00000)]
  0x000001f3ff012300 JavaThread "Reference Handler" daemon [_thread_blocked, id=4944, stack(0x0000008452200000,0x0000008452300000)]
  0x000001f3ff013180 JavaThread "Finalizer" daemon [_thread_blocked, id=27276, stack(0x0000008452300000,0x0000008452400000)]
  0x000001f3ff026ad0 JavaThread "Signal Dispatcher" daemon [_thread_blocked, id=3588, stack(0x0000008452400000,0x0000008452500000)]
  0x000001f3ff0286a0 JavaThread "Attach Listener" daemon [_thread_blocked, id=15752, stack(0x0000008452500000,0x0000008452600000)]
  0x000001f3ff029260 JavaThread "Service Thread" daemon [_thread_blocked, id=13544, stack(0x0000008452600000,0x0000008452700000)]
  0x000001f3ff02c030 JavaThread "Monitor Deflation Thread" daemon [_thread_blocked, id=21156, stack(0x0000008452700000,0x0000008452800000)]
  0x000001f3ff034d30 JavaThread "C2 CompilerThread0" daemon [_thread_in_native, id=6576, stack(0x0000008452800000,0x0000008452900000)]
=>0x000001f3ff038ce0 JavaThread "C1 CompilerThread0" daemon [_thread_in_native, id=25688, stack(0x0000008452900000,0x0000008452a00000)]
  0x000001f3ff03bed0 JavaThread "Sweeper thread" daemon [_thread_blocked, id=26536, stack(0x0000008452a00000,0x0000008452b00000)]
  0x000001f3feffb390 JavaThread "Common-Cleaner" daemon [_thread_blocked, id=23504, stack(0x0000008452b00000,0x0000008452c00000)]
  0x000001f3ff1f9e90 JavaThread "Notification Thread" daemon [_thread_blocked, id=24548, stack(0x0000008452c00000,0x0000008452d00000)]
  0x000001f3ff2a9250 JavaThread "C2 CompilerThread1" daemon [_thread_in_native, id=24824, stack(0x0000008452e00000,0x0000008452f00000)]
  0x000001f3d569f1a0 JavaThread "Daemon health stats" [_thread_blocked, id=11104, stack(0x0000008452f00000,0x0000008453000000)]
  0x000001f3d586e960 JavaThread "Incoming local TCP Connector on port 63219" [_thread_in_native, id=20004, stack(0x0000008453400000,0x0000008453500000)]
  0x000001f3d55c4030 JavaThread "Daemon periodic checks" [_thread_blocked, id=25576, stack(0x0000008453500000,0x0000008453600000)]
  0x000001f3d5846d90 JavaThread "Daemon" [_thread_blocked, id=11084, stack(0x0000008453600000,0x0000008453700000)]
  0x000001f3d458ff20 JavaThread "Handler for socket connection from /127.0.0.1:63219 to /127.0.0.1:63220" [_thread_in_native, id=10668, stack(0x0000008453700000,0x0000008453800000)]
  0x000001f3d5604860 JavaThread "Cancel handler" [_thread_blocked, id=26756, stack(0x0000008453800000,0x0000008453900000)]
  0x000001f3d5604d70 JavaThread "Daemon worker" [_thread_in_vm, id=27588, stack(0x0000008453900000,0x0000008453a00000)]
  0x000001f3d5602a00 JavaThread "Asynchronous log dispatcher for DefaultDaemonConnection: socket connection from /127.0.0.1:63219 to /127.0.0.1:63220" [_thread_blocked, id=26744, stack(0x0000008453a00000,0x0000008453b00000)]
  0x000001f3d5604350 JavaThread "Stdin handler" [_thread_blocked, id=23388, stack(0x0000008453b00000,0x0000008453c00000)]
  0x000001f3d5605280 JavaThread "Daemon client event forwarder" [_thread_blocked, id=1660, stack(0x0000008453c00000,0x0000008453d00000)]
  0x000001f3d5605790 JavaThread "Cache worker for journal cache (C:\Users\USER\.gradle\caches\journal-1)" [_thread_blocked, id=24144, stack(0x0000008453d00000,0x0000008453e00000)]
  0x000001f3d56061b0 JavaThread "File lock request listener" [_thread_in_native, id=27436, stack(0x0000008453e00000,0x0000008453f00000)]
  0x000001f3d5605ca0 JavaThread "Cache worker for file hash cache (C:\Users\USER\.gradle\caches\8.11.1\fileHashes)" [_thread_blocked, id=27096, stack(0x0000008453f00000,0x0000008454000000)]

Other Threads:
  0x000001f3ff00e0b0 VMThread "VM Thread" [stack: 0x0000008452100000,0x0000008452200000] [id=12936]
  0x000001f3ff1c23a0 WatcherThread [stack: 0x0000008452d00000,0x0000008452e00000] [id=26960]
  0x000001f3ef73bad0 GCTaskThread "GC Thread#0" [stack: 0x0000008451c00000,0x0000008451d00000] [id=23756]
  0x000001f3d407fe50 GCTaskThread "GC Thread#1" [stack: 0x0000008453000000,0x0000008453100000] [id=26268]
  0x000001f3d4080110 GCTaskThread "GC Thread#2" [stack: 0x0000008453100000,0x0000008453200000] [id=14120]
  0x000001f3d40803d0 GCTaskThread "GC Thread#3" [stack: 0x0000008453200000,0x0000008453300000] [id=25404]
  0x000001f3ff2880a0 GCTaskThread "GC Thread#4" [stack: 0x0000008453300000,0x0000008453400000] [id=5664]
  0x000001f3ef74ca20 ConcurrentGCThread "G1 Main Marker" [stack: 0x0000008451d00000,0x0000008451e00000] [id=24856]
  0x000001f3ef74d440 ConcurrentGCThread "G1 Conc#0" [stack: 0x0000008451e00000,0x0000008451f00000] [id=27008]
  0x000001f3ef78e840 ConcurrentGCThread "G1 Refine#0" [stack: 0x0000008451f00000,0x0000008452000000] [id=24368]
  0x000001f3feeca560 ConcurrentGCThread "G1 Service" [stack: 0x0000008452000000,0x0000008452100000] [id=12048]

Threads with active compile tasks:
C2 CompilerThread0     3281 2358   !   4       java.lang.ClassLoader::loadClass (121 bytes)
C1 CompilerThread0     3281 2374       3       org.gradle.internal.file.FilePathUtil::sizeOfCommonPrefix (142 bytes)
C2 CompilerThread1     3281 2271       4       jdk.internal.org.objectweb.asm.Frame::execute (2305 bytes)

VM state: not at safepoint (normal execution)

VM Mutex/Monitor currently owned by a thread:  ([mutex/lock_event])
[0x000001f3ef6da6a0] Metaspace_lock - owner thread: 0x000001f3d5604d70

Heap address: 0x0000000080000000, size: 2048 MB, Compressed Oops mode: 32-bit

CDS archive(s) mapped at: [0x000001f38f000000-0x000001f38fbb0000-0x000001f38fbb0000), size 12255232, SharedBaseAddress: 0x000001f38f000000, ArchiveRelocationMode: 1.
Compressed class space mapped at: 0x000001f390000000-0x000001f3d0000000, reserved size: 1073741824
Narrow klass base: 0x000001f38f000000, Narrow klass shift: 0, Narrow klass range: 0x100000000

GC Precious Log:
 CPUs: 12 total, 12 available
 Memory: 15791M
 Large Page Support: Disabled
 NUMA Support: Disabled
 Compressed Oops: Enabled (32-bit)
 Heap Region Size: 1M
 Heap Min Capacity: 8M
 Heap Initial Capacity: 248M
 Heap Max Capacity: 2G
 Pre-touch: Disabled
 Parallel Workers: 10
 Concurrent Workers: 3
 Concurrent Refinement Workers: 10
 Periodic GC: Disabled

Heap:
 garbage-first heap   total 253952K, used 71748K [0x0000000080000000, 0x0000000100000000)
  region size 1024K, 60 young (61440K), 5 survivors (5120K)
 Metaspace       used 15050K, committed 15296K, reserved 1114112K
  class space    used 2062K, committed 2176K, reserved 1048576K

Heap Regions: E=young(eden), S=young(survivor), O=old, HS=humongous(starts), HC=humongous(continues), CS=collection set, F=free, OA=open archive, CA=closed archive, TAMS=top-at-mark-start (previous, next)
|   0|0x0000000080000000, 0x0000000080100000, 0x0000000080100000|100%| O|  |TAMS 0x0000000080000000, 0x0000000080000000| Untracked 
|   1|0x0000000080100000, 0x0000000080200000, 0x0000000080200000|100%|HS|  |TAMS 0x0000000080100000, 0x0000000080100000| Complete 
|   2|0x0000000080200000, 0x0000000080300000, 0x0000000080300000|100%|HC|  |TAMS 0x0000000080200000, 0x0000000080200000| Complete 
|   3|0x0000000080300000, 0x0000000080400000, 0x0000000080400000|100%|HC|  |TAMS 0x0000000080300000, 0x0000000080300000| Complete 
|   4|0x0000000080400000, 0x0000000080500000, 0x0000000080500000|100%| O|  |TAMS 0x0000000080400000, 0x0000000080400000| Untracked 
|   5|0x0000000080500000, 0x0000000080600000, 0x0000000080600000|100%| O|  |TAMS 0x0000000080500000, 0x0000000080500000| Untracked 
|   6|0x0000000080600000, 0x0000000080700000, 0x0000000080700000|100%| O|  |TAMS 0x0000000080600000, 0x0000000080600000| Untracked 
|   7|0x0000000080700000, 0x0000000080800000, 0x0000000080800000|100%|HS|  |TAMS 0x0000000080700000, 0x0000000080700000| Complete 
|   8|0x0000000080800000, 0x0000000080800000, 0x0000000080900000|  0%| F|  |TAMS 0x0000000080800000, 0x0000000080800000| Untracked 
|   9|0x0000000080900000, 0x0000000080a00000, 0x0000000080a00000|100%| O|  |TAMS 0x0000000080900000, 0x0000000080900000| Untracked 
|  10|0x0000000080a00000, 0x0000000080b00000, 0x0000000080b00000|100%| O|  |TAMS 0x0000000080a00000, 0x0000000080a00000| Untracked 
|  11|0x0000000080b00000, 0x0000000080c00000, 0x0000000080c00000|100%| O|  |TAMS 0x0000000080b00000, 0x0000000080b00000| Untracked 
|  12|0x0000000080c00000, 0x0000000080c9d200, 0x0000000080d00000| 61%| O|  |TAMS 0x0000000080c00000, 0x0000000080c00000| Untracked 
|  13|0x0000000080d00000, 0x0000000080d00000, 0x0000000080e00000|  0%| F|  |TAMS 0x0000000080d00000, 0x0000000080d00000| Untracked 
|  14|0x0000000080e00000, 0x0000000080e00000, 0x0000000080f00000|  0%| F|  |TAMS 0x0000000080e00000, 0x0000000080e00000| Untracked 
|  15|0x0000000080f00000, 0x0000000080f00000, 0x0000000081000000|  0%| F|  |TAMS 0x0000000080f00000, 0x0000000080f00000| Untracked 
|  16|0x0000000081000000, 0x0000000081000000, 0x0000000081100000|  0%| F|  |TAMS 0x0000000081000000, 0x0000000081000000| Untracked 
|  17|0x0000000081100000, 0x0000000081100000, 0x0000000081200000|  0%| F|  |TAMS 0x0000000081100000, 0x0000000081100000| Untracked 
|  18|0x0000000081200000, 0x0000000081200000, 0x0000000081300000|  0%| F|  |TAMS 0x0000000081200000, 0x0000000081200000| Untracked 
|  19|0x0000000081300000, 0x0000000081300000, 0x0000000081400000|  0%| F|  |TAMS 0x0000000081300000, 0x0000000081300000| Untracked 
|  20|0x0000000081400000, 0x0000000081400000, 0x0000000081500000|  0%| F|  |TAMS 0x0000000081400000, 0x0000000081400000| Untracked 
|  21|0x0000000081500000, 0x0000000081500000, 0x0000000081600000|  0%| F|  |TAMS 0x0000000081500000, 0x0000000081500000| Untracked 
|  22|0x0000000081600000, 0x0000000081600000, 0x0000000081700000|  0%| F|  |TAMS 0x0000000081600000, 0x0000000081600000| Untracked 
|  23|0x0000000081700000, 0x0000000081700000, 0x0000000081800000|  0%| F|  |TAMS 0x0000000081700000, 0x0000000081700000| Untracked 
|  24|0x0000000081800000, 0x0000000081800000, 0x0000000081900000|  0%| F|  |TAMS 0x0000000081800000, 0x0000000081800000| Untracked 
|  25|0x0000000081900000, 0x0000000081900000, 0x0000000081a00000|  0%| F|  |TAMS 0x0000000081900000, 0x0000000081900000| Untracked 
|  26|0x0000000081a00000, 0x0000000081a00000, 0x0000000081b00000|  0%| F|  |TAMS 0x0000000081a00000, 0x0000000081a00000| Untracked 
|  27|0x0000000081b00000, 0x0000000081b00000, 0x0000000081c00000|  0%| F|  |TAMS 0x0000000081b00000, 0x0000000081b00000| Untracked 
|  28|0x0000000081c00000, 0x0000000081c00000, 0x0000000081d00000|  0%| F|  |TAMS 0x0000000081c00000, 0x0000000081c00000| Untracked 
|  29|0x0000000081d00000, 0x0000000081d00000, 0x0000000081e00000|  0%| F|  |TAMS 0x0000000081d00000, 0x0000000081d00000| Untracked 
|  30|0x0000000081e00000, 0x0000000081e00000, 0x0000000081f00000|  0%| F|  |TAMS 0x0000000081e00000, 0x0000000081e00000| Untracked 
|  31|0x0000000081f00000, 0x0000000081f00000, 0x0000000082000000|  0%| F|  |TAMS 0x0000000081f00000, 0x0000000081f00000| Untracked 
|  32|0x0000000082000000, 0x0000000082000000, 0x0000000082100000|  0%| F|  |TAMS 0x0000000082000000, 0x0000000082000000| Untracked 
|  33|0x0000000082100000, 0x0000000082100000, 0x0000000082200000|  0%| F|  |TAMS 0x0000000082100000, 0x0000000082100000| Untracked 
|  34|0x0000000082200000, 0x0000000082200000, 0x0000000082300000|  0%| F|  |TAMS 0x0000000082200000, 0x0000000082200000| Untracked 
|  35|0x0000000082300000, 0x0000000082300000, 0x0000000082400000|  0%| F|  |TAMS 0x0000000082300000, 0x0000000082300000| Untracked 
|  36|0x0000000082400000, 0x0000000082400000, 0x0000000082500000|  0%| F|  |TAMS 0x0000000082400000, 0x0000000082400000| Untracked 
|  37|0x0000000082500000, 0x0000000082500000, 0x0000000082600000|  0%| F|  |TAMS 0x0000000082500000, 0x0000000082500000| Untracked 
|  38|0x0000000082600000, 0x0000000082600000, 0x0000000082700000|  0%| F|  |TAMS 0x0000000082600000, 0x0000000082600000| Untracked 
|  39|0x0000000082700000, 0x0000000082700000, 0x0000000082800000|  0%| F|  |TAMS 0x0000000082700000, 0x0000000082700000| Untracked 
|  40|0x0000000082800000, 0x0000000082800000, 0x0000000082900000|  0%| F|  |TAMS 0x0000000082800000, 0x0000000082800000| Untracked 
|  41|0x0000000082900000, 0x0000000082900000, 0x0000000082a00000|  0%| F|  |TAMS 0x0000000082900000, 0x0000000082900000| Untracked 
|  42|0x0000000082a00000, 0x0000000082a00000, 0x0000000082b00000|  0%| F|  |TAMS 0x0000000082a00000, 0x0000000082a00000| Untracked 
|  43|0x0000000082b00000, 0x0000000082b00000, 0x0000000082c00000|  0%| F|  |TAMS 0x0000000082b00000, 0x0000000082b00000| Untracked 
|  44|0x0000000082c00000, 0x0000000082c00000, 0x0000000082d00000|  0%| F|  |TAMS 0x0000000082c00000, 0x0000000082c00000| Untracked 
|  45|0x0000000082d00000, 0x0000000082d00000, 0x0000000082e00000|  0%| F|  |TAMS 0x0000000082d00000, 0x0000000082d00000| Untracked 
|  46|0x0000000082e00000, 0x0000000082e00000, 0x0000000082f00000|  0%| F|  |TAMS 0x0000000082e00000, 0x0000000082e00000| Untracked 
|  47|0x0000000082f00000, 0x0000000082f00000, 0x0000000083000000|  0%| F|  |TAMS 0x0000000082f00000, 0x0000000082f00000| Untracked 
|  48|0x0000000083000000, 0x0000000083000000, 0x0000000083100000|  0%| F|  |TAMS 0x0000000083000000, 0x0000000083000000| Untracked 
|  49|0x0000000083100000, 0x0000000083100000, 0x0000000083200000|  0%| F|  |TAMS 0x0000000083100000, 0x0000000083100000| Untracked 
|  50|0x0000000083200000, 0x0000000083200000, 0x0000000083300000|  0%| F|  |TAMS 0x0000000083200000, 0x0000000083200000| Untracked 
|  51|0x0000000083300000, 0x0000000083300000, 0x0000000083400000|  0%| F|  |TAMS 0x0000000083300000, 0x0000000083300000| Untracked 
|  52|0x0000000083400000, 0x0000000083400000, 0x0000000083500000|  0%| F|  |TAMS 0x0000000083400000, 0x0000000083400000| Untracked 
|  53|0x0000000083500000, 0x0000000083500000, 0x0000000083600000|  0%| F|  |TAMS 0x0000000083500000, 0x0000000083500000| Untracked 
|  54|0x0000000083600000, 0x0000000083600000, 0x0000000083700000|  0%| F|  |TAMS 0x0000000083600000, 0x0000000083600000| Untracked 
|  55|0x0000000083700000, 0x0000000083700000, 0x0000000083800000|  0%| F|  |TAMS 0x0000000083700000, 0x0000000083700000| Untracked 
|  56|0x0000000083800000, 0x0000000083800000, 0x0000000083900000|  0%| F|  |TAMS 0x0000000083800000, 0x0000000083800000| Untracked 
|  57|0x0000000083900000, 0x0000000083900000, 0x0000000083a00000|  0%| F|  |TAMS 0x0000000083900000, 0x0000000083900000| Untracked 
|  58|0x0000000083a00000, 0x0000000083a00000, 0x0000000083b00000|  0%| F|  |TAMS 0x0000000083a00000, 0x0000000083a00000| Untracked 
|  59|0x0000000083b00000, 0x0000000083b00000, 0x0000000083c00000|  0%| F|  |TAMS 0x0000000083b00000, 0x0000000083b00000| Untracked 
|  60|0x0000000083c00000, 0x0000000083c00000, 0x0000000083d00000|  0%| F|  |TAMS 0x0000000083c00000, 0x0000000083c00000| Untracked 
|  61|0x0000000083d00000, 0x0000000083d00000, 0x0000000083e00000|  0%| F|  |TAMS 0x0000000083d00000, 0x0000000083d00000| Untracked 
|  62|0x0000000083e00000, 0x0000000083e00000, 0x0000000083f00000|  0%| F|  |TAMS 0x0000000083e00000, 0x0000000083e00000| Untracked 
|  63|0x0000000083f00000, 0x0000000083f00000, 0x0000000084000000|  0%| F|  |TAMS 0x0000000083f00000, 0x0000000083f00000| Untracked 
|  64|0x0000000084000000, 0x0000000084000000, 0x0000000084100000|  0%| F|  |TAMS 0x0000000084000000, 0x0000000084000000| Untracked 
|  65|0x0000000084100000, 0x0000000084100000, 0x0000000084200000|  0%| F|  |TAMS 0x0000000084100000, 0x0000000084100000| Untracked 
|  66|0x0000000084200000, 0x0000000084200000, 0x0000000084300000|  0%| F|  |TAMS 0x0000000084200000, 0x0000000084200000| Untracked 
|  67|0x0000000084300000, 0x0000000084300000, 0x0000000084400000|  0%| F|  |TAMS 0x0000000084300000, 0x0000000084300000| Untracked 
|  68|0x0000000084400000, 0x0000000084400000, 0x0000000084500000|  0%| F|  |TAMS 0x0000000084400000, 0x0000000084400000| Untracked 
|  69|0x0000000084500000, 0x0000000084500000, 0x0000000084600000|  0%| F|  |TAMS 0x0000000084500000, 0x0000000084500000| Untracked 
|  70|0x0000000084600000, 0x0000000084600000, 0x0000000084700000|  0%| F|  |TAMS 0x0000000084600000, 0x0000000084600000| Untracked 
|  71|0x0000000084700000, 0x0000000084700000, 0x0000000084800000|  0%| F|  |TAMS 0x0000000084700000, 0x0000000084700000| Untracked 
|  72|0x0000000084800000, 0x0000000084800000, 0x0000000084900000|  0%| F|  |TAMS 0x0000000084800000, 0x0000000084800000| Untracked 
|  73|0x0000000084900000, 0x0000000084900000, 0x0000000084a00000|  0%| F|  |TAMS 0x0000000084900000, 0x0000000084900000| Untracked 
|  74|0x0000000084a00000, 0x0000000084a00000, 0x0000000084b00000|  0%| F|  |TAMS 0x0000000084a00000, 0x0000000084a00000| Untracked 
|  75|0x0000000084b00000, 0x0000000084b00000, 0x0000000084c00000|  0%| F|  |TAMS 0x0000000084b00000, 0x0000000084b00000| Untracked 
|  76|0x0000000084c00000, 0x0000000084c00000, 0x0000000084d00000|  0%| F|  |TAMS 0x0000000084c00000, 0x0000000084c00000| Untracked 
|  77|0x0000000084d00000, 0x0000000084d00000, 0x0000000084e00000|  0%| F|  |TAMS 0x0000000084d00000, 0x0000000084d00000| Untracked 
|  78|0x0000000084e00000, 0x0000000084e00000, 0x0000000084f00000|  0%| F|  |TAMS 0x0000000084e00000, 0x0000000084e00000| Untracked 
|  79|0x0000000084f00000, 0x0000000084f00000, 0x0000000085000000|  0%| F|  |TAMS 0x0000000084f00000, 0x0000000084f00000| Untracked 
|  80|0x0000000085000000, 0x0000000085000000, 0x0000000085100000|  0%| F|  |TAMS 0x0000000085000000, 0x0000000085000000| Untracked 
|  81|0x0000000085100000, 0x0000000085100000, 0x0000000085200000|  0%| F|  |TAMS 0x0000000085100000, 0x0000000085100000| Untracked 
|  82|0x0000000085200000, 0x0000000085200000, 0x0000000085300000|  0%| F|  |TAMS 0x0000000085200000, 0x0000000085200000| Untracked 
|  83|0x0000000085300000, 0x0000000085300000, 0x0000000085400000|  0%| F|  |TAMS 0x0000000085300000, 0x0000000085300000| Untracked 
|  84|0x0000000085400000, 0x0000000085400000, 0x0000000085500000|  0%| F|  |TAMS 0x0000000085400000, 0x0000000085400000| Untracked 
|  85|0x0000000085500000, 0x0000000085500000, 0x0000000085600000|  0%| F|  |TAMS 0x0000000085500000, 0x0000000085500000| Untracked 
|  86|0x0000000085600000, 0x0000000085600000, 0x0000000085700000|  0%| F|  |TAMS 0x0000000085600000, 0x0000000085600000| Untracked 
|  87|0x0000000085700000, 0x0000000085700000, 0x0000000085800000|  0%| F|  |TAMS 0x0000000085700000, 0x0000000085700000| Untracked 
|  88|0x0000000085800000, 0x0000000085800000, 0x0000000085900000|  0%| F|  |TAMS 0x0000000085800000, 0x0000000085800000| Untracked 
|  89|0x0000000085900000, 0x0000000085900000, 0x0000000085a00000|  0%| F|  |TAMS 0x0000000085900000, 0x0000000085900000| Untracked 
|  90|0x0000000085a00000, 0x0000000085a00000, 0x0000000085b00000|  0%| F|  |TAMS 0x0000000085a00000, 0x0000000085a00000| Untracked 
|  91|0x0000000085b00000, 0x0000000085b00000, 0x0000000085c00000|  0%| F|  |TAMS 0x0000000085b00000, 0x0000000085b00000| Untracked 
|  92|0x0000000085c00000, 0x0000000085c00000, 0x0000000085d00000|  0%| F|  |TAMS 0x0000000085c00000, 0x0000000085c00000| Untracked 
|  93|0x0000000085d00000, 0x0000000085d00000, 0x0000000085e00000|  0%| F|  |TAMS 0x0000000085d00000, 0x0000000085d00000| Untracked 
|  94|0x0000000085e00000, 0x0000000085e00000, 0x0000000085f00000|  0%| F|  |TAMS 0x0000000085e00000, 0x0000000085e00000| Untracked 
|  95|0x0000000085f00000, 0x0000000085f00000, 0x0000000086000000|  0%| F|  |TAMS 0x0000000085f00000, 0x0000000085f00000| Untracked 
|  96|0x0000000086000000, 0x0000000086000000, 0x0000000086100000|  0%| F|  |TAMS 0x0000000086000000, 0x0000000086000000| Untracked 
|  97|0x0000000086100000, 0x0000000086100000, 0x0000000086200000|  0%| F|  |TAMS 0x0000000086100000, 0x0000000086100000| Untracked 
|  98|0x0000000086200000, 0x0000000086200000, 0x0000000086300000|  0%| F|  |TAMS 0x0000000086200000, 0x0000000086200000| Untracked 
|  99|0x0000000086300000, 0x0000000086300000, 0x0000000086400000|  0%| F|  |TAMS 0x0000000086300000, 0x0000000086300000| Untracked 
| 100|0x0000000086400000, 0x0000000086400000, 0x0000000086500000|  0%| F|  |TAMS 0x0000000086400000, 0x0000000086400000| Untracked 
| 101|0x0000000086500000, 0x0000000086500000, 0x0000000086600000|  0%| F|  |TAMS 0x0000000086500000, 0x0000000086500000| Untracked 
| 102|0x0000000086600000, 0x0000000086600000, 0x0000000086700000|  0%| F|  |TAMS 0x0000000086600000, 0x0000000086600000| Untracked 
| 103|0x0000000086700000, 0x0000000086700000, 0x0000000086800000|  0%| F|  |TAMS 0x0000000086700000, 0x0000000086700000| Untracked 
| 104|0x0000000086800000, 0x0000000086800000, 0x0000000086900000|  0%| F|  |TAMS 0x0000000086800000, 0x0000000086800000| Untracked 
| 105|0x0000000086900000, 0x0000000086900000, 0x0000000086a00000|  0%| F|  |TAMS 0x0000000086900000, 0x0000000086900000| Untracked 
| 106|0x0000000086a00000, 0x0000000086a00000, 0x0000000086b00000|  0%| F|  |TAMS 0x0000000086a00000, 0x0000000086a00000| Untracked 
| 107|0x0000000086b00000, 0x0000000086b00000, 0x0000000086c00000|  0%| F|  |TAMS 0x0000000086b00000, 0x0000000086b00000| Untracked 
| 108|0x0000000086c00000, 0x0000000086c00000, 0x0000000086d00000|  0%| F|  |TAMS 0x0000000086c00000, 0x0000000086c00000| Untracked 
| 109|0x0000000086d00000, 0x0000000086d00000, 0x0000000086e00000|  0%| F|  |TAMS 0x0000000086d00000, 0x0000000086d00000| Untracked 
| 110|0x0000000086e00000, 0x0000000086e00000, 0x0000000086f00000|  0%| F|  |TAMS 0x0000000086e00000, 0x0000000086e00000| Untracked 
| 111|0x0000000086f00000, 0x0000000086f00000, 0x0000000087000000|  0%| F|  |TAMS 0x0000000086f00000, 0x0000000086f00000| Untracked 
| 112|0x0000000087000000, 0x0000000087000000, 0x0000000087100000|  0%| F|  |TAMS 0x0000000087000000, 0x0000000087000000| Untracked 
| 113|0x0000000087100000, 0x0000000087100000, 0x0000000087200000|  0%| F|  |TAMS 0x0000000087100000, 0x0000000087100000| Untracked 
| 114|0x0000000087200000, 0x0000000087200000, 0x0000000087300000|  0%| F|  |TAMS 0x0000000087200000, 0x0000000087200000| Untracked 
| 115|0x0000000087300000, 0x0000000087300000, 0x0000000087400000|  0%| F|  |TAMS 0x0000000087300000, 0x0000000087300000| Untracked 
| 116|0x0000000087400000, 0x0000000087400000, 0x0000000087500000|  0%| F|  |TAMS 0x0000000087400000, 0x0000000087400000| Untracked 
| 117|0x0000000087500000, 0x0000000087500000, 0x0000000087600000|  0%| F|  |TAMS 0x0000000087500000, 0x0000000087500000| Untracked 
| 118|0x0000000087600000, 0x0000000087600000, 0x0000000087700000|  0%| F|  |TAMS 0x0000000087600000, 0x0000000087600000| Untracked 
| 119|0x0000000087700000, 0x0000000087700000, 0x0000000087800000|  0%| F|  |TAMS 0x0000000087700000, 0x0000000087700000| Untracked 
| 120|0x0000000087800000, 0x0000000087800000, 0x0000000087900000|  0%| F|  |TAMS 0x0000000087800000, 0x0000000087800000| Untracked 
| 121|0x0000000087900000, 0x0000000087900000, 0x0000000087a00000|  0%| F|  |TAMS 0x0000000087900000, 0x0000000087900000| Untracked 
| 122|0x0000000087a00000, 0x0000000087a00000, 0x0000000087b00000|  0%| F|  |TAMS 0x0000000087a00000, 0x0000000087a00000| Untracked 
| 123|0x0000000087b00000, 0x0000000087b00000, 0x0000000087c00000|  0%| F|  |TAMS 0x0000000087b00000, 0x0000000087b00000| Untracked 
| 124|0x0000000087c00000, 0x0000000087c00000, 0x0000000087d00000|  0%| F|  |TAMS 0x0000000087c00000, 0x0000000087c00000| Untracked 
| 125|0x0000000087d00000, 0x0000000087d00000, 0x0000000087e00000|  0%| F|  |TAMS 0x0000000087d00000, 0x0000000087d00000| Untracked 
| 126|0x0000000087e00000, 0x0000000087e00000, 0x0000000087f00000|  0%| F|  |TAMS 0x0000000087e00000, 0x0000000087e00000| Untracked 
| 127|0x0000000087f00000, 0x0000000087f00000, 0x0000000088000000|  0%| F|  |TAMS 0x0000000087f00000, 0x0000000087f00000| Untracked 
| 128|0x0000000088000000, 0x0000000088000000, 0x0000000088100000|  0%| F|  |TAMS 0x0000000088000000, 0x0000000088000000| Untracked 
| 129|0x0000000088100000, 0x0000000088100000, 0x0000000088200000|  0%| F|  |TAMS 0x0000000088100000, 0x0000000088100000| Untracked 
| 130|0x0000000088200000, 0x0000000088200000, 0x0000000088300000|  0%| F|  |TAMS 0x0000000088200000, 0x0000000088200000| Untracked 
| 131|0x0000000088300000, 0x0000000088300000, 0x0000000088400000|  0%| F|  |TAMS 0x0000000088300000, 0x0000000088300000| Untracked 
| 132|0x0000000088400000, 0x0000000088400000, 0x0000000088500000|  0%| F|  |TAMS 0x0000000088400000, 0x0000000088400000| Untracked 
| 133|0x0000000088500000, 0x0000000088500000, 0x0000000088600000|  0%| F|  |TAMS 0x0000000088500000, 0x0000000088500000| Untracked 
| 134|0x0000000088600000, 0x0000000088600000, 0x0000000088700000|  0%| F|  |TAMS 0x0000000088600000, 0x0000000088600000| Untracked 
| 135|0x0000000088700000, 0x0000000088700000, 0x0000000088800000|  0%| F|  |TAMS 0x0000000088700000, 0x0000000088700000| Untracked 
| 136|0x0000000088800000, 0x0000000088800000, 0x0000000088900000|  0%| F|  |TAMS 0x0000000088800000, 0x0000000088800000| Untracked 
| 137|0x0000000088900000, 0x0000000088900000, 0x0000000088a00000|  0%| F|  |TAMS 0x0000000088900000, 0x0000000088900000| Untracked 
| 138|0x0000000088a00000, 0x0000000088a00000, 0x0000000088b00000|  0%| F|  |TAMS 0x0000000088a00000, 0x0000000088a00000| Untracked 
| 139|0x0000000088b00000, 0x0000000088b00000, 0x0000000088c00000|  0%| F|  |TAMS 0x0000000088b00000, 0x0000000088b00000| Untracked 
| 140|0x0000000088c00000, 0x0000000088c00000, 0x0000000088d00000|  0%| F|  |TAMS 0x0000000088c00000, 0x0000000088c00000| Untracked 
| 141|0x0000000088d00000, 0x0000000088d00000, 0x0000000088e00000|  0%| F|  |TAMS 0x0000000088d00000, 0x0000000088d00000| Untracked 
| 142|0x0000000088e00000, 0x0000000088e00000, 0x0000000088f00000|  0%| F|  |TAMS 0x0000000088e00000, 0x0000000088e00000| Untracked 
| 143|0x0000000088f00000, 0x0000000088f00000, 0x0000000089000000|  0%| F|  |TAMS 0x0000000088f00000, 0x0000000088f00000| Untracked 
| 144|0x0000000089000000, 0x0000000089000000, 0x0000000089100000|  0%| F|  |TAMS 0x0000000089000000, 0x0000000089000000| Untracked 
| 145|0x0000000089100000, 0x0000000089100000, 0x0000000089200000|  0%| F|  |TAMS 0x0000000089100000, 0x0000000089100000| Untracked 
| 146|0x0000000089200000, 0x0000000089200000, 0x0000000089300000|  0%| F|  |TAMS 0x0000000089200000, 0x0000000089200000| Untracked 
| 147|0x0000000089300000, 0x0000000089300000, 0x0000000089400000|  0%| F|  |TAMS 0x0000000089300000, 0x0000000089300000| Untracked 
| 148|0x0000000089400000, 0x0000000089400000, 0x0000000089500000|  0%| F|  |TAMS 0x0000000089400000, 0x0000000089400000| Untracked 
| 149|0x0000000089500000, 0x0000000089500000, 0x0000000089600000|  0%| F|  |TAMS 0x0000000089500000, 0x0000000089500000| Untracked 
| 150|0x0000000089600000, 0x0000000089600000, 0x0000000089700000|  0%| F|  |TAMS 0x0000000089600000, 0x0000000089600000| Untracked 
| 151|0x0000000089700000, 0x0000000089700000, 0x0000000089800000|  0%| F|  |TAMS 0x0000000089700000, 0x0000000089700000| Untracked 
| 152|0x0000000089800000, 0x0000000089800000, 0x0000000089900000|  0%| F|  |TAMS 0x0000000089800000, 0x0000000089800000| Untracked 
| 153|0x0000000089900000, 0x0000000089900000, 0x0000000089a00000|  0%| F|  |TAMS 0x0000000089900000, 0x0000000089900000| Untracked 
| 154|0x0000000089a00000, 0x0000000089a00000, 0x0000000089b00000|  0%| F|  |TAMS 0x0000000089a00000, 0x0000000089a00000| Untracked 
| 155|0x0000000089b00000, 0x0000000089b00000, 0x0000000089c00000|  0%| F|  |TAMS 0x0000000089b00000, 0x0000000089b00000| Untracked 
| 156|0x0000000089c00000, 0x0000000089c00000, 0x0000000089d00000|  0%| F|  |TAMS 0x0000000089c00000, 0x0000000089c00000| Untracked 
| 157|0x0000000089d00000, 0x0000000089d00000, 0x0000000089e00000|  0%| F|  |TAMS 0x0000000089d00000, 0x0000000089d00000| Untracked 
| 158|0x0000000089e00000, 0x0000000089e00000, 0x0000000089f00000|  0%| F|  |TAMS 0x0000000089e00000, 0x0000000089e00000| Untracked 
| 159|0x0000000089f00000, 0x0000000089f00000, 0x000000008a000000|  0%| F|  |TAMS 0x0000000089f00000, 0x0000000089f00000| Untracked 
| 160|0x000000008a000000, 0x000000008a000000, 0x000000008a100000|  0%| F|  |TAMS 0x000000008a000000, 0x000000008a000000| Untracked 
| 161|0x000000008a100000, 0x000000008a100000, 0x000000008a200000|  0%| F|  |TAMS 0x000000008a100000, 0x000000008a100000| Untracked 
| 162|0x000000008a200000, 0x000000008a200000, 0x000000008a300000|  0%| F|  |TAMS 0x000000008a200000, 0x000000008a200000| Untracked 
| 163|0x000000008a300000, 0x000000008a300000, 0x000000008a400000|  0%| F|  |TAMS 0x000000008a300000, 0x000000008a300000| Untracked 
| 164|0x000000008a400000, 0x000000008a400000, 0x000000008a500000|  0%| F|  |TAMS 0x000000008a400000, 0x000000008a400000| Untracked 
| 165|0x000000008a500000, 0x000000008a500000, 0x000000008a600000|  0%| F|  |TAMS 0x000000008a500000, 0x000000008a500000| Untracked 
| 166|0x000000008a600000, 0x000000008a600000, 0x000000008a700000|  0%| F|  |TAMS 0x000000008a600000, 0x000000008a600000| Untracked 
| 167|0x000000008a700000, 0x000000008a700000, 0x000000008a800000|  0%| F|  |TAMS 0x000000008a700000, 0x000000008a700000| Untracked 
| 168|0x000000008a800000, 0x000000008a800000, 0x000000008a900000|  0%| F|  |TAMS 0x000000008a800000, 0x000000008a800000| Untracked 
| 169|0x000000008a900000, 0x000000008a900000, 0x000000008aa00000|  0%| F|  |TAMS 0x000000008a900000, 0x000000008a900000| Untracked 
| 170|0x000000008aa00000, 0x000000008aa00000, 0x000000008ab00000|  0%| F|  |TAMS 0x000000008aa00000, 0x000000008aa00000| Untracked 
| 171|0x000000008ab00000, 0x000000008ab00000, 0x000000008ac00000|  0%| F|  |TAMS 0x000000008ab00000, 0x000000008ab00000| Untracked 
| 172|0x000000008ac00000, 0x000000008ac00000, 0x000000008ad00000|  0%| F|  |TAMS 0x000000008ac00000, 0x000000008ac00000| Untracked 
| 173|0x000000008ad00000, 0x000000008ad00000, 0x000000008ae00000|  0%| F|  |TAMS 0x000000008ad00000, 0x000000008ad00000| Untracked 
| 174|0x000000008ae00000, 0x000000008ae00000, 0x000000008af00000|  0%| F|  |TAMS 0x000000008ae00000, 0x000000008ae00000| Untracked 
| 175|0x000000008af00000, 0x000000008af00000, 0x000000008b000000|  0%| F|  |TAMS 0x000000008af00000, 0x000000008af00000| Untracked 
| 176|0x000000008b000000, 0x000000008b000000, 0x000000008b100000|  0%| F|  |TAMS 0x000000008b000000, 0x000000008b000000| Untracked 
| 177|0x000000008b100000, 0x000000008b100000, 0x000000008b200000|  0%| F|  |TAMS 0x000000008b100000, 0x000000008b100000| Untracked 
| 178|0x000000008b200000, 0x000000008b200000, 0x000000008b300000|  0%| F|  |TAMS 0x000000008b200000, 0x000000008b200000| Untracked 
| 179|0x000000008b300000, 0x000000008b300000, 0x000000008b400000|  0%| F|  |TAMS 0x000000008b300000, 0x000000008b300000| Untracked 
| 180|0x000000008b400000, 0x000000008b400000, 0x000000008b500000|  0%| F|  |TAMS 0x000000008b400000, 0x000000008b400000| Untracked 
| 181|0x000000008b500000, 0x000000008b500000, 0x000000008b600000|  0%| F|  |TAMS 0x000000008b500000, 0x000000008b500000| Untracked 
| 182|0x000000008b600000, 0x000000008b600000, 0x000000008b700000|  0%| F|  |TAMS 0x000000008b600000, 0x000000008b600000| Untracked 
| 183|0x000000008b700000, 0x000000008b700000, 0x000000008b800000|  0%| F|  |TAMS 0x000000008b700000, 0x000000008b700000| Untracked 
| 184|0x000000008b800000, 0x000000008b800000, 0x000000008b900000|  0%| F|  |TAMS 0x000000008b800000, 0x000000008b800000| Untracked 
| 185|0x000000008b900000, 0x000000008b900000, 0x000000008ba00000|  0%| F|  |TAMS 0x000000008b900000, 0x000000008b900000| Untracked 
| 186|0x000000008ba00000, 0x000000008ba00000, 0x000000008bb00000|  0%| F|  |TAMS 0x000000008ba00000, 0x000000008ba00000| Untracked 
| 187|0x000000008bb00000, 0x000000008bb00000, 0x000000008bc00000|  0%| F|  |TAMS 0x000000008bb00000, 0x000000008bb00000| Untracked 
| 188|0x000000008bc00000, 0x000000008bc80000, 0x000000008bd00000| 50%| E|  |TAMS 0x000000008bc00000, 0x000000008bc00000| Complete 
| 189|0x000000008bd00000, 0x000000008be00000, 0x000000008be00000|100%| E|CS|TAMS 0x000000008bd00000, 0x000000008bd00000| Complete 
| 190|0x000000008be00000, 0x000000008bf00000, 0x000000008bf00000|100%| E|CS|TAMS 0x000000008be00000, 0x000000008be00000| Complete 
| 191|0x000000008bf00000, 0x000000008c000000, 0x000000008c000000|100%| E|CS|TAMS 0x000000008bf00000, 0x000000008bf00000| Complete 
| 192|0x000000008c000000, 0x000000008c100000, 0x000000008c100000|100%| E|CS|TAMS 0x000000008c000000, 0x000000008c000000| Complete 
| 193|0x000000008c100000, 0x000000008c200000, 0x000000008c200000|100%| E|CS|TAMS 0x000000008c100000, 0x000000008c100000| Complete 
| 194|0x000000008c200000, 0x000000008c273fb0, 0x000000008c300000| 45%| S|CS|TAMS 0x000000008c200000, 0x000000008c200000| Complete 
| 195|0x000000008c300000, 0x000000008c400000, 0x000000008c400000|100%| S|CS|TAMS 0x000000008c300000, 0x000000008c300000| Complete 
| 196|0x000000008c400000, 0x000000008c500000, 0x000000008c500000|100%| S|CS|TAMS 0x000000008c400000, 0x000000008c400000| Complete 
| 197|0x000000008c500000, 0x000000008c600000, 0x000000008c600000|100%| S|CS|TAMS 0x000000008c500000, 0x000000008c500000| Complete 
| 198|0x000000008c600000, 0x000000008c700000, 0x000000008c700000|100%| S|CS|TAMS 0x000000008c600000, 0x000000008c600000| Complete 
| 199|0x000000008c700000, 0x000000008c800000, 0x000000008c800000|100%| E|CS|TAMS 0x000000008c700000, 0x000000008c700000| Complete 
| 200|0x000000008c800000, 0x000000008c900000, 0x000000008c900000|100%| E|CS|TAMS 0x000000008c800000, 0x000000008c800000| Complete 
| 201|0x000000008c900000, 0x000000008ca00000, 0x000000008ca00000|100%| E|CS|TAMS 0x000000008c900000, 0x000000008c900000| Complete 
| 202|0x000000008ca00000, 0x000000008cb00000, 0x000000008cb00000|100%| E|CS|TAMS 0x000000008ca00000, 0x000000008ca00000| Complete 
| 203|0x000000008cb00000, 0x000000008cc00000, 0x000000008cc00000|100%| E|CS|TAMS 0x000000008cb00000, 0x000000008cb00000| Complete 
| 204|0x000000008cc00000, 0x000000008cd00000, 0x000000008cd00000|100%| E|CS|TAMS 0x000000008cc00000, 0x000000008cc00000| Complete 
| 205|0x000000008cd00000, 0x000000008ce00000, 0x000000008ce00000|100%| E|CS|TAMS 0x000000008cd00000, 0x000000008cd00000| Complete 
| 206|0x000000008ce00000, 0x000000008cf00000, 0x000000008cf00000|100%| E|CS|TAMS 0x000000008ce00000, 0x000000008ce00000| Complete 
| 207|0x000000008cf00000, 0x000000008d000000, 0x000000008d000000|100%| E|CS|TAMS 0x000000008cf00000, 0x000000008cf00000| Complete 
| 208|0x000000008d000000, 0x000000008d100000, 0x000000008d100000|100%| E|CS|TAMS 0x000000008d000000, 0x000000008d000000| Complete 
| 209|0x000000008d100000, 0x000000008d200000, 0x000000008d200000|100%| E|CS|TAMS 0x000000008d100000, 0x000000008d100000| Complete 
| 210|0x000000008d200000, 0x000000008d300000, 0x000000008d300000|100%| E|CS|TAMS 0x000000008d200000, 0x000000008d200000| Complete 
| 211|0x000000008d300000, 0x000000008d400000, 0x000000008d400000|100%| E|CS|TAMS 0x000000008d300000, 0x000000008d300000| Complete 
| 212|0x000000008d400000, 0x000000008d500000, 0x000000008d500000|100%| E|CS|TAMS 0x000000008d400000, 0x000000008d400000| Complete 
| 213|0x000000008d500000, 0x000000008d600000, 0x000000008d600000|100%| E|CS|TAMS 0x000000008d500000, 0x000000008d500000| Complete 
| 214|0x000000008d600000, 0x000000008d700000, 0x000000008d700000|100%| E|CS|TAMS 0x000000008d600000, 0x000000008d600000| Complete 
| 215|0x000000008d700000, 0x000000008d800000, 0x000000008d800000|100%| E|CS|TAMS 0x000000008d700000, 0x000000008d700000| Complete 
| 216|0x000000008d800000, 0x000000008d900000, 0x000000008d900000|100%| E|CS|TAMS 0x000000008d800000, 0x000000008d800000| Complete 
| 217|0x000000008d900000, 0x000000008da00000, 0x000000008da00000|100%| E|CS|TAMS 0x000000008d900000, 0x000000008d900000| Complete 
| 218|0x000000008da00000, 0x000000008db00000, 0x000000008db00000|100%| E|CS|TAMS 0x000000008da00000, 0x000000008da00000| Complete 
| 219|0x000000008db00000, 0x000000008dc00000, 0x000000008dc00000|100%| E|CS|TAMS 0x000000008db00000, 0x000000008db00000| Complete 
| 220|0x000000008dc00000, 0x000000008dd00000, 0x000000008dd00000|100%| E|CS|TAMS 0x000000008dc00000, 0x000000008dc00000| Complete 
| 221|0x000000008dd00000, 0x000000008de00000, 0x000000008de00000|100%| E|CS|TAMS 0x000000008dd00000, 0x000000008dd00000| Complete 
| 222|0x000000008de00000, 0x000000008df00000, 0x000000008df00000|100%| E|CS|TAMS 0x000000008de00000, 0x000000008de00000| Complete 
| 223|0x000000008df00000, 0x000000008e000000, 0x000000008e000000|100%| E|CS|TAMS 0x000000008df00000, 0x000000008df00000| Complete 
| 224|0x000000008e000000, 0x000000008e100000, 0x000000008e100000|100%| E|CS|TAMS 0x000000008e000000, 0x000000008e000000| Complete 
| 225|0x000000008e100000, 0x000000008e200000, 0x000000008e200000|100%| E|CS|TAMS 0x000000008e100000, 0x000000008e100000| Complete 
| 226|0x000000008e200000, 0x000000008e300000, 0x000000008e300000|100%| E|CS|TAMS 0x000000008e200000, 0x000000008e200000| Complete 
| 227|0x000000008e300000, 0x000000008e400000, 0x000000008e400000|100%| E|CS|TAMS 0x000000008e300000, 0x000000008e300000| Complete 
| 228|0x000000008e400000, 0x000000008e500000, 0x000000008e500000|100%| E|CS|TAMS 0x000000008e400000, 0x000000008e400000| Complete 
| 229|0x000000008e500000, 0x000000008e600000, 0x000000008e600000|100%| E|CS|TAMS 0x000000008e500000, 0x000000008e500000| Complete 
| 230|0x000000008e600000, 0x000000008e700000, 0x000000008e700000|100%| E|CS|TAMS 0x000000008e600000, 0x000000008e600000| Complete 
| 231|0x000000008e700000, 0x000000008e800000, 0x000000008e800000|100%| E|CS|TAMS 0x000000008e700000, 0x000000008e700000| Complete 
| 232|0x000000008e800000, 0x000000008e900000, 0x000000008e900000|100%| E|CS|TAMS 0x000000008e800000, 0x000000008e800000| Complete 
| 233|0x000000008e900000, 0x000000008ea00000, 0x000000008ea00000|100%| E|CS|TAMS 0x000000008e900000, 0x000000008e900000| Complete 
| 234|0x000000008ea00000, 0x000000008eb00000, 0x000000008eb00000|100%| E|CS|TAMS 0x000000008ea00000, 0x000000008ea00000| Complete 
| 235|0x000000008eb00000, 0x000000008ec00000, 0x000000008ec00000|100%| E|CS|TAMS 0x000000008eb00000, 0x000000008eb00000| Complete 
| 236|0x000000008ec00000, 0x000000008ed00000, 0x000000008ed00000|100%| E|CS|TAMS 0x000000008ec00000, 0x000000008ec00000| Complete 
| 237|0x000000008ed00000, 0x000000008ee00000, 0x000000008ee00000|100%| E|CS|TAMS 0x000000008ed00000, 0x000000008ed00000| Complete 
| 238|0x000000008ee00000, 0x000000008ef00000, 0x000000008ef00000|100%| E|CS|TAMS 0x000000008ee00000, 0x000000008ee00000| Complete 
| 239|0x000000008ef00000, 0x000000008f000000, 0x000000008f000000|100%| E|CS|TAMS 0x000000008ef00000, 0x000000008ef00000| Complete 
| 240|0x000000008f000000, 0x000000008f100000, 0x000000008f100000|100%| E|CS|TAMS 0x000000008f000000, 0x000000008f000000| Complete 
| 241|0x000000008f100000, 0x000000008f200000, 0x000000008f200000|100%| E|CS|TAMS 0x000000008f100000, 0x000000008f100000| Complete 
| 242|0x000000008f200000, 0x000000008f300000, 0x000000008f300000|100%| E|CS|TAMS 0x000000008f200000, 0x000000008f200000| Complete 
| 243|0x000000008f300000, 0x000000008f400000, 0x000000008f400000|100%| E|CS|TAMS 0x000000008f300000, 0x000000008f300000| Complete 
| 244|0x000000008f400000, 0x000000008f500000, 0x000000008f500000|100%| E|CS|TAMS 0x000000008f400000, 0x000000008f400000| Complete 
| 245|0x000000008f500000, 0x000000008f600000, 0x000000008f600000|100%| E|CS|TAMS 0x000000008f500000, 0x000000008f500000| Complete 
| 246|0x000000008f600000, 0x000000008f700000, 0x000000008f700000|100%| E|CS|TAMS 0x000000008f600000, 0x000000008f600000| Complete 
| 247|0x000000008f700000, 0x000000008f800000, 0x000000008f800000|100%| E|CS|TAMS 0x000000008f700000, 0x000000008f700000| Complete 

Card table byte_map: [0x000001f3f7b70000,0x000001f3f7f70000] _byte_map_base: 0x000001f3f7770000

Marking Bits (Prev, Next): (CMBitMap*) 0x000001f3ef73c0f0, (CMBitMap*) 0x000001f3ef73c130
 Prev Bits: [0x000001f3f8370000, 0x000001f3fa370000)
 Next Bits: [0x000001f3fa370000, 0x000001f3fc370000)

Polling page: 0x000001f3ed560000

Metaspace:

Usage:
  Non-class:     12.68 MB used.
      Class:      2.01 MB used.
       Both:     14.70 MB used.

Virtual space:
  Non-class space:       64.00 MB reserved,      12.81 MB ( 20%) committed,  1 nodes.
      Class space:        1.00 GB reserved,       2.12 MB ( <1%) committed,  1 nodes.
             Both:        1.06 GB reserved,      14.94 MB (  1%) committed. 

Chunk freelists:
   Non-Class:  3.17 MB
       Class:  13.90 MB
        Both:  17.08 MB

MaxMetaspaceSize: unlimited
CompressedClassSpaceSize: 1.00 GB
Initial GC threshold: 21.00 MB
Current GC threshold: 21.00 MB
CDS: on
MetaspaceReclaimPolicy: balanced
 - commit_granule_bytes: 65536.
 - commit_granule_words: 8192.
 - virtual_space_node_default_size: 8388608.
 - enlarge_chunks_in_place: 1.
 - new_chunks_are_fully_committed: 0.
 - uncommit_free_chunks: 1.
 - use_allocation_guard: 0.
 - handle_deallocations: 1.


Internal statistics:

num_allocs_failed_limit: 0.
num_arena_births: 202.
num_arena_deaths: 0.
num_vsnodes_births: 2.
num_vsnodes_deaths: 0.
num_space_committed: 239.
num_space_uncommitted: 0.
num_chunks_returned_to_freelist: 0.
num_chunks_taken_from_freelist: 669.
num_chunk_merges: 0.
num_chunk_splits: 444.
num_chunks_enlarged: 331.
num_inconsistent_stats: 0.

CodeHeap 'non-profiled nmethods': size=120000Kb used=1215Kb max_used=1215Kb free=118784Kb
 bounds [0x000001f387ad0000, 0x000001f387d40000, 0x000001f38f000000]
CodeHeap 'profiled nmethods': size=120000Kb used=4718Kb max_used=4718Kb free=115281Kb
 bounds [0x000001f380000000, 0x000001f3804a0000, 0x000001f387530000]
CodeHeap 'non-nmethods': size=5760Kb used=1225Kb max_used=1240Kb free=4534Kb
 bounds [0x000001f387530000, 0x000001f3877a0000, 0x000001f387ad0000]
 total_blobs=2897 nmethods=2368 adapters=441
 compilation: enabled
              stopped_count=0, restarted_count=0
 full_count=0

Compilation events (20 events):
Event: 3.226 Thread 0x000001f3ff038ce0 nmethod 2363 0x000001f380495210 code [0x000001f3804953a0, 0x000001f380495518]
Event: 3.226 Thread 0x000001f3ff038ce0 2360       3       jdk.internal.org.objectweb.asm.SymbolTable::setMajorVersionAndClassName (19 bytes)
Event: 3.227 Thread 0x000001f3ff038ce0 nmethod 2360 0x000001f380495610 code [0x000001f3804957c0, 0x000001f3804959c8]
Event: 3.227 Thread 0x000001f3ff038ce0 2364       1       jdk.internal.reflect.DelegatingMethodAccessorImpl::setDelegate (6 bytes)
Event: 3.227 Thread 0x000001f3ff038ce0 nmethod 2364 0x000001f387bff090 code [0x000001f387bff220, 0x000001f387bff338]
Event: 3.227 Thread 0x000001f3ff038ce0 2365       1       java.util.concurrent.atomic.AtomicInteger::get (5 bytes)
Event: 3.227 Thread 0x000001f3ff038ce0 nmethod 2365 0x000001f387bff390 code [0x000001f387bff520, 0x000001f387bff5f8]
Event: 3.237 Thread 0x000001f3ff038ce0 2367       3       jdk.internal.reflect.MethodAccessorImpl::<init> (5 bytes)
Event: 3.237 Thread 0x000001f3ff038ce0 nmethod 2367 0x000001f380495b10 code [0x000001f380495cc0, 0x000001f380495e78]
Event: 3.238 Thread 0x000001f3ff038ce0 2368       3       java.lang.invoke.TypeConvertingMethodAdapter::convertType (299 bytes)
Event: 3.241 Thread 0x000001f3ff038ce0 nmethod 2368 0x000001f380495f90 code [0x000001f3804965a0, 0x000001f380499a28]
Event: 3.241 Thread 0x000001f3ff038ce0 2369       1       java.lang.reflect.Method::getMethodAccessor (5 bytes)
Event: 3.241 Thread 0x000001f3ff038ce0 nmethod 2369 0x000001f387bff690 code [0x000001f387bff820, 0x000001f387bff8f8]
Event: 3.241 Thread 0x000001f3ff038ce0 2370       1       jdk.internal.reflect.NativeMethodAccessorImpl::setParent (6 bytes)
Event: 3.241 Thread 0x000001f3ff038ce0 nmethod 2370 0x000001f387bff990 code [0x000001f387bffb20, 0x000001f387bffc38]
Event: 3.259 Thread 0x000001f3ff038ce0 2371       3       com.google.common.collect.ImmutableList$Builder::getReadyToExpandTo (66 bytes)
Event: 3.260 Thread 0x000001f3ff038ce0 nmethod 2371 0x000001f38049ab90 code [0x000001f38049ad80, 0x000001f38049b1c8]
Event: 3.260 Thread 0x000001f3ff038ce0 2372       3       com.google.common.collect.ImmutableList$Builder::add (34 bytes)
Event: 3.260 Thread 0x000001f3ff038ce0 nmethod 2372 0x000001f38049b390 code [0x000001f38049b560, 0x000001f38049b9d8]
Event: 3.260 Thread 0x000001f3ff038ce0 2374       3       org.gradle.internal.file.FilePathUtil::sizeOfCommonPrefix (142 bytes)

GC Heap History (6 events):
Event: 0.540 GC heap before
{Heap before GC invocations=0 (full 0):
 garbage-first heap   total 253952K, used 22528K [0x0000000080000000, 0x0000000100000000)
  region size 1024K, 23 young (23552K), 0 survivors (0K)
 Metaspace       used 1080K, committed 1216K, reserved 1114112K
  class space    used 73K, committed 128K, reserved 1048576K
}
Event: 0.549 GC heap after
{Heap after GC invocations=1 (full 0):
 garbage-first heap   total 253952K, used 3646K [0x0000000080000000, 0x0000000100000000)
  region size 1024K, 3 young (3072K), 3 survivors (3072K)
 Metaspace       used 1080K, committed 1216K, reserved 1114112K
  class space    used 73K, committed 128K, reserved 1048576K
}
Event: 1.256 GC heap before
{Heap before GC invocations=1 (full 0):
 garbage-first heap   total 253952K, used 39486K [0x0000000080000000, 0x0000000100000000)
  region size 1024K, 35 young (35840K), 3 survivors (3072K)
 Metaspace       used 4340K, committed 4544K, reserved 1114112K
  class space    used 539K, committed 640K, reserved 1048576K
}
Event: 1.262 GC heap after
{Heap after GC invocations=2 (full 0):
 garbage-first heap   total 253952K, used 11106K [0x0000000080000000, 0x0000000100000000)
  region size 1024K, 5 young (5120K), 5 survivors (5120K)
 Metaspace       used 4340K, committed 4544K, reserved 1114112K
  class space    used 539K, committed 640K, reserved 1048576K
}
Event: 1.826 GC heap before
{Heap before GC invocations=2 (full 0):
 garbage-first heap   total 253952K, used 58210K [0x0000000080000000, 0x0000000100000000)
  region size 1024K, 49 young (50176K), 5 survivors (5120K)
 Metaspace       used 4593K, committed 4800K, reserved 1114112K
  class space    used 572K, committed 640K, reserved 1048576K
}
Event: 1.830 GC heap after
{Heap after GC invocations=3 (full 0):
 garbage-first heap   total 253952K, used 16452K [0x0000000080000000, 0x0000000100000000)
  region size 1024K, 5 young (5120K), 5 survivors (5120K)
 Metaspace       used 4593K, committed 4800K, reserved 1114112K
  class space    used 572K, committed 640K, reserved 1048576K
}

Dll operation events (15 events):
Event: 0.009 Loaded shared library C:\Users\USER\.jdks\ms-17.0.15\bin\java.dll
Event: 0.033 Loaded shared library C:\Users\USER\.jdks\ms-17.0.15\bin\jsvml.dll
Event: 0.093 Loaded shared library C:\Users\USER\.jdks\ms-17.0.15\bin\zip.dll
Event: 0.096 Loaded shared library C:\Users\USER\.jdks\ms-17.0.15\bin\instrument.dll
Event: 0.102 Loaded shared library C:\Users\USER\.jdks\ms-17.0.15\bin\net.dll
Event: 0.104 Loaded shared library C:\Users\USER\.jdks\ms-17.0.15\bin\nio.dll
Event: 0.106 Loaded shared library C:\Users\USER\.jdks\ms-17.0.15\bin\zip.dll
Event: 0.430 Loaded shared library C:\Users\USER\.jdks\ms-17.0.15\bin\jimage.dll
Event: 0.624 Loaded shared library C:\Users\USER\.jdks\ms-17.0.15\bin\verify.dll
Event: 0.806 Loaded shared library C:\Users\USER\.gradle\native\c067742578af261105cb4f569cf0c3c89f3d7b1fecec35dd04571415982c5e48\windows-amd64\native-platform.dll
Event: 0.811 Loaded shared library C:\Users\USER\.gradle\native\100fb08df4bc3b14c8652ba06237920a3bd2aa13389f12d3474272988ae205f9\windows-amd64\native-platform-file-events.dll
Event: 2.053 Loaded shared library C:\Users\USER\.jdks\ms-17.0.15\bin\management.dll
Event: 2.056 Loaded shared library C:\Users\USER\.jdks\ms-17.0.15\bin\management_ext.dll
Event: 2.260 Loaded shared library C:\Users\USER\.jdks\ms-17.0.15\bin\extnet.dll
Event: 2.531 Loaded shared library C:\Users\USER\.jdks\ms-17.0.15\bin\sunmscapi.dll

Deoptimization events (20 events):
Event: 2.632 Thread 0x000001f3d458ff20 Uncommon trap: trap_request=0xffffff45 fr.pc=0x000001f387b089c8 relative=0x0000000000000048
Event: 2.632 Thread 0x000001f3d458ff20 Uncommon trap: reason=unstable_if action=reinterpret pc=0x000001f387b089c8 method=java.net.URI.match(CJJ)Z @ 19 c2
Event: 2.632 Thread 0x000001f3d458ff20 DEOPT PACKING pc=0x000001f387b089c8 sp=0x00000084537fc620
Event: 2.632 Thread 0x000001f3d458ff20 DEOPT UNPACKING pc=0x000001f3875869a3 sp=0x00000084537fc5d0 mode 2
Event: 2.670 Thread 0x000001f3d5604d70 Uncommon trap: trap_request=0xffffff45 fr.pc=0x000001f387b9cce4 relative=0x0000000000000224
Event: 2.670 Thread 0x000001f3d5604d70 Uncommon trap: reason=unstable_if action=reinterpret pc=0x000001f387b9cce4 method=java.io.WinNTFileSystem.prefixLength(Ljava/lang/String;)I @ 25 c2
Event: 2.670 Thread 0x000001f3d5604d70 DEOPT PACKING pc=0x000001f387b9cce4 sp=0x00000084539fef80
Event: 2.670 Thread 0x000001f3d5604d70 DEOPT UNPACKING pc=0x000001f3875869a3 sp=0x00000084539feef8 mode 2
Event: 2.855 Thread 0x000001f3d5604d70 Uncommon trap: trap_request=0xffffff45 fr.pc=0x000001f387bc6870 relative=0x00000000000003f0
Event: 2.855 Thread 0x000001f3d5604d70 Uncommon trap: reason=unstable_if action=reinterpret pc=0x000001f387bc6870 method=java.util.HashMap.getNode(Ljava/lang/Object;)Ljava/util/HashMap$Node; @ 66 c2
Event: 2.855 Thread 0x000001f3d5604d70 DEOPT PACKING pc=0x000001f387bc6870 sp=0x00000084539fc2a0
Event: 2.855 Thread 0x000001f3d5604d70 DEOPT UNPACKING pc=0x000001f3875869a3 sp=0x00000084539fc1f0 mode 2
Event: 2.856 Thread 0x000001f3d5604d70 Uncommon trap: trap_request=0xffffff45 fr.pc=0x000001f387b184ec relative=0x00000000000003ac
Event: 2.856 Thread 0x000001f3d5604d70 Uncommon trap: reason=unstable_if action=reinterpret pc=0x000001f387b184ec method=java.util.HashMap.getNode(Ljava/lang/Object;)Ljava/util/HashMap$Node; @ 66 c2
Event: 2.856 Thread 0x000001f3d5604d70 DEOPT PACKING pc=0x000001f387b184ec sp=0x00000084539fc260
Event: 2.856 Thread 0x000001f3d5604d70 DEOPT UNPACKING pc=0x000001f3875869a3 sp=0x00000084539fc1f0 mode 2
Event: 2.867 Thread 0x000001f3d5604d70 Uncommon trap: trap_request=0xffffff45 fr.pc=0x000001f387b6f278 relative=0x0000000000000258
Event: 2.867 Thread 0x000001f3d5604d70 Uncommon trap: reason=unstable_if action=reinterpret pc=0x000001f387b6f278 method=java.util.concurrent.ConcurrentHashMap.get(Ljava/lang/Object;)Ljava/lang/Object; @ 76 c2
Event: 2.867 Thread 0x000001f3d5604d70 DEOPT PACKING pc=0x000001f387b6f278 sp=0x00000084539fb7f0
Event: 2.867 Thread 0x000001f3d5604d70 DEOPT UNPACKING pc=0x000001f3875869a3 sp=0x00000084539fb768 mode 2

Classes loaded (20 events):
Event: 3.156 Loading class sun/invoke/util/VerifyAccess$1
Event: 3.156 Loading class sun/invoke/util/VerifyAccess$1 done
Event: 3.178 Loading class java/util/concurrent/ArrayBlockingQueue
Event: 3.179 Loading class java/util/concurrent/ArrayBlockingQueue done
Event: 3.179 Loading class java/util/concurrent/locks/ReentrantLock$FairSync
Event: 3.179 Loading class java/util/concurrent/locks/ReentrantLock$FairSync done
Event: 3.185 Loading class sun/misc/Unsafe
Event: 3.186 Loading class sun/misc/Unsafe done
Event: 3.192 Loading class java/net/DatagramPacket
Event: 3.192 Loading class java/net/DatagramPacket done
Event: 3.192 Loading class sun/nio/ch/DatagramSocketAdaptor$DatagramPackets
Event: 3.193 Loading class sun/nio/ch/DatagramSocketAdaptor$DatagramPackets done
Event: 3.231 Loading class sun/security/provider/MD5
Event: 3.231 Loading class sun/security/provider/MD5 done
Event: 3.232 Loading class sun/security/provider/SHA5$SHA512
Event: 3.232 Loading class sun/security/provider/SHA5
Event: 3.232 Loading class sun/security/provider/SHA5 done
Event: 3.232 Loading class sun/security/provider/SHA5$SHA512 done
Event: 3.234 Loading class sun/security/provider/ByteArrayAccess$LE
Event: 3.234 Loading class sun/security/provider/ByteArrayAccess$LE done

Classes unloaded (0 events):
No events

Classes redefined (0 events):
No events

Internal exceptions (20 events):
Event: 2.185 Thread 0x000001f3ef6e03f0 Exception <a 'java/lang/NoSuchMethodError'{0x000000008e71dca0}: 'java.lang.Object java.lang.invoke.DirectMethodHandle$Holder.invokeStaticInit(java.lang.Object, int, int, int, int)'> (0x000000008e71dca0) 
thrown [s\src\hotspot\share\interpreter\linkResolver.cpp, line 759]
Event: 2.245 Thread 0x000001f3ef6e03f0 Exception <a 'java/lang/NoSuchMethodError'{0x000000008e7a1f08}: 'java.lang.Object java.lang.invoke.DirectMethodHandle$Holder.invokeStaticInit(java.lang.Object, java.lang.Object, int, int, int, int)'> (0x000000008e7a1f08) 
thrown [s\src\hotspot\share\interpreter\linkResolver.cpp, line 759]
Event: 2.457 Thread 0x000001f3ef6e03f0 Exception <a 'java/lang/NoSuchMethodError'{0x000000008e435430}: 'void java.lang.invoke.DirectMethodHandle$Holder.invokeStatic(java.lang.Object, java.lang.Object, java.lang.Object)'> (0x000000008e435430) 
thrown [s\src\hotspot\share\interpreter\linkResolver.cpp, line 759]
Event: 2.493 Thread 0x000001f3ef6e03f0 Exception <a 'java/io/IOException'{0x000000008e348b48}> (0x000000008e348b48) 
thrown [s\src\hotspot\share\prims\jni.cpp, line 516]
Event: 2.497 Thread 0x000001f3ef6e03f0 Implicit null exception at 0x000001f387b1cff2 to 0x000001f387b1d5c0
Event: 2.505 Thread 0x000001f3ef6e03f0 Exception <a 'java/lang/NoSuchMethodError'{0x000000008e3a8660}: 'java.lang.Object java.lang.invoke.DirectMethodHandle$Holder.newInvokeSpecial(java.lang.Object, java.lang.Object, java.lang.Object, java.lang.Object, java.lang.Object)'> (0x000000008e3a8660) 
thrown [s\src\hotspot\share\interpreter\linkResolver.cpp, line 759]
Event: 2.622 Thread 0x000001f3d458ff20 Exception <a 'java/lang/NoSuchMethodError'{0x000000008de4fdf0}: static Lorg/gradle/tooling/internal/provider/serialization/ClassLoaderDetails;.<clinit>()V> (0x000000008de4fdf0) 
thrown [s\src\hotspot\share\prims\jni.cpp, line 1112]
Event: 2.624 Thread 0x000001f3d458ff20 Exception <a 'java/lang/NoSuchMethodError'{0x000000008de69de0}: static Lorg/gradle/internal/classloader/ClassLoaderSpec;.<clinit>()V> (0x000000008de69de0) 
thrown [s\src\hotspot\share\prims\jni.cpp, line 1112]
Event: 2.626 Thread 0x000001f3d458ff20 Exception <a 'java/lang/NoSuchMethodError'{0x000000008de735a0}: static Lorg/gradle/tooling/internal/provider/serialization/WellKnownClassLoaderRegistry$KnownClassLoaderSpec;.<clinit>()V> (0x000000008de735a0) 
thrown [s\src\hotspot\share\prims\jni.cpp, line 1112]
Event: 2.628 Thread 0x000001f3d458ff20 Exception <a 'java/lang/NoSuchMethodError'{0x000000008de8abf0}: static Lorg/gradle/tooling/internal/provider/serialization/ClientOwnedClassLoaderSpec;.<clinit>()V> (0x000000008de8abf0) 
thrown [s\src\hotspot\share\prims\jni.cpp, line 1112]
Event: 2.666 Thread 0x000001f3d5846d90 Exception <a 'java/lang/NoSuchMethodError'{0x000000008e0767b0}: 'void java.lang.invoke.DirectMethodHandle$Holder.invokeSpecial(java.lang.Object, java.lang.Object, java.lang.Object)'> (0x000000008e0767b0) 
thrown [s\src\hotspot\share\interpreter\linkResolver.cpp, line 759]
Event: 2.737 Thread 0x000001f3d5604d70 Exception <a 'java/lang/NoSuchMethodError'{0x000000008dade5e8}: 'long java.lang.invoke.DirectMethodHandle$Holder.invokeInterface(java.lang.Object, java.lang.Object)'> (0x000000008dade5e8) 
thrown [s\src\hotspot\share\interpreter\linkResolver.cpp, line 759]
Event: 2.824 Thread 0x000001f3d5604d70 Exception <a 'java/lang/NoSuchMethodError'{0x000000008d54aad0}: 'void java.lang.invoke.DirectMethodHandle$Holder.invokeStatic(java.lang.Object, java.lang.Object)'> (0x000000008d54aad0) 
thrown [s\src\hotspot\share\interpreter\linkResolver.cpp, line 759]
Event: 2.874 Thread 0x000001f3d5604d70 Exception <a 'java/lang/NoSuchMethodError'{0x000000008d360638}: 'int java.lang.invoke.DirectMethodHandle$Holder.invokeVirtual(java.lang.Object, java.lang.Object, java.lang.Object)'> (0x000000008d360638) 
thrown [s\src\hotspot\share\interpreter\linkResolver.cpp, line 759]
Event: 2.934 Thread 0x000001f3d5604d70 Exception <a 'java/lang/NoSuchMethodError'{0x000000008d1f1fc0}: 'java.lang.Object java.lang.invoke.DirectMethodHandle$Holder.newInvokeSpecial(java.lang.Object, java.lang.Object, java.lang.Object, java.lang.Object, java.lang.Object, java.lang.Object)'> (0x000000008d1f1fc0) 
thrown [s\src\hotspot\share\interpreter\linkResolver.cpp, line 759]
Event: 3.029 Thread 0x000001f3d5604d70 Exception <a 'java/lang/NoSuchMethodError'{0x000000008ceeac48}: 'void java.lang.invoke.DelegatingMethodHandle$Holder.reinvoke_L(java.lang.Object, java.lang.Object, java.lang.Object, java.lang.Object, java.lang.Object, java.lang.Object, java.lang.Object, java.lang.Object, java.lang.Object, java.lang.Object)'> (0x000000008ceeac48) 
thrown [s\src\hotspot\share\interpreter\linkResolver.cpp, line 759]
Event: 3.029 Thread 0x000001f3d5604d70 Exception <a 'java/lang/NoSuchMethodError'{0x000000008cef30b8}: 'java.lang.Object java.lang.invoke.DirectMethodHandle$Holder.invokeSpecial(java.lang.Object, java.lang.Object, java.lang.Object, java.lang.Object, java.lang.Object, java.lang.Object, java.lang.Object, java.lang.Object, java.lang.Object, java.lang.Object)'> (0x000000008cef30b8) 
thrown [s\src\hotspot\share\interpreter\linkResolver.cpp, line 759]
Event: 3.030 Thread 0x000001f3d5604d70 Exception <a 'java/lang/NoSuchMethodError'{0x000000008cef7988}: 'java.lang.Object java.lang.invoke.Invokers$Holder.invoker(java.lang.Object, java.lang.Object, java.lang.Object, java.lang.Object, java.lang.Object, java.lang.Object, java.lang.Object, java.lang.Object, java.lang.Object, java.lang.Object)'> (0x000000008cef7988) 
thrown [s\src\hotspot\share\interpreter\linkResolver.cpp, line 759]
Event: 3.030 Thread 0x000001f3d5604d70 Exception <a 'java/lang/NoSuchMethodError'{0x000000008cefd590}: 'java.lang.Object java.lang.invoke.DirectMethodHandle$Holder.invokeSpecial(java.lang.Object, java.lang.Object, java.lang.Object, java.lang.Object, java.lang.Object, java.lang.Object, java.lang.Object, java.lang.Object, java.lang.Object, java.lang.Object, java.lang.Object)'> (0x000000008cefd590) 
thrown [s\src\hotspot\share\interpreter\linkResolver.cpp, line 759]
Event: 3.182 Thread 0x000001f3d5604d70 Exception <a 'java/lang/NoSuchMethodError'{0x000000008c1756b8}: 'java.lang.Object java.lang.invoke.DirectMethodHandle$Holder.newInvokeSpecial(java.lang.Object, java.lang.Object, int)'> (0x000000008c1756b8) 
thrown [s\src\hotspot\share\interpreter\linkResolver.cpp, line 759]

VM Operations (20 events):
Event: 1.986 Executing VM operation: HandshakeAllThreads
Event: 1.986 Executing VM operation: HandshakeAllThreads done
Event: 2.019 Executing VM operation: HandshakeAllThreads
Event: 2.019 Executing VM operation: HandshakeAllThreads done
Event: 2.021 Executing VM operation: HandshakeAllThreads
Event: 2.021 Executing VM operation: HandshakeAllThreads done
Event: 2.071 Executing VM operation: HandshakeAllThreads
Event: 2.071 Executing VM operation: HandshakeAllThreads done
Event: 2.110 Executing VM operation: HandshakeAllThreads
Event: 2.110 Executing VM operation: HandshakeAllThreads done
Event: 2.174 Executing VM operation: HandshakeAllThreads
Event: 2.174 Executing VM operation: HandshakeAllThreads done
Event: 2.240 Executing VM operation: HandshakeAllThreads
Event: 2.240 Executing VM operation: HandshakeAllThreads done
Event: 2.456 Executing VM operation: HandshakeAllThreads
Event: 2.456 Executing VM operation: HandshakeAllThreads done
Event: 2.537 Executing VM operation: HandshakeAllThreads
Event: 2.537 Executing VM operation: HandshakeAllThreads done
Event: 2.855 Executing VM operation: ICBufferFull
Event: 2.855 Executing VM operation: ICBufferFull done

Memory protections (0 events):
No events

Nmethod flushes (0 events):
No events

Events (20 events):
Event: 0.045 Thread 0x000001f3ef6e03f0 Thread added: 0x000001f3ff038ce0
Event: 0.045 Thread 0x000001f3ef6e03f0 Thread added: 0x000001f3ff03bed0
Event: 0.063 Thread 0x000001f3ef6e03f0 Thread added: 0x000001f3feffb390
Event: 0.116 Thread 0x000001f3ef6e03f0 Thread added: 0x000001f3ff1f9e90
Event: 0.287 Thread 0x000001f3ff034d30 Thread added: 0x000001f3ff2a9250
Event: 0.423 Thread 0x000001f3ff038ce0 Thread added: 0x000001f3ff2fc7a0
Event: 1.372 Thread 0x000001f3ff2fc7a0 Thread exited: 0x000001f3ff2fc7a0
Event: 2.088 Thread 0x000001f3ef6e03f0 Thread added: 0x000001f3d569f1a0
Event: 2.433 Thread 0x000001f3ef6e03f0 Thread added: 0x000001f3d586e960
Event: 2.512 Thread 0x000001f3ef6e03f0 Thread added: 0x000001f3d55c4030
Event: 2.570 Thread 0x000001f3d586e960 Thread added: 0x000001f3d5846d90
Event: 2.575 Thread 0x000001f3d5846d90 Thread added: 0x000001f3d458ff20
Event: 2.644 Thread 0x000001f3d5846d90 Thread added: 0x000001f3d5604860
Event: 2.667 Thread 0x000001f3d5846d90 Thread added: 0x000001f3d5604d70
Event: 2.679 Thread 0x000001f3d5604d70 Thread added: 0x000001f3d5602a00
Event: 2.684 Thread 0x000001f3d5604d70 Thread added: 0x000001f3d5604350
Event: 2.688 Thread 0x000001f3d5604d70 Thread added: 0x000001f3d5605280
Event: 3.179 Thread 0x000001f3d5604d70 Thread added: 0x000001f3d5605790
Event: 3.191 Thread 0x000001f3d5604d70 Thread added: 0x000001f3d56061b0
Event: 3.224 Thread 0x000001f3d5604d70 Thread added: 0x000001f3d5605ca0


Dynamic libraries:
0x00007ff7550e0000 - 0x00007ff7550ee000 	C:\Users\USER\.jdks\ms-17.0.15\bin\java.exe
0x00007ffdf4750000 - 0x00007ffdf4967000 	C:\WINDOWS\SYSTEM32\ntdll.dll
0x00007ffdf2fc0000 - 0x00007ffdf3084000 	C:\WINDOWS\System32\KERNEL32.DLL
0x00007ffdf1a40000 - 0x00007ffdf1e13000 	C:\WINDOWS\System32\KERNELBASE.dll
0x00007ffdf2100000 - 0x00007ffdf2211000 	C:\WINDOWS\System32\ucrtbase.dll
0x00007ffdb8b90000 - 0x00007ffdb8ba7000 	C:\Users\USER\.jdks\ms-17.0.15\bin\jli.dll
0x00007ffdf2860000 - 0x00007ffdf2a11000 	C:\WINDOWS\System32\USER32.dll
0x00007ffdb1f70000 - 0x00007ffdb1f8d000 	C:\Users\USER\.jdks\ms-17.0.15\bin\VCRUNTIME140.dll
0x00007ffdf1f90000 - 0x00007ffdf1fb6000 	C:\WINDOWS\System32\win32u.dll
0x00007ffde2790000 - 0x00007ffde2a2b000 	C:\WINDOWS\WinSxS\amd64_microsoft.windows.common-controls_6595b64144ccf1df_6.0.22621.5262_none_2712bde373830908\COMCTL32.dll
0x00007ffdf3520000 - 0x00007ffdf3549000 	C:\WINDOWS\System32\GDI32.dll
0x00007ffdf3870000 - 0x00007ffdf3917000 	C:\WINDOWS\System32\msvcrt.dll
0x00007ffdf1870000 - 0x00007ffdf1992000 	C:\WINDOWS\System32\gdi32full.dll
0x00007ffdf19a0000 - 0x00007ffdf1a3a000 	C:\WINDOWS\System32\msvcp_win.dll
0x00007ffdf3680000 - 0x00007ffdf36b1000 	C:\WINDOWS\System32\IMM32.DLL
0x00007ffdd7270000 - 0x00007ffdd727c000 	C:\Users\USER\.jdks\ms-17.0.15\bin\vcruntime140_1.dll
0x00007ffd8e530000 - 0x00007ffd8e5bd000 	C:\Users\USER\.jdks\ms-17.0.15\bin\msvcp140.dll
0x00007ffd3d460000 - 0x00007ffd3e0d2000 	C:\Users\USER\.jdks\ms-17.0.15\bin\server\jvm.dll
0x00007ffdf3b10000 - 0x00007ffdf3bc1000 	C:\WINDOWS\System32\ADVAPI32.dll
0x00007ffdf4660000 - 0x00007ffdf4707000 	C:\WINDOWS\System32\sechost.dll
0x00007ffdf1840000 - 0x00007ffdf1868000 	C:\WINDOWS\System32\bcrypt.dll
0x00007ffdf2a20000 - 0x00007ffdf2b34000 	C:\WINDOWS\System32\RPCRT4.dll
0x00007ffdf3550000 - 0x00007ffdf35c1000 	C:\WINDOWS\System32\WS2_32.dll
0x00007ffdf1710000 - 0x00007ffdf175d000 	C:\WINDOWS\SYSTEM32\POWRPROF.dll
0x00007ffdecb30000 - 0x00007ffdecb64000 	C:\WINDOWS\SYSTEM32\WINMM.dll
0x00007ffdecd60000 - 0x00007ffdecd6a000 	C:\WINDOWS\SYSTEM32\VERSION.dll
0x00007ffdf16f0000 - 0x00007ffdf1703000 	C:\WINDOWS\SYSTEM32\UMPDC.dll
0x00007ffdf07e0000 - 0x00007ffdf07f8000 	C:\WINDOWS\SYSTEM32\kernel.appcore.dll
0x00007ffdc72e0000 - 0x00007ffdc72ea000 	C:\Users\USER\.jdks\ms-17.0.15\bin\jimage.dll
0x00007ffde8d50000 - 0x00007ffde8f82000 	C:\WINDOWS\SYSTEM32\DBGHELP.DLL
0x00007ffdf24c0000 - 0x00007ffdf2853000 	C:\WINDOWS\System32\combase.dll
0x00007ffdf23e0000 - 0x00007ffdf24b7000 	C:\WINDOWS\System32\OLEAUT32.dll
0x00007ffddc3a0000 - 0x00007ffddc3d2000 	C:\WINDOWS\SYSTEM32\dbgcore.DLL
0x00007ffdf22e0000 - 0x00007ffdf235b000 	C:\WINDOWS\System32\bcryptPrimitives.dll
0x00007ffdc4320000 - 0x00007ffdc432e000 	C:\Users\USER\.jdks\ms-17.0.15\bin\instrument.dll
0x00007ffdaea70000 - 0x00007ffdaea95000 	C:\Users\USER\.jdks\ms-17.0.15\bin\java.dll
0x00007ffd43a50000 - 0x00007ffd43b26000 	C:\Users\USER\.jdks\ms-17.0.15\bin\jsvml.dll
0x00007ffdf3bd0000 - 0x00007ffdf446d000 	C:\WINDOWS\System32\SHELL32.dll
0x00007ffdf1fc0000 - 0x00007ffdf20ff000 	C:\WINDOWS\System32\wintypes.dll
0x00007ffdef730000 - 0x00007ffdf004d000 	C:\WINDOWS\SYSTEM32\windows.storage.dll
0x00007ffdf2c40000 - 0x00007ffdf2d4b000 	C:\WINDOWS\System32\SHCORE.dll
0x00007ffdf4500000 - 0x00007ffdf4566000 	C:\WINDOWS\System32\shlwapi.dll
0x00007ffdf1770000 - 0x00007ffdf179b000 	C:\WINDOWS\SYSTEM32\profapi.dll
0x00007ffdb1d90000 - 0x00007ffdb1da8000 	C:\Users\USER\.jdks\ms-17.0.15\bin\zip.dll
0x00007ffdb0a20000 - 0x00007ffdb0a3a000 	C:\Users\USER\.jdks\ms-17.0.15\bin\net.dll
0x00007ffdeca00000 - 0x00007ffdecb2c000 	C:\WINDOWS\SYSTEM32\WINHTTP.dll
0x00007ffdf0cc0000 - 0x00007ffdf0d2a000 	C:\WINDOWS\system32\mswsock.dll
0x00007ffdae870000 - 0x00007ffdae886000 	C:\Users\USER\.jdks\ms-17.0.15\bin\nio.dll
0x00007ffdc3b70000 - 0x00007ffdc3b80000 	C:\Users\USER\.jdks\ms-17.0.15\bin\verify.dll
0x00007ffdb0da0000 - 0x00007ffdb0dc7000 	C:\Users\USER\.gradle\native\c067742578af261105cb4f569cf0c3c89f3d7b1fecec35dd04571415982c5e48\windows-amd64\native-platform.dll
0x00007ffd43710000 - 0x00007ffd43854000 	C:\Users\USER\.gradle\native\100fb08df4bc3b14c8652ba06237920a3bd2aa13389f12d3474272988ae205f9\windows-amd64\native-platform-file-events.dll
0x00007ffdbfeb0000 - 0x00007ffdbfeba000 	C:\Users\USER\.jdks\ms-17.0.15\bin\management.dll
0x00007ffdbeee0000 - 0x00007ffdbeeeb000 	C:\Users\USER\.jdks\ms-17.0.15\bin\management_ext.dll
0x00007ffdf2b40000 - 0x00007ffdf2b48000 	C:\WINDOWS\System32\PSAPI.DLL
0x00007ffdf0f30000 - 0x00007ffdf0f4b000 	C:\WINDOWS\SYSTEM32\CRYPTSP.dll
0x00007ffdf07a0000 - 0x00007ffdf07d7000 	C:\WINDOWS\system32\rsaenh.dll
0x00007ffdf0da0000 - 0x00007ffdf0dc8000 	C:\WINDOWS\SYSTEM32\USERENV.dll
0x00007ffdf0f50000 - 0x00007ffdf0f5c000 	C:\WINDOWS\SYSTEM32\CRYPTBASE.dll
0x00007ffdf02b0000 - 0x00007ffdf02dd000 	C:\WINDOWS\SYSTEM32\IPHLPAPI.DLL
0x00007ffdf3510000 - 0x00007ffdf3519000 	C:\WINDOWS\System32\NSI.dll
0x00007ffdec800000 - 0x00007ffdec819000 	C:\WINDOWS\SYSTEM32\dhcpcsvc6.DLL
0x00007ffdec7e0000 - 0x00007ffdec7ff000 	C:\WINDOWS\SYSTEM32\dhcpcsvc.DLL
0x00007ffdf0320000 - 0x00007ffdf0418000 	C:\WINDOWS\SYSTEM32\DNSAPI.dll
0x00007ffdbe7a0000 - 0x00007ffdbe7a9000 	C:\Users\USER\.jdks\ms-17.0.15\bin\extnet.dll
0x00007ffdbd290000 - 0x00007ffdbd29e000 	C:\Users\USER\.jdks\ms-17.0.15\bin\sunmscapi.dll
0x00007ffdf1e20000 - 0x00007ffdf1f87000 	C:\WINDOWS\System32\CRYPT32.dll
0x00007ffdf10f0000 - 0x00007ffdf111d000 	C:\WINDOWS\SYSTEM32\ncrypt.dll
0x00007ffdf10b0000 - 0x00007ffdf10e7000 	C:\WINDOWS\SYSTEM32\NTASN1.dll
0x00007ffd65540000 - 0x00007ffd65548000 	C:\WINDOWS\system32\wshunix.dll

dbghelp: loaded successfully - version: 4.0.5 - missing functions: none
symbol engine: initialized successfully - sym options: 0x614 - pdb path: .;C:\Users\USER\.jdks\ms-17.0.15\bin;C:\WINDOWS\SYSTEM32;C:\WINDOWS\WinSxS\amd64_microsoft.windows.common-controls_6595b64144ccf1df_6.0.22621.5262_none_2712bde373830908;C:\Users\USER\.jdks\ms-17.0.15\bin\server;C:\Users\USER\.gradle\native\c067742578af261105cb4f569cf0c3c89f3d7b1fecec35dd04571415982c5e48\windows-amd64;C:\Users\USER\.gradle\native\100fb08df4bc3b14c8652ba06237920a3bd2aa13389f12d3474272988ae205f9\windows-amd64

VM Arguments:
jvm_args: --add-opens=java.base/java.lang=ALL-UNNAMED --add-opens=java.base/java.lang.invoke=ALL-UNNAMED --add-opens=java.base/java.util=ALL-UNNAMED --add-opens=java.prefs/java.util.prefs=ALL-UNNAMED --add-exports=jdk.compiler/com.sun.tools.javac.api=ALL-UNNAMED --add-exports=jdk.compiler/com.sun.tools.javac.util=ALL-UNNAMED --add-opens=java.base/java.util=ALL-UNNAMED --add-opens=java.prefs/java.util.prefs=ALL-UNNAMED --add-opens=java.base/java.nio.charset=ALL-UNNAMED --add-opens=java.base/java.net=ALL-UNNAMED --add-opens=java.base/java.util.concurrent.atomic=ALL-UNNAMED --add-opens=java.xml/javax.xml.namespace=ALL-UNNAMED -Xmx2048m -Dfile.encoding=UTF-8 -Duser.country=ID -Duser.language=id -Duser.variant -javaagent:C:\Users\USER\.gradle\wrapper\dists\gradle-8.11.1-bin\bpt9gzteqjrbo1mjrsomdt32c\gradle-8.11.1\lib\agents\gradle-instrumentation-agent-8.11.1.jar 
java_command: org.gradle.launcher.daemon.bootstrap.GradleDaemon 8.11.1
java_class_path (initial): C:\Users\USER\.gradle\wrapper\dists\gradle-8.11.1-bin\bpt9gzteqjrbo1mjrsomdt32c\gradle-8.11.1\lib\gradle-daemon-main-8.11.1.jar
Launcher Type: SUN_STANDARD

[Global flags]
     intx CICompilerCount                          = 4                                         {product} {ergonomic}
     uint ConcGCThreads                            = 3                                         {product} {ergonomic}
     uint G1ConcRefinementThreads                  = 10                                        {product} {ergonomic}
   size_t G1HeapRegionSize                         = 1048576                                   {product} {ergonomic}
    uintx GCDrainStackTargetSize                   = 64                                        {product} {ergonomic}
   size_t InitialHeapSize                          = 260046848                                 {product} {ergonomic}
   size_t MarkStackSize                            = 4194304                                   {product} {ergonomic}
   size_t MaxHeapSize                              = 2147483648                                {product} {command line}
   size_t MaxNewSize                               = 1287651328                                {product} {ergonomic}
   size_t MinHeapDeltaBytes                        = 1048576                                   {product} {ergonomic}
   size_t MinHeapSize                              = 8388608                                   {product} {ergonomic}
    uintx NonNMethodCodeHeapSize                   = 5839372                                {pd product} {ergonomic}
    uintx NonProfiledCodeHeapSize                  = 122909434                              {pd product} {ergonomic}
    uintx ProfiledCodeHeapSize                     = 122909434                              {pd product} {ergonomic}
    uintx ReservedCodeCacheSize                    = 251658240                              {pd product} {ergonomic}
     bool SegmentedCodeCache                       = true                                      {product} {ergonomic}
   size_t SoftMaxHeapSize                          = 2147483648                             {manageable} {ergonomic}
     bool UseCompressedClassPointers               = true                           {product lp64_product} {ergonomic}
     bool UseCompressedOops                        = true                           {product lp64_product} {ergonomic}
     bool UseG1GC                                  = true                                      {product} {ergonomic}
     bool UseLargePagesIndividualAllocation        = false                                  {pd product} {ergonomic}

Logging:
Log output configuration:
 #0: stdout all=warning uptime,level,tags
 #1: stderr all=off uptime,level,tags

Environment Variables:
PATH=D:\Alif\Sofware\apache-maven-3.8.5\bin;C:\ProgramData\Oracle\Java\javapath;C:\Program Files (x86)\Common Files\Intel\Shared Libraries\redist\intel64\compiler;C:\Windows\system32;C:\Windows;C:\Windows\System32\Wbem;C:\Windows\System32\WindowsPowerShell\v1.0\;C:\Windows\System32\OpenSSH\;C:\Program Files (x86)\NVIDIA Corporation\PhysX\Common;C:\Program Files\NVIDIA Corporation\NVIDIA NvDLISR;C:\Program Files\dotnet\;C:\Program Files (x86)\dotnet\;C:\WINDOWS\system32;C:\WINDOWS;C:\WINDOWS\System32\Wbem;C:\WINDOWS\System32\WindowsPowerShell\v1.0\;C:\WINDOWS\System32\OpenSSH\;D:\Alif\Sofware\Git\cmd;C:\Users\USER\AppData\Local\Programs\Python\Python38\Scripts\;C:\Users\USER\AppData\Local\Programs\Python\Python38\;C:\Users\USER\AppData\Local\Microsoft\WindowsApps;D:\Alif\Sofware\Microsoft VS Code\bin;C:\Users\USER\AppData\Roaming\npm;C:\Users\USER\go\bin;C:\ProgramData\ComposerSetup\bin;C:\Users\USER\AppData\Local\Pub\Cache\bin;D:\Alif\Sofware\go\bin;C:\WINDOWS\system32;C:\WINDOWS;C:\WINDOWS\System32\Wbem;C:\WINDOWS\System32\WindowsPowerShell\v1.0\;C:\WINDOWS\System32\OpenSSH\;C:\MinGW\bin;D:\Alif\Sofware\sqlc;C:\Windows\System32;C:\Program Files\NVIDIA Corporation\Nsight Compute 2022.2.0\;D:\XAMPP\php;D:\XAMPP\php\php;D:\Alif\Sofware\php;C:\Program Files\Docker\Docker\resources\bin;C:\Program Files (x86)\Microsoft SQL Server\160\Tools\Binn\;D:\Alif\Sofware\SQL Server\160\Tools\Binn\;D:\Alif\Sofware\SQL Server\Client SDK\ODBC\170\Tools\Binn\;D:\Alif\Sofware\SQL Server\160\DTS\Binn\;C:\Program Files (x86)\Microsoft SQL Server\160\DTS\Binn\;C:\Users\USER\AppData\Local\Programs\Python\Python38\Scripts\;C:\Users\USER\AppData\Local\Programs\Python\Python38\;C:\Users\USER\scoop\shims;C:\Users\USER\AppData\Local\Microsoft\WindowsApps;D:\Alif\Sofware\nodejs;D:\Alif\Sofware\apache-maven-3.8.5\bin;C:\Users\USER\.dotnet\tools;C:\Users\USER\AppData\Roaming\Composer\vendor\bin;D:\Alif\Sofware\IntelliJ IDEA Community Edition 2022.2.2\bin;D:\src\flutter\bin;C:\Users\USER\AppData\Local\Pub\Cache\bin;C:\Users\USER\go\bin;D:\Alif\Sofware\GoLand 2022.3.1\bin;D:\Alif\Sofware\sqlc;C:\Windows\System32;C:\protoc\bin;C:\Users\USER\AppData\Local\Microsoft\WinGet\Packages\Schniz.fnm_Microsoft.Winget.Source_8wekyb3d8bbwe;D:\XAMPP\php;D:\XAMPP\php\php;D:\Alif\Sofware\php;D:\Alif\Sofware\IntelliJ IDEA 2024.3.4.1\bin;;D:\Alif\Sofware\IntelliJ IDEA Community Edition 2024.3.5\bin;;C:\Users\USER\AppData\Local\Yarn\bin;D:\Alif\Sofware\Microsoft VS Code\bin
USERNAME=USER
OS=Windows_NT
PROCESSOR_IDENTIFIER=AMD64 Family 23 Model 96 Stepping 1, AuthenticAMD
TMP=C:\Users\USER\AppData\Local\Temp
TEMP=C:\Users\USER\AppData\Local\Temp



Periodic native trim disabled


---------------  S Y S T E M  ---------------

OS:
 Windows 11 , 64 bit Build 22621 (10.0.22621.5262)
OS uptime: 0 days 6:30 hours
Hyper-V role detected

CPU: total 12 (initial active 12) (12 cores per cpu, 2 threads per core) family 23 model 96 stepping 1 microcode 0x0, cx8, cmov, fxsr, ht, mmx, 3dnowpref, sse, sse2, sse3, ssse3, sse4a, sse4.1, sse4.2, popcnt, lzcnt, tsc, tscinvbit, avx, avx2, aes, clmul, bmi1, bmi2, adx, sha, fma, vzeroupper, clflush, clflushopt, hv
Processor Information for the first 12 processors :
  Max Mhz: 3000, Current Mhz: 3000, Mhz Limit: 3000

Memory: 4k page, system-wide physical 15791M (602M free)
TotalPageFile size 33743M (AvailPageFile size 4M)
current process WorkingSet (physical memory assigned to process): 173M, peak: 173M
current process commit charge ("private bytes"): 406M, peak: 407M

vm_info: OpenJDK 64-Bit Server VM (17.0.15+6-LTS) for windows-amd64 JRE (17.0.15+6-LTS), built on Apr  9 2025 22:27:25 by "MicrosoftCorporation" with unknown MS VC++:1939

END.
