#
# There is insufficient memory for the Java Runtime Environment to continue.
# Native memory allocation (mmap) failed to map 61865984 bytes. Error detail: G1 virtual space
# Possible reasons:
#   The system is out of physical RAM or swap space
#   This process is running with CompressedOops enabled, and the Java Heap may be blocking the growth of the native heap
# Possible solutions:
#   Reduce memory load on the system
#   Increase physical memory or swap space
#   Check if swap backing store is full
#   Decrease Java heap size (-Xmx/-Xms)
#   Decrease number of Java threads
#   Decrease Java thread stack sizes (-Xss)
#   Set larger code cache with -XX:ReservedCodeCacheSize=
#   JVM is running with Unscaled Compressed Oops mode in which the Java heap is
#     placed in the first 4GB address space. The Java Heap base address is the
#     maximum limit for the native heap growth. Please use -XX:HeapBaseMinAddress
#     to set the Java Heap base and to place the Java Heap above 4GB virtual address.
# This output file may be truncated or incomplete.
#
#  Out of Memory Error (os_windows.cpp:3710), pid=26180, tid=14176
#
# JRE version: OpenJDK Runtime Environment Microsoft-11369865 (17.0.15+6) (build 17.0.15+6-LTS)
# Java VM: OpenJDK 64-Bit Server VM Microsoft-11369865 (17.0.15+6-LTS, mixed mode, sharing, tiered, compressed oops, compressed class ptrs, g1 gc, windows-amd64)
# No core dump will be written. Minidumps are not enabled by default on client versions of Windows
#

---------------  S U M M A R Y ------------

Command Line: --add-opens=java.base/java.lang=ALL-UNNAMED --add-opens=java.base/java.lang.invoke=ALL-UNNAMED --add-opens=java.base/java.util=ALL-UNNAMED --add-opens=java.prefs/java.util.prefs=ALL-UNNAMED --add-exports=jdk.compiler/com.sun.tools.javac.api=ALL-UNNAMED --add-exports=jdk.compiler/com.sun.tools.javac.util=ALL-UNNAMED --add-opens=java.base/java.util=ALL-UNNAMED --add-opens=java.prefs/java.util.prefs=ALL-UNNAMED --add-opens=java.base/java.nio.charset=ALL-UNNAMED --add-opens=java.base/java.net=ALL-UNNAMED --add-opens=java.base/java.util.concurrent.atomic=ALL-UNNAMED --add-opens=java.xml/javax.xml.namespace=ALL-UNNAMED -Xmx2048m -Dfile.encoding=UTF-8 -Duser.country=ID -Duser.language=id -Duser.variant -javaagent:C:\Users\USER\.gradle\wrapper\dists\gradle-8.11.1-bin\bpt9gzteqjrbo1mjrsomdt32c\gradle-8.11.1\lib\agents\gradle-instrumentation-agent-8.11.1.jar org.gradle.launcher.daemon.bootstrap.GradleDaemon 8.11.1

Host: AMD Ryzen 5 4600H with Radeon Graphics         , 12 cores, 15G,  Windows 11 , 64 bit Build 22621 (10.0.22621.5262)
Time: Thu May 29 20:07:37 2025 SE Asia Standard Time elapsed time: 19.298137 seconds (0d 0h 0m 19s)

---------------  T H R E A D  ---------------

Current thread (0x000001b8ff42e2b0):  VMThread "VM Thread" [stack: 0x0000003208200000,0x0000003208300000] [id=14176]

Stack: [0x0000003208200000,0x0000003208300000]
Native frames: (J=compiled Java code, j=interpreted, Vv=VM code, C=native code)
V  [jvm.dll+0x6887a9]
V  [jvm.dll+0x83f5a8]
V  [jvm.dll+0x841053]
V  [jvm.dll+0x8416c3]
V  [jvm.dll+0x2496ef]
V  [jvm.dll+0x6856e9]
V  [jvm.dll+0x679b7a]
V  [jvm.dll+0x30b0d7]
V  [jvm.dll+0x312646]
V  [jvm.dll+0x36300e]
V  [jvm.dll+0x36324d]
V  [jvm.dll+0x2e236c]
V  [jvm.dll+0x2e0719]
V  [jvm.dll+0x2dfe7c]
V  [jvm.dll+0x322a2b]
V  [jvm.dll+0x845efd]
V  [jvm.dll+0x846c33]
V  [jvm.dll+0x84715f]
V  [jvm.dll+0x847544]
V  [jvm.dll+0x84760e]
V  [jvm.dll+0x7ef2dc]
V  [jvm.dll+0x687687]
C  [ucrtbase.dll+0x29333]
C  [KERNEL32.DLL+0x1259d]
C  [ntdll.dll+0x5af58]

VM_Operation (0x0000003209af50e0): G1CollectForAllocation, mode: safepoint, requested by thread 0x000001b8ff5612f0


---------------  P R O C E S S  ---------------

Threads class SMR info:
_java_thread_list=0x000001b8c939ec00, length=69, elements={
0x000001b8e0b13800, 0x000001b8ff433410, 0x000001b8ff434090, 0x000001b8ff43e730,
0x000001b8ff449640, 0x000001b8ff449f10, 0x000001b8ff44a7e0, 0x000001b8ff44b3e0,
0x000001b8ff44be90, 0x000001b8ff456720, 0x000001b8ff5603c0, 0x000001b8ff561d10,
0x000001b8ff5608d0, 0x000001b8ff560de0, 0x000001b8ff562220, 0x000001b8ff562730,
0x000001b8ff562c40, 0x000001b8ff563150, 0x000001b8ff5612f0, 0x000001b8ff561800,
0x000001b8ff55f9a0, 0x000001b8c6ef6f20, 0x000001b8c6ef6a10, 0x000001b8c6ef55d0,
0x000001b8c6ef5ff0, 0x000001b8c6ef6500, 0x000001b8c6ef7430, 0x000001b8c6ef4bb0,
0x000001b8c6ef7940, 0x000001b8c6ef7e50, 0x000001b8c6ef46a0, 0x000001b8c6ef50c0,
0x000001b8c6ef5ae0, 0x000001b8ff7dff20, 0x000001b8ff7d99e0, 0x000001b8ff7df500,
0x000001b8ff7dae20, 0x000001b8ff7db330, 0x000001b8ff7d9ef0, 0x000001b8ff7dbd50,
0x000001b8ff7d8ab0, 0x000001b8ff7dc260, 0x000001b8ff7e0430, 0x000001b8ff7da910,
0x000001b8ff7d8fc0, 0x000001b8ff7dc770, 0x000001b8ff7dcc80, 0x000001b8ff7d94d0,
0x000001b8ff7da400, 0x000001b8ff7deae0, 0x000001b8ff7de0c0, 0x000001b8ff7ddbb0,
0x000001b8ff7dd6a0, 0x000001b8ff7deff0, 0x000001b8c72af830, 0x000001b8c72b0250,
0x000001b8c72ae900, 0x000001b8c72ab660, 0x000001b8c72abb70, 0x000001b8c72b0760,
0x000001b8c72ab150, 0x000001b8c72afd40, 0x000001b8c72b0c70, 0x000001b8c72b1690,
0x000001b8c72ad4c0, 0x000001b8c72ad9d0, 0x000001b8c72acaa0, 0x000001b8ca3be060,
0x000001b8c72b1180
}

Java Threads: ( => current thread )
  0x000001b8e0b13800 JavaThread "main" [_thread_blocked, id=18028, stack(0x0000003207c00000,0x0000003207d00000)]
  0x000001b8ff433410 JavaThread "Reference Handler" daemon [_thread_blocked, id=26760, stack(0x0000003208300000,0x0000003208400000)]
  0x000001b8ff434090 JavaThread "Finalizer" daemon [_thread_blocked, id=26540, stack(0x0000003208400000,0x0000003208500000)]
  0x000001b8ff43e730 JavaThread "Signal Dispatcher" daemon [_thread_blocked, id=16368, stack(0x0000003208500000,0x0000003208600000)]
  0x000001b8ff449640 JavaThread "Attach Listener" daemon [_thread_blocked, id=26476, stack(0x0000003208600000,0x0000003208700000)]
  0x000001b8ff449f10 JavaThread "Service Thread" daemon [_thread_blocked, id=8272, stack(0x0000003208700000,0x0000003208800000)]
  0x000001b8ff44a7e0 JavaThread "Monitor Deflation Thread" daemon [_thread_blocked, id=7828, stack(0x0000003208800000,0x0000003208900000)]
  0x000001b8ff44b3e0 JavaThread "C2 CompilerThread0" daemon [_thread_blocked, id=25716, stack(0x0000003208900000,0x0000003208a00000)]
  0x000001b8ff44be90 JavaThread "C1 CompilerThread0" daemon [_thread_blocked, id=7624, stack(0x0000003208a00000,0x0000003208b00000)]
  0x000001b8ff456720 JavaThread "Sweeper thread" daemon [_thread_blocked, id=26552, stack(0x0000003208b00000,0x0000003208c00000)]
  0x000001b8ff5603c0 JavaThread "Common-Cleaner" daemon [_thread_blocked, id=2496, stack(0x0000003208c00000,0x0000003208d00000)]
  0x000001b8ff561d10 JavaThread "Notification Thread" daemon [_thread_blocked, id=2664, stack(0x0000003208d00000,0x0000003208e00000)]
  0x000001b8ff5608d0 JavaThread "Daemon health stats" [_thread_blocked, id=20868, stack(0x0000003209000000,0x0000003209100000)]
  0x000001b8ff560de0 JavaThread "Incoming local TCP Connector on port 63175" [_thread_in_native, id=27060, stack(0x0000003209500000,0x0000003209600000)]
  0x000001b8ff562220 JavaThread "Daemon periodic checks" [_thread_blocked, id=27364, stack(0x0000003209600000,0x0000003209700000)]
  0x000001b8ff562730 JavaThread "Daemon" [_thread_blocked, id=27012, stack(0x0000003209700000,0x0000003209800000)]
  0x000001b8ff562c40 JavaThread "Handler for socket connection from /127.0.0.1:63175 to /127.0.0.1:63176" [_thread_in_native, id=20156, stack(0x0000003209800000,0x0000003209900000)]
  0x000001b8ff563150 JavaThread "Cancel handler" [_thread_blocked, id=19536, stack(0x0000003209900000,0x0000003209a00000)]
  0x000001b8ff5612f0 JavaThread "Daemon worker" [_thread_blocked, id=25964, stack(0x0000003209a00000,0x0000003209b00000)]
  0x000001b8ff561800 JavaThread "Asynchronous log dispatcher for DefaultDaemonConnection: socket connection from /127.0.0.1:63175 to /127.0.0.1:63176" [_thread_blocked, id=27036, stack(0x0000003209b00000,0x0000003209c00000)]
  0x000001b8ff55f9a0 JavaThread "Stdin handler" [_thread_blocked, id=13280, stack(0x0000003209c00000,0x0000003209d00000)]
  0x000001b8c6ef6f20 JavaThread "Daemon client event forwarder" [_thread_blocked, id=23960, stack(0x0000003209d00000,0x0000003209e00000)]
  0x000001b8c6ef6a10 JavaThread "Cache worker for journal cache (C:\Users\USER\.gradle\caches\journal-1)" [_thread_blocked, id=26944, stack(0x0000003209e00000,0x0000003209f00000)]
  0x000001b8c6ef55d0 JavaThread "File lock request listener" [_thread_in_native, id=26820, stack(0x0000003209f00000,0x000000320a000000)]
  0x000001b8c6ef5ff0 JavaThread "Cache worker for file hash cache (C:\Users\USER\.gradle\caches\8.11.1\fileHashes)" [_thread_blocked, id=27424, stack(0x000000320a000000,0x000000320a100000)]
  0x000001b8c6ef6500 JavaThread "Cache worker for file content cache (C:\Users\USER\.gradle\caches\8.11.1\fileContent)" [_thread_blocked, id=26300, stack(0x000000320a100000,0x000000320a200000)]
  0x000001b8c6ef7430 JavaThread "Cache worker for file hash cache (C:\Users\USER\AndroidStudioProjects\Solvr\.gradle\8.11.1\fileHashes)" [_thread_blocked, id=27040, stack(0x000000320a200000,0x000000320a300000)]
  0x000001b8c6ef4bb0 JavaThread "Cache worker for Build Output Cleanup Cache (C:\Users\USER\AndroidStudioProjects\Solvr\.gradle\buildOutputCleanup)" [_thread_blocked, id=16660, stack(0x000000320a300000,0x000000320a400000)]
  0x000001b8c6ef7940 JavaThread "File watcher server" daemon [_thread_in_native, id=5844, stack(0x000000320ac00000,0x000000320ad00000)]
  0x000001b8c6ef7e50 JavaThread "File watcher consumer" daemon [_thread_blocked, id=12684, stack(0x000000320ad00000,0x000000320ae00000)]
  0x000001b8c6ef46a0 JavaThread "Cache worker for checksums cache (C:\Users\USER\AndroidStudioProjects\Solvr\.gradle\8.11.1\checksums)" [_thread_blocked, id=3052, stack(0x000000320ae00000,0x000000320af00000)]
  0x000001b8c6ef50c0 JavaThread "Cache worker for cache directory md-rule (C:\Users\USER\.gradle\caches\8.11.1\md-rule)" [_thread_blocked, id=19460, stack(0x000000320af00000,0x000000320b000000)]
  0x000001b8c6ef5ae0 JavaThread "Cache worker for cache directory md-supplier (C:\Users\USER\.gradle\caches\8.11.1\md-supplier)" [_thread_blocked, id=7180, stack(0x000000320a400000,0x000000320a500000)]
  0x000001b8ff7dff20 JavaThread "Unconstrained build operations" [_thread_blocked, id=25968, stack(0x0000003208f00000,0x0000003209000000)]
  0x000001b8ff7d99e0 JavaThread "Unconstrained build operations Thread 2" [_thread_blocked, id=8112, stack(0x000000320b000000,0x000000320b100000)]
  0x000001b8ff7df500 JavaThread "Unconstrained build operations Thread 3" [_thread_blocked, id=26676, stack(0x000000320b100000,0x000000320b200000)]
  0x000001b8ff7dae20 JavaThread "Unconstrained build operations Thread 4" [_thread_blocked, id=6952, stack(0x000000320b200000,0x000000320b300000)]
  0x000001b8ff7db330 JavaThread "Unconstrained build operations Thread 5" [_thread_blocked, id=22764, stack(0x000000320b300000,0x000000320b400000)]
  0x000001b8ff7d9ef0 JavaThread "Unconstrained build operations Thread 6" [_thread_blocked, id=11340, stack(0x000000320b400000,0x000000320b500000)]
  0x000001b8ff7dbd50 JavaThread "Unconstrained build operations Thread 7" [_thread_blocked, id=26692, stack(0x000000320b500000,0x000000320b600000)]
  0x000001b8ff7d8ab0 JavaThread "Unconstrained build operations Thread 8" [_thread_blocked, id=24028, stack(0x000000320b600000,0x000000320b700000)]
  0x000001b8ff7dc260 JavaThread "Unconstrained build operations Thread 9" [_thread_blocked, id=27368, stack(0x000000320b700000,0x000000320b800000)]
  0x000001b8ff7e0430 JavaThread "Unconstrained build operations Thread 10" [_thread_blocked, id=17488, stack(0x000000320b800000,0x000000320b900000)]
  0x000001b8ff7da910 JavaThread "Unconstrained build operations Thread 11" [_thread_blocked, id=23652, stack(0x000000320b900000,0x000000320ba00000)]
  0x000001b8ff7d8fc0 JavaThread "Unconstrained build operations Thread 12" [_thread_blocked, id=23784, stack(0x000000320bc00000,0x000000320bd00000)]
  0x000001b8ff7dc770 JavaThread "Unconstrained build operations Thread 13" [_thread_blocked, id=27208, stack(0x000000320bd00000,0x000000320be00000)]
  0x000001b8ff7dcc80 JavaThread "Unconstrained build operations Thread 14" [_thread_blocked, id=24944, stack(0x000000320be00000,0x000000320bf00000)]
  0x000001b8ff7d94d0 JavaThread "Unconstrained build operations Thread 15" [_thread_blocked, id=6388, stack(0x000000320bf00000,0x000000320c000000)]
  0x000001b8ff7da400 JavaThread "Unconstrained build operations Thread 16" [_thread_blocked, id=23800, stack(0x000000320c000000,0x000000320c100000)]
  0x000001b8ff7deae0 JavaThread "Unconstrained build operations Thread 17" [_thread_blocked, id=22820, stack(0x000000320c100000,0x000000320c200000)]
  0x000001b8ff7de0c0 JavaThread "Unconstrained build operations Thread 18" [_thread_blocked, id=25472, stack(0x000000320c200000,0x000000320c300000)]
  0x000001b8ff7ddbb0 JavaThread "Unconstrained build operations Thread 19" [_thread_blocked, id=11680, stack(0x000000320c300000,0x000000320c400000)]
  0x000001b8ff7dd6a0 JavaThread "Unconstrained build operations Thread 20" [_thread_blocked, id=21180, stack(0x000000320c400000,0x000000320c500000)]
  0x000001b8ff7deff0 JavaThread "Unconstrained build operations Thread 21" [_thread_blocked, id=26508, stack(0x000000320c500000,0x000000320c600000)]
  0x000001b8c72af830 JavaThread "Unconstrained build operations Thread 22" [_thread_blocked, id=13184, stack(0x000000320c600000,0x000000320c700000)]
  0x000001b8c72b0250 JavaThread "Unconstrained build operations Thread 23" [_thread_blocked, id=19388, stack(0x000000320c900000,0x000000320ca00000)]
  0x000001b8c72ae900 JavaThread "Unconstrained build operations Thread 24" [_thread_blocked, id=14548, stack(0x000000320ca00000,0x000000320cb00000)]
  0x000001b8c72ab660 JavaThread "Unconstrained build operations Thread 25" [_thread_blocked, id=27376, stack(0x000000320cb00000,0x000000320cc00000)]
  0x000001b8c72abb70 JavaThread "Unconstrained build operations Thread 26" [_thread_blocked, id=27020, stack(0x000000320cc00000,0x000000320cd00000)]
  0x000001b8c72b0760 JavaThread "Unconstrained build operations Thread 27" [_thread_blocked, id=26244, stack(0x000000320cd00000,0x000000320ce00000)]
  0x000001b8c72ab150 JavaThread "Unconstrained build operations Thread 28" [_thread_blocked, id=23764, stack(0x000000320ce00000,0x000000320cf00000)]
  0x000001b8c72afd40 JavaThread "Unconstrained build operations Thread 29" [_thread_blocked, id=25724, stack(0x000000320cf00000,0x000000320d000000)]
  0x000001b8c72b0c70 JavaThread "Unconstrained build operations Thread 30" [_thread_blocked, id=3264, stack(0x000000320d000000,0x000000320d100000)]
  0x000001b8c72b1690 JavaThread "Unconstrained build operations Thread 31" [_thread_blocked, id=4856, stack(0x000000320d100000,0x000000320d200000)]
  0x000001b8c72ad4c0 JavaThread "Unconstrained build operations Thread 32" [_thread_blocked, id=3664, stack(0x000000320d200000,0x000000320d300000)]
  0x000001b8c72ad9d0 JavaThread "Unconstrained build operations Thread 33" [_thread_blocked, id=12172, stack(0x000000320d300000,0x000000320d400000)]
  0x000001b8c72acaa0 JavaThread "build event listener" [_thread_blocked, id=27300, stack(0x000000320ba00000,0x000000320bb00000)]
  0x000001b8ca3be060 JavaThread "C2 CompilerThread1" daemon [_thread_blocked, id=23936, stack(0x000000320bb00000,0x000000320bc00000)]
  0x000001b8c72b1180 JavaThread "Memory manager" [_thread_blocked, id=25512, stack(0x000000320d400000,0x000000320d500000)]

Other Threads:
=>0x000001b8ff42e2b0 VMThread "VM Thread" [stack: 0x0000003208200000,0x0000003208300000] [id=14176]
  0x000001b8e0b14230 WatcherThread [stack: 0x0000003208e00000,0x0000003208f00000] [id=26956]
  0x000001b8e0b6eb60 GCTaskThread "GC Thread#0" [stack: 0x0000003207d00000,0x0000003207e00000] [id=2288]
  0x000001b8c50f50f0 GCTaskThread "GC Thread#1" [stack: 0x0000003209100000,0x0000003209200000] [id=25832]
  0x000001b8ff758570 GCTaskThread "GC Thread#2" [stack: 0x0000003209200000,0x0000003209300000] [id=17512]
  0x000001b8c58f2a20 GCTaskThread "GC Thread#3" [stack: 0x0000003209300000,0x0000003209400000] [id=27512]
  0x000001b8c50330d0 GCTaskThread "GC Thread#4" [stack: 0x0000003209400000,0x0000003209500000] [id=2572]
  0x000001b8c7028e30 GCTaskThread "GC Thread#5" [stack: 0x000000320a500000,0x000000320a600000] [id=24916]
  0x000001b8c7029670 GCTaskThread "GC Thread#6" [stack: 0x000000320a600000,0x000000320a700000] [id=24280]
  0x000001b8c7029930 GCTaskThread "GC Thread#7" [stack: 0x000000320a700000,0x000000320a800000] [id=26056]
  0x000001b8c70288b0 GCTaskThread "GC Thread#8" [stack: 0x000000320a800000,0x000000320a900000] [id=23564]
  0x000001b8c7028b70 GCTaskThread "GC Thread#9" [stack: 0x000000320a900000,0x000000320aa00000] [id=19692]
  0x000001b8e0b7f9b0 ConcurrentGCThread "G1 Main Marker" [stack: 0x0000003207e00000,0x0000003207f00000] [id=26000]
  0x000001b8e0b802d0 ConcurrentGCThread "G1 Conc#0" [stack: 0x0000003207f00000,0x0000003208000000] [id=18816]
  0x000001b8c70290f0 ConcurrentGCThread "G1 Conc#1" [stack: 0x000000320aa00000,0x000000320ab00000] [id=11784]
  0x000001b8c702a170 ConcurrentGCThread "G1 Conc#2" [stack: 0x000000320ab00000,0x000000320ac00000] [id=22088]
  0x000001b8e0bbe3d0 ConcurrentGCThread "G1 Refine#0" [stack: 0x0000003208000000,0x0000003208100000] [id=19684]
  0x000001b8c70232a0 ConcurrentGCThread "G1 Refine#1" [stack: 0x000000320c700000,0x000000320c800000] [id=16536]
  0x000001b8c85beb40 ConcurrentGCThread "G1 Refine#2" [stack: 0x000000320c800000,0x000000320c900000] [id=26808]
  0x000001b8ff2ec220 ConcurrentGCThread "G1 Service" [stack: 0x0000003208100000,0x0000003208200000] [id=21188]

Threads with active compile tasks:
C2 CompilerThread0    19317 8918       4       java.lang.reflect.Constructor::newInstanceWithCaller (75 bytes)
C2 CompilerThread1    19317 8879 %     4       org.gradle.internal.instantiation.generator.AbstractClassGenerator::inspectType @ 207 (560 bytes)

VM state: at safepoint (normal execution)

VM Mutex/Monitor currently owned by a thread:  ([mutex/lock_event])
[0x000001b8e0b0e860] Threads_lock - owner thread: 0x000001b8ff42e2b0
[0x000001b8e0b0f040] Heap_lock - owner thread: 0x000001b8ff5612f0

Heap address: 0x0000000080000000, size: 2048 MB, Compressed Oops mode: 32-bit

CDS archive(s) mapped at: [0x000001b880000000-0x000001b880bb0000-0x000001b880bb0000), size 12255232, SharedBaseAddress: 0x000001b880000000, ArchiveRelocationMode: 1.
Compressed class space mapped at: 0x000001b881000000-0x000001b8c1000000, reserved size: 1073741824
Narrow klass base: 0x000001b880000000, Narrow klass shift: 0, Narrow klass range: 0x100000000

GC Precious Log:
 CPUs: 12 total, 12 available
 Memory: 15791M
 Large Page Support: Disabled
 NUMA Support: Disabled
 Compressed Oops: Enabled (32-bit)
 Heap Region Size: 1M
 Heap Min Capacity: 8M
 Heap Initial Capacity: 248M
 Heap Max Capacity: 2G
 Pre-touch: Disabled
 Parallel Workers: 10
 Concurrent Workers: 3
 Concurrent Refinement Workers: 10
 Periodic GC: Disabled

Heap:
 garbage-first heap   total 140288K, used 77949K [0x0000000080000000, 0x0000000100000000)
  region size 1024K, 2 young (2048K), 2 survivors (2048K)
 Metaspace       used 63718K, committed 64448K, reserved 1114112K
  class space    used 8863K, committed 9216K, reserved 1048576K

Heap Regions: E=young(eden), S=young(survivor), O=old, HS=humongous(starts), HC=humongous(continues), CS=collection set, F=free, OA=open archive, CA=closed archive, TAMS=top-at-mark-start (previous, next)
|   0|0x0000000080000000, 0x0000000080100000, 0x0000000080100000|100%| O|  |TAMS 0x0000000080100000, 0x0000000080100000| Untracked 
|   1|0x0000000080100000, 0x0000000080200000, 0x0000000080200000|100%|HS|  |TAMS 0x0000000080200000, 0x0000000080200000| Complete 
|   2|0x0000000080200000, 0x0000000080300000, 0x0000000080300000|100%|HC|  |TAMS 0x0000000080300000, 0x0000000080300000| Complete 
|   3|0x0000000080300000, 0x0000000080400000, 0x0000000080400000|100%|HC|  |TAMS 0x0000000080400000, 0x0000000080400000| Complete 
|   4|0x0000000080400000, 0x0000000080500000, 0x0000000080500000|100%| O|  |TAMS 0x0000000080500000, 0x0000000080500000| Untracked 
|   5|0x0000000080500000, 0x0000000080600000, 0x0000000080600000|100%| O|  |TAMS 0x0000000080600000, 0x0000000080600000| Untracked 
|   6|0x0000000080600000, 0x0000000080700000, 0x0000000080700000|100%| O|  |TAMS 0x0000000080700000, 0x0000000080700000| Untracked 
|   7|0x0000000080700000, 0x0000000080800000, 0x0000000080800000|100%|HS|  |TAMS 0x0000000080800000, 0x0000000080800000| Complete 
|   8|0x0000000080800000, 0x0000000080900000, 0x0000000080900000|100%| O|  |TAMS 0x0000000080900000, 0x0000000080900000| Untracked 
|   9|0x0000000080900000, 0x0000000080a00000, 0x0000000080a00000|100%| O|  |TAMS 0x0000000080a00000, 0x0000000080a00000| Untracked 
|  10|0x0000000080a00000, 0x0000000080b00000, 0x0000000080b00000|100%| O|  |TAMS 0x0000000080b00000, 0x0000000080b00000| Untracked 
|  11|0x0000000080b00000, 0x0000000080c00000, 0x0000000080c00000|100%| O|  |TAMS 0x0000000080c00000, 0x0000000080c00000| Untracked 
|  12|0x0000000080c00000, 0x0000000080cefa00, 0x0000000080d00000| 93%| O|  |TAMS 0x0000000080cefa00, 0x0000000080cefa00| Untracked 
|  13|0x0000000080d00000, 0x0000000080e00000, 0x0000000080e00000|100%| O|  |TAMS 0x0000000080e00000, 0x0000000080e00000| Untracked 
|  14|0x0000000080e00000, 0x0000000080f00000, 0x0000000080f00000|100%| O|  |TAMS 0x0000000080f00000, 0x0000000080f00000| Untracked 
|  15|0x0000000080f00000, 0x0000000081000000, 0x0000000081000000|100%| O|  |TAMS 0x0000000081000000, 0x0000000081000000| Untracked 
|  16|0x0000000081000000, 0x0000000081100000, 0x0000000081100000|100%| O|  |TAMS 0x0000000081100000, 0x0000000081100000| Untracked 
|  17|0x0000000081100000, 0x0000000081200000, 0x0000000081200000|100%| O|  |TAMS 0x0000000081200000, 0x0000000081200000| Untracked 
|  18|0x0000000081200000, 0x0000000081300000, 0x0000000081300000|100%| O|  |TAMS 0x0000000081300000, 0x0000000081300000| Untracked 
|  19|0x0000000081300000, 0x0000000081400000, 0x0000000081400000|100%| O|  |TAMS 0x0000000081400000, 0x0000000081400000| Untracked 
|  20|0x0000000081400000, 0x0000000081500000, 0x0000000081500000|100%| O|  |TAMS 0x0000000081500000, 0x0000000081500000| Untracked 
|  21|0x0000000081500000, 0x0000000081600000, 0x0000000081600000|100%| O|  |TAMS 0x0000000081600000, 0x0000000081600000| Untracked 
|  22|0x0000000081600000, 0x0000000081700000, 0x0000000081700000|100%| O|  |TAMS 0x0000000081700000, 0x0000000081700000| Untracked 
|  23|0x0000000081700000, 0x0000000081800000, 0x0000000081800000|100%| O|  |TAMS 0x0000000081800000, 0x0000000081800000| Untracked 
|  24|0x0000000081800000, 0x0000000081900000, 0x0000000081900000|100%| O|  |TAMS 0x0000000081900000, 0x0000000081900000| Untracked 
|  25|0x0000000081900000, 0x0000000081a00000, 0x0000000081a00000|100%| O|  |TAMS 0x0000000081a00000, 0x0000000081a00000| Untracked 
|  26|0x0000000081a00000, 0x0000000081b00000, 0x0000000081b00000|100%| O|  |TAMS 0x0000000081b00000, 0x0000000081b00000| Untracked 
|  27|0x0000000081b00000, 0x0000000081c00000, 0x0000000081c00000|100%| O|  |TAMS 0x0000000081c00000, 0x0000000081c00000| Untracked 
|  28|0x0000000081c00000, 0x0000000081d00000, 0x0000000081d00000|100%| O|  |TAMS 0x0000000081d00000, 0x0000000081d00000| Untracked 
|  29|0x0000000081d00000, 0x0000000081e00000, 0x0000000081e00000|100%| O|  |TAMS 0x0000000081e00000, 0x0000000081e00000| Untracked 
|  30|0x0000000081e00000, 0x0000000081f00000, 0x0000000081f00000|100%| O|  |TAMS 0x0000000081f00000, 0x0000000081f00000| Untracked 
|  31|0x0000000081f00000, 0x0000000082000000, 0x0000000082000000|100%| O|  |TAMS 0x0000000082000000, 0x0000000082000000| Untracked 
|  32|0x0000000082000000, 0x0000000082100000, 0x0000000082100000|100%| O|  |TAMS 0x0000000082100000, 0x0000000082100000| Untracked 
|  33|0x0000000082100000, 0x0000000082200000, 0x0000000082200000|100%| O|  |TAMS 0x0000000082200000, 0x0000000082200000| Untracked 
|  34|0x0000000082200000, 0x0000000082300000, 0x0000000082300000|100%| O|  |TAMS 0x0000000082300000, 0x0000000082300000| Untracked 
|  35|0x0000000082300000, 0x0000000082400000, 0x0000000082400000|100%| O|  |TAMS 0x0000000082300000, 0x0000000082400000| Untracked 
|  36|0x0000000082400000, 0x0000000082400000, 0x0000000082500000|  0%| F|  |TAMS 0x0000000082400000, 0x0000000082400000| Untracked 
|  37|0x0000000082500000, 0x0000000082600000, 0x0000000082600000|100%| O|  |TAMS 0x0000000082600000, 0x0000000082600000| Untracked 
|  38|0x0000000082600000, 0x0000000082700000, 0x0000000082700000|100%| O|  |TAMS 0x0000000082700000, 0x0000000082700000| Untracked 
|  39|0x0000000082700000, 0x0000000082800000, 0x0000000082800000|100%| O|  |TAMS 0x0000000082800000, 0x0000000082800000| Untracked 
|  40|0x0000000082800000, 0x0000000082900000, 0x0000000082900000|100%| O|  |TAMS 0x0000000082900000, 0x0000000082900000| Untracked 
|  41|0x0000000082900000, 0x0000000082a00000, 0x0000000082a00000|100%| O|  |TAMS 0x0000000082a00000, 0x0000000082a00000| Untracked 
|  42|0x0000000082a00000, 0x0000000082b00000, 0x0000000082b00000|100%| O|  |TAMS 0x0000000082b00000, 0x0000000082b00000| Untracked 
|  43|0x0000000082b00000, 0x0000000082c00000, 0x0000000082c00000|100%| O|  |TAMS 0x0000000082c00000, 0x0000000082c00000| Untracked 
|  44|0x0000000082c00000, 0x0000000082d00000, 0x0000000082d00000|100%| O|  |TAMS 0x0000000082d00000, 0x0000000082d00000| Untracked 
|  45|0x0000000082d00000, 0x0000000082e00000, 0x0000000082e00000|100%| O|  |TAMS 0x0000000082e00000, 0x0000000082e00000| Untracked 
|  46|0x0000000082e00000, 0x0000000082f00000, 0x0000000082f00000|100%| O|  |TAMS 0x0000000082f00000, 0x0000000082f00000| Untracked 
|  47|0x0000000082f00000, 0x0000000083000000, 0x0000000083000000|100%| O|  |TAMS 0x0000000083000000, 0x0000000083000000| Untracked 
|  48|0x0000000083000000, 0x0000000083100000, 0x0000000083100000|100%| O|  |TAMS 0x0000000083100000, 0x0000000083100000| Untracked 
|  49|0x0000000083100000, 0x0000000083200000, 0x0000000083200000|100%|HS|  |TAMS 0x0000000083200000, 0x0000000083200000| Complete 
|  50|0x0000000083200000, 0x0000000083300000, 0x0000000083300000|100%|HS|  |TAMS 0x0000000083300000, 0x0000000083300000| Complete 
|  51|0x0000000083300000, 0x0000000083400000, 0x0000000083400000|100%|HS|  |TAMS 0x0000000083400000, 0x0000000083400000| Complete 
|  52|0x0000000083400000, 0x0000000083500000, 0x0000000083500000|100%|HC|  |TAMS 0x0000000083500000, 0x0000000083500000| Complete 
|  53|0x0000000083500000, 0x0000000083600000, 0x0000000083600000|100%|HS|  |TAMS 0x0000000083600000, 0x0000000083600000| Complete 
|  54|0x0000000083600000, 0x0000000083700000, 0x0000000083700000|100%|HC|  |TAMS 0x0000000083700000, 0x0000000083700000| Complete 
|  55|0x0000000083700000, 0x0000000083800000, 0x0000000083800000|100%|HS|  |TAMS 0x0000000083800000, 0x0000000083800000| Complete 
|  56|0x0000000083800000, 0x0000000083900000, 0x0000000083900000|100%|HS|  |TAMS 0x0000000083900000, 0x0000000083900000| Complete 
|  57|0x0000000083900000, 0x0000000083a00000, 0x0000000083a00000|100%|HC|  |TAMS 0x0000000083a00000, 0x0000000083a00000| Complete 
|  58|0x0000000083a00000, 0x0000000083b00000, 0x0000000083b00000|100%|HC|  |TAMS 0x0000000083b00000, 0x0000000083b00000| Complete 
|  59|0x0000000083b00000, 0x0000000083c00000, 0x0000000083c00000|100%|HS|  |TAMS 0x0000000083c00000, 0x0000000083c00000| Complete 
|  60|0x0000000083c00000, 0x0000000083d00000, 0x0000000083d00000|100%| O|  |TAMS 0x0000000083d00000, 0x0000000083d00000| Untracked 
|  61|0x0000000083d00000, 0x0000000083e00000, 0x0000000083e00000|100%|HS|  |TAMS 0x0000000083e00000, 0x0000000083e00000| Complete 
|  62|0x0000000083e00000, 0x0000000083f00000, 0x0000000083f00000|100%|HS|  |TAMS 0x0000000083f00000, 0x0000000083f00000| Complete 
|  63|0x0000000083f00000, 0x0000000084000000, 0x0000000084000000|100%| O|  |TAMS 0x0000000084000000, 0x0000000084000000| Untracked 
|  64|0x0000000084000000, 0x0000000084100000, 0x0000000084100000|100%| O|  |TAMS 0x0000000084100000, 0x0000000084100000| Untracked 
|  65|0x0000000084100000, 0x0000000084200000, 0x0000000084200000|100%| O|  |TAMS 0x0000000084156c00, 0x0000000084200000| Untracked 
|  66|0x0000000084200000, 0x0000000084300000, 0x0000000084300000|100%| O|  |TAMS 0x0000000084200000, 0x0000000084300000| Untracked 
|  67|0x0000000084300000, 0x0000000084400000, 0x0000000084400000|100%| O|  |TAMS 0x0000000084300000, 0x0000000084400000| Untracked 
|  68|0x0000000084400000, 0x00000000844b5200, 0x0000000084500000| 70%| O|  |TAMS 0x0000000084400000, 0x00000000844b5200| Untracked 
|  69|0x0000000084500000, 0x0000000084600000, 0x0000000084600000|100%| O|  |TAMS 0x0000000084600000, 0x0000000084600000| Untracked 
|  70|0x0000000084600000, 0x0000000084700000, 0x0000000084700000|100%| O|  |TAMS 0x0000000084700000, 0x0000000084700000| Untracked 
|  71|0x0000000084700000, 0x0000000084800000, 0x0000000084800000|100%| O|  |TAMS 0x0000000084800000, 0x0000000084800000| Untracked 
|  72|0x0000000084800000, 0x0000000084900000, 0x0000000084900000|100%|HS|  |TAMS 0x0000000084800000, 0x0000000084900000| Complete 
|  73|0x0000000084900000, 0x0000000084a00000, 0x0000000084a00000|100%| O|  |TAMS 0x0000000084900000, 0x0000000084a00000| Untracked 
|  74|0x0000000084a00000, 0x0000000084a00000, 0x0000000084b00000|  0%| F|  |TAMS 0x0000000084a00000, 0x0000000084a00000| Untracked 
|  75|0x0000000084b00000, 0x0000000084b00000, 0x0000000084c00000|  0%| F|  |TAMS 0x0000000084b00000, 0x0000000084b00000| Untracked 
|  76|0x0000000084c00000, 0x0000000084c00000, 0x0000000084d00000|  0%| F|  |TAMS 0x0000000084c00000, 0x0000000084c00000| Untracked 
|  77|0x0000000084d00000, 0x0000000084d00000, 0x0000000084e00000|  0%| F|  |TAMS 0x0000000084d00000, 0x0000000084d00000| Untracked 
|  78|0x0000000084e00000, 0x0000000084e00000, 0x0000000084f00000|  0%| F|  |TAMS 0x0000000084e00000, 0x0000000084e00000| Untracked 
|  79|0x0000000084f00000, 0x0000000084f00000, 0x0000000085000000|  0%| F|  |TAMS 0x0000000084f00000, 0x0000000084f00000| Untracked 
|  80|0x0000000085000000, 0x0000000085000000, 0x0000000085100000|  0%| F|  |TAMS 0x0000000085000000, 0x0000000085000000| Untracked 
|  81|0x0000000085100000, 0x0000000085100000, 0x0000000085200000|  0%| F|  |TAMS 0x0000000085100000, 0x0000000085100000| Untracked 
|  82|0x0000000085200000, 0x0000000085200000, 0x0000000085300000|  0%| F|  |TAMS 0x0000000085200000, 0x0000000085200000| Untracked 
|  83|0x0000000085300000, 0x0000000085300000, 0x0000000085400000|  0%| F|  |TAMS 0x0000000085300000, 0x0000000085300000| Untracked 
|  84|0x0000000085400000, 0x0000000085400000, 0x0000000085500000|  0%| F|  |TAMS 0x0000000085400000, 0x0000000085400000| Untracked 
|  85|0x0000000085500000, 0x0000000085500000, 0x0000000085600000|  0%| F|  |TAMS 0x0000000085500000, 0x0000000085500000| Untracked 
|  86|0x0000000085600000, 0x0000000085600000, 0x0000000085700000|  0%| F|  |TAMS 0x0000000085600000, 0x0000000085600000| Untracked 
|  87|0x0000000085700000, 0x0000000085700000, 0x0000000085800000|  0%| F|  |TAMS 0x0000000085700000, 0x0000000085700000| Untracked 
|  88|0x0000000085800000, 0x0000000085800000, 0x0000000085900000|  0%| F|  |TAMS 0x0000000085800000, 0x0000000085800000| Untracked 
|  89|0x0000000085900000, 0x0000000085900000, 0x0000000085a00000|  0%| F|  |TAMS 0x0000000085900000, 0x0000000085900000| Untracked 
|  90|0x0000000085a00000, 0x0000000085a00000, 0x0000000085b00000|  0%| F|  |TAMS 0x0000000085a00000, 0x0000000085a00000| Untracked 
|  91|0x0000000085b00000, 0x0000000085b7aab8, 0x0000000085c00000| 47%| S|CS|TAMS 0x0000000085b00000, 0x0000000085b00000| Complete 
|  92|0x0000000085c00000, 0x0000000085d00000, 0x0000000085d00000|100%| S|CS|TAMS 0x0000000085c00000, 0x0000000085c00000| Complete 
|  93|0x0000000085d00000, 0x0000000085d00000, 0x0000000085e00000|  0%| F|  |TAMS 0x0000000085d00000, 0x0000000085d00000| Untracked 
|  94|0x0000000085e00000, 0x0000000085e00000, 0x0000000085f00000|  0%| F|  |TAMS 0x0000000085e00000, 0x0000000085e00000| Untracked 
|  95|0x0000000085f00000, 0x0000000085f00000, 0x0000000086000000|  0%| F|  |TAMS 0x0000000085f00000, 0x0000000085f00000| Untracked 
|  96|0x0000000086000000, 0x0000000086000000, 0x0000000086100000|  0%| F|  |TAMS 0x0000000086000000, 0x0000000086000000| Untracked 
|  97|0x0000000086100000, 0x0000000086100000, 0x0000000086200000|  0%| F|  |TAMS 0x0000000086100000, 0x0000000086100000| Untracked 
|  98|0x0000000086200000, 0x0000000086200000, 0x0000000086300000|  0%| F|  |TAMS 0x0000000086200000, 0x0000000086200000| Untracked 
|  99|0x0000000086300000, 0x0000000086300000, 0x0000000086400000|  0%| F|  |TAMS 0x0000000086300000, 0x0000000086300000| Untracked 
| 100|0x0000000086400000, 0x0000000086400000, 0x0000000086500000|  0%| F|  |TAMS 0x0000000086400000, 0x0000000086400000| Untracked 
| 101|0x0000000086500000, 0x0000000086500000, 0x0000000086600000|  0%| F|  |TAMS 0x0000000086500000, 0x0000000086500000| Untracked 
| 102|0x0000000086600000, 0x0000000086600000, 0x0000000086700000|  0%| F|  |TAMS 0x0000000086600000, 0x0000000086600000| Untracked 
| 103|0x0000000086700000, 0x0000000086700000, 0x0000000086800000|  0%| F|  |TAMS 0x0000000086700000, 0x0000000086700000| Untracked 
| 104|0x0000000086800000, 0x0000000086800000, 0x0000000086900000|  0%| F|  |TAMS 0x0000000086800000, 0x0000000086800000| Untracked 
| 105|0x0000000086900000, 0x0000000086900000, 0x0000000086a00000|  0%| F|  |TAMS 0x0000000086900000, 0x0000000086900000| Untracked 
| 106|0x0000000086a00000, 0x0000000086a00000, 0x0000000086b00000|  0%| F|  |TAMS 0x0000000086a00000, 0x0000000086a00000| Untracked 
| 107|0x0000000086b00000, 0x0000000086b00000, 0x0000000086c00000|  0%| F|  |TAMS 0x0000000086b00000, 0x0000000086b00000| Untracked 
| 108|0x0000000086c00000, 0x0000000086c00000, 0x0000000086d00000|  0%| F|  |TAMS 0x0000000086c00000, 0x0000000086c00000| Untracked 
| 109|0x0000000086d00000, 0x0000000086d00000, 0x0000000086e00000|  0%| F|  |TAMS 0x0000000086d00000, 0x0000000086d00000| Untracked 
| 110|0x0000000086e00000, 0x0000000086e00000, 0x0000000086f00000|  0%| F|  |TAMS 0x0000000086e00000, 0x0000000086e00000| Untracked 
| 111|0x0000000086f00000, 0x0000000086f00000, 0x0000000087000000|  0%| F|  |TAMS 0x0000000086f00000, 0x0000000086f00000| Untracked 
| 112|0x0000000087000000, 0x0000000087000000, 0x0000000087100000|  0%| F|  |TAMS 0x0000000087000000, 0x0000000087000000| Untracked 
| 113|0x0000000087100000, 0x0000000087100000, 0x0000000087200000|  0%| F|  |TAMS 0x0000000087100000, 0x0000000087100000| Untracked 
| 114|0x0000000087200000, 0x0000000087200000, 0x0000000087300000|  0%| F|  |TAMS 0x0000000087200000, 0x0000000087200000| Untracked 
| 115|0x0000000087300000, 0x0000000087300000, 0x0000000087400000|  0%| F|  |TAMS 0x0000000087300000, 0x0000000087300000| Untracked 
| 116|0x0000000087400000, 0x0000000087400000, 0x0000000087500000|  0%| F|  |TAMS 0x0000000087400000, 0x0000000087400000| Untracked 
| 117|0x0000000087500000, 0x0000000087500000, 0x0000000087600000|  0%| F|  |TAMS 0x0000000087500000, 0x0000000087500000| Untracked 
| 118|0x0000000087600000, 0x0000000087600000, 0x0000000087700000|  0%| F|  |TAMS 0x0000000087600000, 0x0000000087600000| Untracked 
| 119|0x0000000087700000, 0x0000000087700000, 0x0000000087800000|  0%| F|  |TAMS 0x0000000087700000, 0x0000000087700000| Untracked 
| 120|0x0000000087800000, 0x0000000087800000, 0x0000000087900000|  0%| F|  |TAMS 0x0000000087800000, 0x0000000087800000| Untracked 
| 121|0x0000000087900000, 0x0000000087900000, 0x0000000087a00000|  0%| F|  |TAMS 0x0000000087900000, 0x0000000087900000| Untracked 
| 122|0x0000000087a00000, 0x0000000087a00000, 0x0000000087b00000|  0%| F|  |TAMS 0x0000000087a00000, 0x0000000087a00000| Untracked 
| 123|0x0000000087b00000, 0x0000000087b00000, 0x0000000087c00000|  0%| F|  |TAMS 0x0000000087b00000, 0x0000000087b00000| Untracked 
| 124|0x0000000087c00000, 0x0000000087c00000, 0x0000000087d00000|  0%| F|  |TAMS 0x0000000087c00000, 0x0000000087c00000| Untracked 
| 125|0x0000000087d00000, 0x0000000087d00000, 0x0000000087e00000|  0%| F|  |TAMS 0x0000000087d00000, 0x0000000087d00000| Untracked 
| 126|0x0000000087e00000, 0x0000000087e00000, 0x0000000087f00000|  0%| F|  |TAMS 0x0000000087e00000, 0x0000000087e00000| Untracked 
| 127|0x0000000087f00000, 0x0000000087f00000, 0x0000000088000000|  0%| F|  |TAMS 0x0000000087f00000, 0x0000000087f00000| Untracked 
| 128|0x0000000088000000, 0x0000000088000000, 0x0000000088100000|  0%| F|  |TAMS 0x0000000088000000, 0x0000000088000000| Untracked 
| 129|0x0000000088100000, 0x0000000088100000, 0x0000000088200000|  0%| F|  |TAMS 0x0000000088100000, 0x0000000088100000| Untracked 
| 130|0x0000000088200000, 0x0000000088200000, 0x0000000088300000|  0%| F|  |TAMS 0x0000000088200000, 0x0000000088200000| Untracked 
| 131|0x0000000088300000, 0x0000000088300000, 0x0000000088400000|  0%| F|  |TAMS 0x0000000088300000, 0x0000000088300000| Untracked 
| 132|0x0000000088400000, 0x0000000088400000, 0x0000000088500000|  0%| F|  |TAMS 0x0000000088400000, 0x0000000088400000| Untracked 
| 133|0x0000000088500000, 0x0000000088500000, 0x0000000088600000|  0%| F|  |TAMS 0x0000000088500000, 0x0000000088500000| Untracked 
| 247|0x000000008f700000, 0x000000008f700000, 0x000000008f800000|  0%| F|  |TAMS 0x000000008f700000, 0x000000008f700000| Untracked 
|2046|0x00000000ffe00000, 0x00000000fff00000, 0x00000000fff00000|100%| O|  |TAMS 0x00000000fff00000, 0x00000000fff00000| Untracked 
|2047|0x00000000fff00000, 0x0000000100000000, 0x0000000100000000|100%| O|  |TAMS 0x0000000100000000, 0x0000000100000000| Untracked 

Card table byte_map: [0x000001b8f7fa0000,0x000001b8f83a0000] _byte_map_base: 0x000001b8f7ba0000

Marking Bits (Prev, Next): (CMBitMap*) 0x000001b8e0b6f0c0, (CMBitMap*) 0x000001b8e0b6f080
 Prev Bits: [0x000001b8fa7a0000, 0x000001b8fc7a0000)
 Next Bits: [0x000001b8f87a0000, 0x000001b8fa7a0000)

Polling page: 0x000001b8de980000

Metaspace:

Usage:
  Non-class:     53.57 MB used.
      Class:      8.66 MB used.
       Both:     62.23 MB used.

Virtual space:
  Non-class space:       64.00 MB reserved,      53.94 MB ( 84%) committed,  1 nodes.
      Class space:        1.00 GB reserved,       9.00 MB ( <1%) committed,  1 nodes.
             Both:        1.06 GB reserved,      62.94 MB (  6%) committed. 

Chunk freelists:
   Non-Class:  10.05 MB
       Class:  6.92 MB
        Both:  16.97 MB

MaxMetaspaceSize: unlimited
CompressedClassSpaceSize: 1.00 GB
Initial GC threshold: 21.00 MB
Current GC threshold: 98.12 MB
CDS: on
MetaspaceReclaimPolicy: balanced
 - commit_granule_bytes: 65536.
 - commit_granule_words: 8192.
 - virtual_space_node_default_size: 8388608.
 - enlarge_chunks_in_place: 1.
 - new_chunks_are_fully_committed: 0.
 - uncommit_free_chunks: 1.
 - use_allocation_guard: 0.
 - handle_deallocations: 1.


Internal statistics:

num_allocs_failed_limit: 6.
num_arena_births: 816.
num_arena_deaths: 0.
num_vsnodes_births: 2.
num_vsnodes_deaths: 0.
num_space_committed: 1007.
num_space_uncommitted: 0.
num_chunks_returned_to_freelist: 6.
num_chunks_taken_from_freelist: 3422.
num_chunk_merges: 6.
num_chunk_splits: 2248.
num_chunks_enlarged: 1513.
num_inconsistent_stats: 0.

CodeHeap 'non-profiled nmethods': size=120000Kb used=4992Kb max_used=4992Kb free=115007Kb
 bounds [0x000001b8f0120000, 0x000001b8f0610000, 0x000001b8f7650000]
CodeHeap 'profiled nmethods': size=120000Kb used=15316Kb max_used=15316Kb free=104683Kb
 bounds [0x000001b8e8650000, 0x000001b8e9550000, 0x000001b8efb80000]
CodeHeap 'non-nmethods': size=5760Kb used=1673Kb max_used=1731Kb free=4086Kb
 bounds [0x000001b8efb80000, 0x000001b8efdf0000, 0x000001b8f0120000]
 total_blobs=8903 nmethods=8149 adapters=666
 compilation: enabled
              stopped_count=0, restarted_count=0
 full_count=0

Compilation events (20 events):
Event: 19.273 Thread 0x000001b8ff44be90 nmethod 8909 0x000001b8e9542310 code [0x000001b8e95424a0, 0x000001b8e95425e8]
Event: 19.273 Thread 0x000001b8ff44be90 8910       3       org.objectweb.asm.MethodWriter::visitLabel (332 bytes)
Event: 19.273 Thread 0x000001b8ff44be90 nmethod 8910 0x000001b8e9542690 code [0x000001b8e9542900, 0x000001b8e9543668]
Event: 19.273 Thread 0x000001b8ff44be90 8912       3       org.objectweb.asm.MethodVisitor::visitInvokeDynamicInsn (39 bytes)
Event: 19.274 Thread 0x000001b8ff44be90 nmethod 8912 0x000001b8e9543910 code [0x000001b8e9543ae0, 0x000001b8e9543df8]
Event: 19.274 Thread 0x000001b8ff44be90 8911       3       org.gradle.internal.instantiation.generator.AsmBackedClassGenerator$ClassBuilderImpl::access$8300 (4 bytes)
Event: 19.274 Thread 0x000001b8ff44be90 nmethod 8911 0x000001b8e9543f10 code [0x000001b8e95440a0, 0x000001b8e9544198]
Event: 19.274 Thread 0x000001b8ff44be90 8913       3       jdk.proxy1.$Proxy7::<init> (6 bytes)
Event: 19.274 Thread 0x000001b8ff44be90 nmethod 8913 0x000001b8e9544210 code [0x000001b8e95443e0, 0x000001b8e9544768]
Event: 19.280 Thread 0x000001b8ff44be90 8914       3       com.android.build.gradle.internal.dsl.decorator.SupportedPropertyType$Var::getImplementationType (5 bytes)
Event: 19.280 Thread 0x000001b8ff44be90 nmethod 8914 0x000001b8e9544910 code [0x000001b8e9544aa0, 0x000001b8e9544c58]
Event: 19.281 Thread 0x000001b8ff44b3e0 8915       4       org.gradle.internal.instantiation.generator.AsmBackedClassGenerator$ClassBuilderImpl::access$2600 (4 bytes)
Event: 19.281 Thread 0x000001b8ff44b3e0 nmethod 8915 0x000001b8f05ff710 code [0x000001b8f05ff880, 0x000001b8f05ff8d8]
Event: 19.281 Thread 0x000001b8ff44b3e0 8916       4       org.objectweb.asm.Type::hashCode (68 bytes)
Event: 19.283 Thread 0x000001b8ff44b3e0 nmethod 8916 0x000001b8f05ffa10 code [0x000001b8f05ffba0, 0x000001b8f05ffd08]
Event: 19.284 Thread 0x000001b8ff44be90 8917       1       com.google.common.cache.LocalCache$2::poll (2 bytes)
Event: 19.284 Thread 0x000001b8ff44be90 nmethod 8917 0x000001b8f05ffe90 code [0x000001b8f0600020, 0x000001b8f06000f8]
Event: 19.284 Thread 0x000001b8ff44b3e0 8918       4       java.lang.reflect.Constructor::newInstanceWithCaller (75 bytes)
Event: 19.287 Thread 0x000001b8ff44be90 8919       3       kotlin.sequences.TransformingSequence$iterator$1::next (22 bytes)
Event: 19.287 Thread 0x000001b8ff44be90 nmethod 8919 0x000001b8e9544d10 code [0x000001b8e9544ec0, 0x000001b8e9545178]

GC Heap History (20 events):
Event: 15.829 GC heap after
{Heap after GC invocations=19 (full 0):
 garbage-first heap   total 103424K, used 49823K [0x0000000080000000, 0x0000000100000000)
  region size 1024K, 4 young (4096K), 4 survivors (4096K)
 Metaspace       used 51886K, committed 52544K, reserved 1114112K
  class space    used 7319K, committed 7616K, reserved 1048576K
}
Event: 15.937 GC heap before
{Heap before GC invocations=19 (full 0):
 garbage-first heap   total 103424K, used 52895K [0x0000000080000000, 0x0000000100000000)
  region size 1024K, 8 young (8192K), 4 survivors (4096K)
 Metaspace       used 51941K, committed 52544K, reserved 1114112K
  class space    used 7322K, committed 7616K, reserved 1048576K
}
Event: 15.939 GC heap after
{Heap after GC invocations=20 (full 0):
 garbage-first heap   total 103424K, used 50130K [0x0000000080000000, 0x0000000100000000)
  region size 1024K, 1 young (1024K), 1 survivors (1024K)
 Metaspace       used 51941K, committed 52544K, reserved 1114112K
  class space    used 7322K, committed 7616K, reserved 1048576K
}
Event: 17.016 GC heap before
{Heap before GC invocations=21 (full 0):
 garbage-first heap   total 103424K, used 95186K [0x0000000080000000, 0x0000000100000000)
  region size 1024K, 32 young (32768K), 1 survivors (1024K)
 Metaspace       used 53592K, committed 54272K, reserved 1114112K
  class space    used 7545K, committed 7872K, reserved 1048576K
}
Event: 17.019 GC heap after
{Heap after GC invocations=22 (full 0):
 garbage-first heap   total 105472K, used 71001K [0x0000000080000000, 0x0000000100000000)
  region size 1024K, 4 young (4096K), 4 survivors (4096K)
 Metaspace       used 53592K, committed 54272K, reserved 1114112K
  class space    used 7545K, committed 7872K, reserved 1048576K
}
Event: 17.033 GC heap before
{Heap before GC invocations=22 (full 0):
 garbage-first heap   total 105472K, used 72025K [0x0000000080000000, 0x0000000100000000)
  region size 1024K, 5 young (5120K), 4 survivors (4096K)
 Metaspace       used 53654K, committed 54336K, reserved 1114112K
  class space    used 7557K, committed 7872K, reserved 1048576K
}
Event: 17.035 GC heap after
{Heap after GC invocations=23 (full 0):
 garbage-first heap   total 105472K, used 70644K [0x0000000080000000, 0x0000000100000000)
  region size 1024K, 1 young (1024K), 1 survivors (1024K)
 Metaspace       used 53654K, committed 54336K, reserved 1114112K
  class space    used 7557K, committed 7872K, reserved 1048576K
}
Event: 17.305 GC heap before
{Heap before GC invocations=23 (full 0):
 garbage-first heap   total 105472K, used 86004K [0x0000000080000000, 0x0000000100000000)
  region size 1024K, 17 young (17408K), 1 survivors (1024K)
 Metaspace       used 54946K, committed 55552K, reserved 1114112K
  class space    used 7723K, committed 8000K, reserved 1048576K
}
Event: 17.307 GC heap after
{Heap after GC invocations=24 (full 0):
 garbage-first heap   total 105472K, used 70882K [0x0000000080000000, 0x0000000100000000)
  region size 1024K, 1 young (1024K), 1 survivors (1024K)
 Metaspace       used 54946K, committed 55552K, reserved 1114112K
  class space    used 7723K, committed 8000K, reserved 1048576K
}
Event: 17.643 GC heap before
{Heap before GC invocations=25 (full 0):
 garbage-first heap   total 122880K, used 86242K [0x0000000080000000, 0x0000000100000000)
  region size 1024K, 17 young (17408K), 1 survivors (1024K)
 Metaspace       used 56300K, committed 56960K, reserved 1114112K
  class space    used 7875K, committed 8192K, reserved 1048576K
}
Event: 17.645 GC heap after
{Heap after GC invocations=26 (full 0):
 garbage-first heap   total 122880K, used 71605K [0x0000000080000000, 0x0000000100000000)
  region size 1024K, 2 young (2048K), 2 survivors (2048K)
 Metaspace       used 56300K, committed 56960K, reserved 1114112K
  class space    used 7875K, committed 8192K, reserved 1048576K
}
Event: 17.702 GC heap before
{Heap before GC invocations=26 (full 0):
 garbage-first heap   total 122880K, used 74677K [0x0000000080000000, 0x0000000100000000)
  region size 1024K, 6 young (6144K), 2 survivors (2048K)
 Metaspace       used 56781K, committed 57408K, reserved 1114112K
  class space    used 7914K, committed 8256K, reserved 1048576K
}
Event: 17.705 GC heap after
{Heap after GC invocations=27 (full 0):
 garbage-first heap   total 122880K, used 71098K [0x0000000080000000, 0x0000000100000000)
  region size 1024K, 1 young (1024K), 1 survivors (1024K)
 Metaspace       used 56781K, committed 57408K, reserved 1114112K
  class space    used 7914K, committed 8256K, reserved 1048576K
}
Event: 18.269 GC heap before
{Heap before GC invocations=27 (full 0):
 garbage-first heap   total 122880K, used 100794K [0x0000000080000000, 0x0000000100000000)
  region size 1024K, 30 young (30720K), 1 survivors (1024K)
 Metaspace       used 59569K, committed 60224K, reserved 1114112K
  class space    used 8325K, committed 8640K, reserved 1048576K
}
Event: 18.271 GC heap after
{Heap after GC invocations=28 (full 0):
 garbage-first heap   total 122880K, used 71818K [0x0000000080000000, 0x0000000100000000)
  region size 1024K, 1 young (1024K), 1 survivors (1024K)
 Metaspace       used 59569K, committed 60224K, reserved 1114112K
  class space    used 8325K, committed 8640K, reserved 1048576K
}
Event: 18.800 GC heap before
{Heap before GC invocations=29 (full 0):
 garbage-first heap   total 122880K, used 107658K [0x0000000080000000, 0x0000000100000000)
  region size 1024K, 31 young (31744K), 1 survivors (1024K)
 Metaspace       used 61789K, committed 62464K, reserved 1114112K
  class space    used 8623K, committed 8960K, reserved 1048576K
}
Event: 18.803 GC heap after
{Heap after GC invocations=30 (full 0):
 garbage-first heap   total 122880K, used 77017K [0x0000000080000000, 0x0000000100000000)
  region size 1024K, 4 young (4096K), 4 survivors (4096K)
 Metaspace       used 61789K, committed 62464K, reserved 1114112K
  class space    used 8623K, committed 8960K, reserved 1048576K
}
Event: 18.855 GC heap before
{Heap before GC invocations=30 (full 0):
 garbage-first heap   total 122880K, used 79065K [0x0000000080000000, 0x0000000100000000)
  region size 1024K, 6 young (6144K), 4 survivors (4096K)
 Metaspace       used 61965K, committed 62656K, reserved 1114112K
  class space    used 8639K, committed 8960K, reserved 1048576K
}
Event: 18.859 GC heap after
{Heap after GC invocations=31 (full 0):
 garbage-first heap   total 122880K, used 76948K [0x0000000080000000, 0x0000000100000000)
  region size 1024K, 1 young (1024K), 1 survivors (1024K)
 Metaspace       used 61965K, committed 62656K, reserved 1114112K
  class space    used 8639K, committed 8960K, reserved 1048576K
}
Event: 19.293 GC heap before
{Heap before GC invocations=31 (full 0):
 garbage-first heap   total 122880K, used 100500K [0x0000000080000000, 0x0000000100000000)
  region size 1024K, 25 young (25600K), 1 survivors (1024K)
 Metaspace       used 63718K, committed 64448K, reserved 1114112K
  class space    used 8863K, committed 9216K, reserved 1048576K
}

Dll operation events (15 events):
Event: 0.010 Loaded shared library C:\Users\USER\.jdks\ms-17.0.15\bin\java.dll
Event: 0.035 Loaded shared library C:\Users\USER\.jdks\ms-17.0.15\bin\jsvml.dll
Event: 0.094 Loaded shared library C:\Users\USER\.jdks\ms-17.0.15\bin\zip.dll
Event: 0.098 Loaded shared library C:\Users\USER\.jdks\ms-17.0.15\bin\instrument.dll
Event: 0.103 Loaded shared library C:\Users\USER\.jdks\ms-17.0.15\bin\net.dll
Event: 0.105 Loaded shared library C:\Users\USER\.jdks\ms-17.0.15\bin\nio.dll
Event: 0.108 Loaded shared library C:\Users\USER\.jdks\ms-17.0.15\bin\zip.dll
Event: 0.435 Loaded shared library C:\Users\USER\.jdks\ms-17.0.15\bin\jimage.dll
Event: 0.646 Loaded shared library C:\Users\USER\.jdks\ms-17.0.15\bin\verify.dll
Event: 0.853 Loaded shared library C:\Users\USER\.gradle\native\c067742578af261105cb4f569cf0c3c89f3d7b1fecec35dd04571415982c5e48\windows-amd64\native-platform.dll
Event: 0.858 Loaded shared library C:\Users\USER\.gradle\native\100fb08df4bc3b14c8652ba06237920a3bd2aa13389f12d3474272988ae205f9\windows-amd64\native-platform-file-events.dll
Event: 2.157 Loaded shared library C:\Users\USER\.jdks\ms-17.0.15\bin\management.dll
Event: 2.161 Loaded shared library C:\Users\USER\.jdks\ms-17.0.15\bin\management_ext.dll
Event: 2.385 Loaded shared library C:\Users\USER\.jdks\ms-17.0.15\bin\extnet.dll
Event: 2.647 Loaded shared library C:\Users\USER\.jdks\ms-17.0.15\bin\sunmscapi.dll

Deoptimization events (20 events):
Event: 18.884 Thread 0x000001b8ff5612f0 Uncommon trap: trap_request=0xffffff45 fr.pc=0x000001b8f02e79d8 relative=0x0000000000000058
Event: 18.884 Thread 0x000001b8ff5612f0 Uncommon trap: reason=unstable_if action=reinterpret pc=0x000001b8f02e79d8 method=java.util.regex.Pattern.has(I)Z @ 6 c2
Event: 18.884 Thread 0x000001b8ff5612f0 DEOPT PACKING pc=0x000001b8f02e79d8 sp=0x0000003209af5f00
Event: 18.884 Thread 0x000001b8ff5612f0 DEOPT UNPACKING pc=0x000001b8efbd69a3 sp=0x0000003209af5e90 mode 2
Event: 18.932 Thread 0x000001b8ff5612f0 Uncommon trap: trap_request=0xffffffc6 fr.pc=0x000001b8f048f698 relative=0x0000000000000058
Event: 18.932 Thread 0x000001b8ff5612f0 Uncommon trap: reason=bimorphic_or_optimized_type_check action=maybe_recompile pc=0x000001b8f048f698 method=java.util.AbstractQueue.add(Ljava/lang/Object;)Z @ 2 c2
Event: 18.932 Thread 0x000001b8ff5612f0 DEOPT PACKING pc=0x000001b8f048f698 sp=0x0000003209af6f60
Event: 18.932 Thread 0x000001b8ff5612f0 DEOPT UNPACKING pc=0x000001b8efbd69a3 sp=0x0000003209af6f28 mode 2
Event: 18.932 Thread 0x000001b8ff5612f0 Uncommon trap: trap_request=0xffffffc6 fr.pc=0x000001b8f048f698 relative=0x0000000000000058
Event: 18.932 Thread 0x000001b8ff5612f0 Uncommon trap: reason=bimorphic_or_optimized_type_check action=maybe_recompile pc=0x000001b8f048f698 method=java.util.AbstractQueue.add(Ljava/lang/Object;)Z @ 2 c2
Event: 18.932 Thread 0x000001b8ff5612f0 DEOPT PACKING pc=0x000001b8f048f698 sp=0x0000003209af6f60
Event: 18.932 Thread 0x000001b8ff5612f0 DEOPT UNPACKING pc=0x000001b8efbd69a3 sp=0x0000003209af6f28 mode 2
Event: 19.002 Thread 0x000001b8ff5612f0 Uncommon trap: trap_request=0xffffffc6 fr.pc=0x000001b8f048f698 relative=0x0000000000000058
Event: 19.002 Thread 0x000001b8ff5612f0 Uncommon trap: reason=bimorphic_or_optimized_type_check action=maybe_recompile pc=0x000001b8f048f698 method=java.util.AbstractQueue.add(Ljava/lang/Object;)Z @ 2 c2
Event: 19.002 Thread 0x000001b8ff5612f0 DEOPT PACKING pc=0x000001b8f048f698 sp=0x0000003209af6250
Event: 19.002 Thread 0x000001b8ff5612f0 DEOPT UNPACKING pc=0x000001b8efbd69a3 sp=0x0000003209af6218 mode 2
Event: 19.002 Thread 0x000001b8ff5612f0 Uncommon trap: trap_request=0xffffffc6 fr.pc=0x000001b8f048f698 relative=0x0000000000000058
Event: 19.002 Thread 0x000001b8ff5612f0 Uncommon trap: reason=bimorphic_or_optimized_type_check action=maybe_recompile pc=0x000001b8f048f698 method=java.util.AbstractQueue.add(Ljava/lang/Object;)Z @ 2 c2
Event: 19.002 Thread 0x000001b8ff5612f0 DEOPT PACKING pc=0x000001b8f048f698 sp=0x0000003209af6250
Event: 19.002 Thread 0x000001b8ff5612f0 DEOPT UNPACKING pc=0x000001b8efbd69a3 sp=0x0000003209af6218 mode 2

Classes loaded (20 events):
Event: 18.521 Loading class java/security/interfaces/XECKey
Event: 18.521 Loading class java/security/interfaces/XECKey done
Event: 18.521 Loading class sun/security/util/KeyUtil
Event: 18.522 Loading class sun/security/util/KeyUtil done
Event: 18.522 Loading class sun/security/util/Length
Event: 18.522 Loading class sun/security/util/Length done
Event: 18.522 Loading class javax/crypto/SecretKey
Event: 18.522 Loading class javax/crypto/SecretKey done
Event: 18.522 Loading class java/util/Base64
Event: 18.523 Loading class java/util/Base64 done
Event: 18.523 Loading class java/util/Base64$Decoder
Event: 18.523 Loading class java/util/Base64$Decoder done
Event: 18.523 Loading class java/util/Base64$Encoder
Event: 18.523 Loading class java/util/Base64$Encoder done
Event: 18.525 Loading class java/util/jar/JarVerifier$VerifierStream
Event: 18.525 Loading class java/util/jar/JarVerifier$VerifierStream done
Event: 18.525 Loading class sun/security/util/ManifestEntryVerifier$SunProviderHolder
Event: 18.525 Loading class sun/security/util/ManifestEntryVerifier$SunProviderHolder done
Event: 18.624 Loading class java/security/KeyStore$ProtectionParameter
Event: 18.624 Loading class java/security/KeyStore$ProtectionParameter done

Classes unloaded (0 events):
No events

Classes redefined (0 events):
No events

Internal exceptions (20 events):
Event: 15.098 Thread 0x000001b8c72ad4c0 Implicit null exception at 0x000001b8f0516364 to 0x000001b8f0516be8
Event: 15.151 Thread 0x000001b8c72b0c70 Implicit null exception at 0x000001b8f051f944 to 0x000001b8f052004c
Event: 15.775 Thread 0x000001b8ff5612f0 Exception <a 'java/lang/NoSuchMethodError'{0x00000000847d3310}: 'long java.lang.invoke.DirectMethodHandle$Holder.invokeVirtual(java.lang.Object, java.lang.Object)'> (0x00000000847d3310) 
thrown [s\src\hotspot\share\interpreter\linkResolver.cpp, line 759]
Event: 15.780 Thread 0x000001b8c6ef6f20 Exception <a 'java/lang/NoSuchMethodError'{0x0000000084602e58}: static Lorg/gradle/internal/build/event/types/DefaultOperationFinishedProgressEvent;.<clinit>()V> (0x0000000084602e58) 
thrown [s\src\hotspot\share\prims\jni.cpp, line 1112]
Event: 15.782 Thread 0x000001b8c6ef6f20 Exception <a 'java/lang/NoSuchMethodError'{0x00000000846497f0}: static Lorg/gradle/internal/build/event/types/DefaultProjectConfigurationSuccessResult;.<clinit>()V> (0x00000000846497f0) 
thrown [s\src\hotspot\share\prims\jni.cpp, line 1112]
Event: 15.783 Thread 0x000001b8c6ef6f20 Exception <a 'java/lang/NoSuchMethodError'{0x000000008464e1d0}: static Lorg/gradle/internal/build/event/types/AbstractProjectConfigurationResult;.<clinit>()V> (0x000000008464e1d0) 
thrown [s\src\hotspot\share\prims\jni.cpp, line 1112]
Event: 15.783 Thread 0x000001b8c6ef6f20 Exception <a 'java/lang/NoSuchMethodError'{0x000000008464f918}: static Lorg/gradle/internal/build/event/types/AbstractOperationResult;.<clinit>()V> (0x000000008464f918) 
thrown [s\src\hotspot\share\prims\jni.cpp, line 1112]
Event: 15.783 Thread 0x000001b8c6ef6f20 Exception <a 'java/lang/NoSuchMethodError'{0x0000000084650d68}: static Lorg/gradle/internal/build/event/types/AbstractResult;.<clinit>()V> (0x0000000084650d68) 
thrown [s\src\hotspot\share\prims\jni.cpp, line 1112]
Event: 15.786 Thread 0x000001b8c6ef6f20 Exception <a 'java/lang/NoSuchMethodError'{0x00000000846854a0}: static Lorg/gradle/internal/build/event/types/DefaultPluginApplicationResult;.<clinit>()V> (0x00000000846854a0) 
thrown [s\src\hotspot\share\prims\jni.cpp, line 1112]
Event: 15.787 Thread 0x000001b8c6ef6f20 Exception <a 'java/lang/NoSuchMethodError'{0x0000000084692058}: static Lorg/gradle/internal/build/event/types/DefaultBinaryPluginIdentifier;.<clinit>()V> (0x0000000084692058) 
thrown [s\src\hotspot\share\prims\jni.cpp, line 1112]
Event: 15.792 Thread 0x000001b8c6ef6f20 Exception <a 'java/lang/NoSuchMethodError'{0x00000000846e2e20}: static Lorg/gradle/internal/build/event/types/DefaultScriptPluginIdentifier;.<clinit>()V> (0x00000000846e2e20) 
thrown [s\src\hotspot\share\prims\jni.cpp, line 1112]
Event: 15.887 Thread 0x000001b8ff5612f0 Implicit null exception at 0x000001b8f0267612 to 0x000001b8f0267cfc
Event: 16.501 Thread 0x000001b8ff5612f0 Exception <a 'java/lang/NoSuchMethodError'{0x0000000087bda970}: 'void java.lang.invoke.Invokers$Holder.invoke_MT(java.lang.Object, java.lang.Object, java.lang.Object, java.lang.Object)'> (0x0000000087bda970) 
thrown [s\src\hotspot\share\interpreter\linkResolver.cpp, line 759]
Event: 16.510 Thread 0x000001b8ff5612f0 Exception <a 'java/lang/NoSuchMethodError'{0x0000000087a52a68}: 'java.lang.Object java.lang.invoke.DirectMethodHandle$Holder.invokeStaticInit(java.lang.Object, java.lang.Object, java.lang.Object, java.lang.Object, java.lang.Object, java.lang.Object, java.lang.Object)'> (0x0000000087a52a68) 
thrown [s\src\hotspot\share\interpreter\linkResolver.cpp, line 759]
Event: 16.514 Thread 0x000001b8ff5612f0 Exception <a 'java/lang/NoSuchMethodError'{0x0000000087a7c6d0}: 'java.lang.Object java.lang.invoke.DirectMethodHandle$Holder.invokeSpecial(java.lang.Object, java.lang.Object, java.lang.Object, int, java.lang.Object, java.lang.Object)'> (0x0000000087a7c6d0) 
thrown [s\src\hotspot\share\interpreter\linkResolver.cpp, line 759]
Event: 16.564 Thread 0x000001b8ff5612f0 Exception <a 'java/lang/ClassNotFoundException'{0x00000000856ffaf8}: sun/misc/SharedSecrets> (0x00000000856ffaf8) 
thrown [s\src\hotspot\share\classfile\systemDictionary.cpp, line 256]
Event: 16.564 Thread 0x000001b8ff5612f0 Exception <a 'java/lang/ClassNotFoundException'{0x00000000855076d8}: org/gradle/api/internal/plugins/DefaultObjectConfigurationActionBeanInfo> (0x00000000855076d8) 
thrown [s\src\hotspot\share\classfile\systemDictionary.cpp, line 256]
Event: 16.565 Thread 0x000001b8ff5612f0 Exception <a 'java/lang/ClassNotFoundException'{0x000000008551d010}: org/gradle/api/internal/plugins/DefaultObjectConfigurationActionCustomizer> (0x000000008551d010) 
thrown [s\src\hotspot\share\classfile\systemDictionary.cpp, line 256]
Event: 18.265 Thread 0x000001b8ff5612f0 Exception <a 'java/lang/NoSuchMethodError'{0x00000000858d5ea8}: 'void java.lang.invoke.DirectMethodHandle$Holder.invokeVirtual(java.lang.Object, java.lang.Object)'> (0x00000000858d5ea8) 
thrown [s\src\hotspot\share\interpreter\linkResolver.cpp, line 759]
Event: 18.471 Thread 0x000001b8ff5612f0 Implicit null exception at 0x000001b8f033810c to 0x000001b8f033823e

VM Operations (20 events):
Event: 17.705 Executing VM operation: G1CollectForAllocation done
Event: 18.166 Executing VM operation: HandshakeAllThreads
Event: 18.166 Executing VM operation: HandshakeAllThreads done
Event: 18.269 Executing VM operation: G1CollectForAllocation
Event: 18.271 Executing VM operation: G1CollectForAllocation done
Event: 18.306 Executing VM operation: G1PauseRemark
Event: 18.310 Executing VM operation: G1PauseRemark done
Event: 18.322 Executing VM operation: G1PauseCleanup
Event: 18.322 Executing VM operation: G1PauseCleanup done
Event: 18.432 Executing VM operation: HandshakeAllThreads
Event: 18.432 Executing VM operation: HandshakeAllThreads done
Event: 18.483 Executing VM operation: HandshakeAllThreads
Event: 18.483 Executing VM operation: HandshakeAllThreads done
Event: 18.484 Executing VM operation: HandshakeAllThreads
Event: 18.484 Executing VM operation: HandshakeAllThreads done
Event: 18.800 Executing VM operation: G1CollectForAllocation
Event: 18.803 Executing VM operation: G1CollectForAllocation done
Event: 18.855 Executing VM operation: G1CollectForAllocation
Event: 18.859 Executing VM operation: G1CollectForAllocation done
Event: 19.292 Executing VM operation: G1CollectForAllocation

Memory protections (0 events):
No events

Nmethod flushes (20 events):
Event: 8.504 Thread 0x000001b8ff456720 flushing  nmethod 0x000001b8e8d7e390
Event: 8.504 Thread 0x000001b8ff456720 flushing  nmethod 0x000001b8e8d7f890
Event: 8.504 Thread 0x000001b8ff456720 flushing  nmethod 0x000001b8e8d8fc10
Event: 8.504 Thread 0x000001b8ff456720 flushing  nmethod 0x000001b8e8da8d90
Event: 8.504 Thread 0x000001b8ff456720 flushing  nmethod 0x000001b8e8dd8e10
Event: 8.504 Thread 0x000001b8ff456720 flushing  nmethod 0x000001b8e8dda590
Event: 8.505 Thread 0x000001b8ff456720 flushing  nmethod 0x000001b8e8df2c90
Event: 8.505 Thread 0x000001b8ff456720 flushing  nmethod 0x000001b8e8df6d90
Event: 8.505 Thread 0x000001b8ff456720 flushing  nmethod 0x000001b8e8e10e10
Event: 8.505 Thread 0x000001b8ff456720 flushing  nmethod 0x000001b8e8e11b10
Event: 8.505 Thread 0x000001b8ff456720 flushing  nmethod 0x000001b8e8e12910
Event: 8.505 Thread 0x000001b8ff456720 flushing  nmethod 0x000001b8e8e12f90
Event: 8.505 Thread 0x000001b8ff456720 flushing  nmethod 0x000001b8e8e13490
Event: 8.505 Thread 0x000001b8ff456720 flushing  nmethod 0x000001b8e8e14990
Event: 8.505 Thread 0x000001b8ff456720 flushing  nmethod 0x000001b8e8e1b990
Event: 8.505 Thread 0x000001b8ff456720 flushing  nmethod 0x000001b8e8e63190
Event: 8.505 Thread 0x000001b8ff456720 flushing  nmethod 0x000001b8e8e63c90
Event: 8.505 Thread 0x000001b8ff456720 flushing  nmethod 0x000001b8e8e86110
Event: 8.505 Thread 0x000001b8ff456720 flushing  nmethod 0x000001b8e8ecd210
Event: 15.349 Thread 0x000001b8ff456720 flushing osr nmethod 0x000001b8f01ad610

Events (20 events):
Event: 13.434 Thread 0x000001b8ff5612f0 Thread added: 0x000001b8ff7ddbb0
Event: 13.438 Thread 0x000001b8ff5612f0 Thread added: 0x000001b8ff7dd6a0
Event: 13.441 Thread 0x000001b8ff5612f0 Thread added: 0x000001b8ff7deff0
Event: 13.444 Thread 0x000001b8ff5612f0 Thread added: 0x000001b8c72af830
Event: 14.038 Thread 0x000001b8ff5612f0 Thread added: 0x000001b8c72b0250
Event: 14.040 Thread 0x000001b8ff5612f0 Thread added: 0x000001b8c72ae900
Event: 14.041 Thread 0x000001b8ff5612f0 Thread added: 0x000001b8c72ab660
Event: 14.042 Thread 0x000001b8ff5612f0 Thread added: 0x000001b8c72abb70
Event: 14.043 Thread 0x000001b8ff5612f0 Thread added: 0x000001b8c72b0760
Event: 14.045 Thread 0x000001b8ff5612f0 Thread added: 0x000001b8c72ab150
Event: 14.046 Thread 0x000001b8ff5612f0 Thread added: 0x000001b8c72afd40
Event: 14.047 Thread 0x000001b8ff5612f0 Thread added: 0x000001b8c72b0c70
Event: 14.048 Thread 0x000001b8ff5612f0 Thread added: 0x000001b8c72b1690
Event: 14.049 Thread 0x000001b8ff5612f0 Thread added: 0x000001b8c72ad4c0
Event: 14.051 Thread 0x000001b8ff5612f0 Thread added: 0x000001b8c72ad9d0
Event: 16.100 Thread 0x000001b8ca3bf5a0 Thread exited: 0x000001b8ca3bf5a0
Event: 16.663 Thread 0x000001b8ca3bf050 Thread exited: 0x000001b8ca3bf050
Event: 17.611 Thread 0x000001b8ff5612f0 Thread added: 0x000001b8c72acaa0
Event: 18.127 Thread 0x000001b8ff44be90 Thread added: 0x000001b8ca3be060
Event: 18.238 Thread 0x000001b8ff5612f0 Thread added: 0x000001b8c72b1180


Dynamic libraries:
0x00007ff7550e0000 - 0x00007ff7550ee000 	C:\Users\USER\.jdks\ms-17.0.15\bin\java.exe
0x00007ffdf4750000 - 0x00007ffdf4967000 	C:\WINDOWS\SYSTEM32\ntdll.dll
0x00007ffdf2fc0000 - 0x00007ffdf3084000 	C:\WINDOWS\System32\KERNEL32.DLL
0x00007ffdf1a40000 - 0x00007ffdf1e13000 	C:\WINDOWS\System32\KERNELBASE.dll
0x00007ffdf2100000 - 0x00007ffdf2211000 	C:\WINDOWS\System32\ucrtbase.dll
0x00007ffdb8b90000 - 0x00007ffdb8ba7000 	C:\Users\USER\.jdks\ms-17.0.15\bin\jli.dll
0x00007ffdb1d90000 - 0x00007ffdb1dad000 	C:\Users\USER\.jdks\ms-17.0.15\bin\VCRUNTIME140.dll
0x00007ffdf2860000 - 0x00007ffdf2a11000 	C:\WINDOWS\System32\USER32.dll
0x00007ffdf1f90000 - 0x00007ffdf1fb6000 	C:\WINDOWS\System32\win32u.dll
0x00007ffdf3520000 - 0x00007ffdf3549000 	C:\WINDOWS\System32\GDI32.dll
0x00007ffde2790000 - 0x00007ffde2a2b000 	C:\WINDOWS\WinSxS\amd64_microsoft.windows.common-controls_6595b64144ccf1df_6.0.22621.5262_none_2712bde373830908\COMCTL32.dll
0x00007ffdf1870000 - 0x00007ffdf1992000 	C:\WINDOWS\System32\gdi32full.dll
0x00007ffdf3870000 - 0x00007ffdf3917000 	C:\WINDOWS\System32\msvcrt.dll
0x00007ffdf19a0000 - 0x00007ffdf1a3a000 	C:\WINDOWS\System32\msvcp_win.dll
0x00007ffdf3680000 - 0x00007ffdf36b1000 	C:\WINDOWS\System32\IMM32.DLL
0x00007ffdd7270000 - 0x00007ffdd727c000 	C:\Users\USER\.jdks\ms-17.0.15\bin\vcruntime140_1.dll
0x00007ffd8e530000 - 0x00007ffd8e5bd000 	C:\Users\USER\.jdks\ms-17.0.15\bin\msvcp140.dll
0x00007ffd3d460000 - 0x00007ffd3e0d2000 	C:\Users\USER\.jdks\ms-17.0.15\bin\server\jvm.dll
0x00007ffdf3b10000 - 0x00007ffdf3bc1000 	C:\WINDOWS\System32\ADVAPI32.dll
0x00007ffdf4660000 - 0x00007ffdf4707000 	C:\WINDOWS\System32\sechost.dll
0x00007ffdf1840000 - 0x00007ffdf1868000 	C:\WINDOWS\System32\bcrypt.dll
0x00007ffdf2a20000 - 0x00007ffdf2b34000 	C:\WINDOWS\System32\RPCRT4.dll
0x00007ffdf3550000 - 0x00007ffdf35c1000 	C:\WINDOWS\System32\WS2_32.dll
0x00007ffdf1710000 - 0x00007ffdf175d000 	C:\WINDOWS\SYSTEM32\POWRPROF.dll
0x00007ffdecb30000 - 0x00007ffdecb64000 	C:\WINDOWS\SYSTEM32\WINMM.dll
0x00007ffdecd60000 - 0x00007ffdecd6a000 	C:\WINDOWS\SYSTEM32\VERSION.dll
0x00007ffdf16f0000 - 0x00007ffdf1703000 	C:\WINDOWS\SYSTEM32\UMPDC.dll
0x00007ffdf07e0000 - 0x00007ffdf07f8000 	C:\WINDOWS\SYSTEM32\kernel.appcore.dll
0x00007ffdc72e0000 - 0x00007ffdc72ea000 	C:\Users\USER\.jdks\ms-17.0.15\bin\jimage.dll
0x00007ffde8d50000 - 0x00007ffde8f82000 	C:\WINDOWS\SYSTEM32\DBGHELP.DLL
0x00007ffdf24c0000 - 0x00007ffdf2853000 	C:\WINDOWS\System32\combase.dll
0x00007ffdf23e0000 - 0x00007ffdf24b7000 	C:\WINDOWS\System32\OLEAUT32.dll
0x00007ffddc3a0000 - 0x00007ffddc3d2000 	C:\WINDOWS\SYSTEM32\dbgcore.DLL
0x00007ffdf22e0000 - 0x00007ffdf235b000 	C:\WINDOWS\System32\bcryptPrimitives.dll
0x00007ffdc4320000 - 0x00007ffdc432e000 	C:\Users\USER\.jdks\ms-17.0.15\bin\instrument.dll
0x00007ffdaea70000 - 0x00007ffdaea95000 	C:\Users\USER\.jdks\ms-17.0.15\bin\java.dll
0x00007ffd43a50000 - 0x00007ffd43b26000 	C:\Users\USER\.jdks\ms-17.0.15\bin\jsvml.dll
0x00007ffdf3bd0000 - 0x00007ffdf446d000 	C:\WINDOWS\System32\SHELL32.dll
0x00007ffdf1fc0000 - 0x00007ffdf20ff000 	C:\WINDOWS\System32\wintypes.dll
0x00007ffdef730000 - 0x00007ffdf004d000 	C:\WINDOWS\SYSTEM32\windows.storage.dll
0x00007ffdf2c40000 - 0x00007ffdf2d4b000 	C:\WINDOWS\System32\SHCORE.dll
0x00007ffdf4500000 - 0x00007ffdf4566000 	C:\WINDOWS\System32\shlwapi.dll
0x00007ffdf1770000 - 0x00007ffdf179b000 	C:\WINDOWS\SYSTEM32\profapi.dll
0x00007ffdb0a20000 - 0x00007ffdb0a38000 	C:\Users\USER\.jdks\ms-17.0.15\bin\zip.dll
0x00007ffdae870000 - 0x00007ffdae88a000 	C:\Users\USER\.jdks\ms-17.0.15\bin\net.dll
0x00007ffdeca00000 - 0x00007ffdecb2c000 	C:\WINDOWS\SYSTEM32\WINHTTP.dll
0x00007ffdf0cc0000 - 0x00007ffdf0d2a000 	C:\WINDOWS\system32\mswsock.dll
0x00007ffdae1a0000 - 0x00007ffdae1b6000 	C:\Users\USER\.jdks\ms-17.0.15\bin\nio.dll
0x00007ffdc3b70000 - 0x00007ffdc3b80000 	C:\Users\USER\.jdks\ms-17.0.15\bin\verify.dll
0x00007ffdb0da0000 - 0x00007ffdb0dc7000 	C:\Users\USER\.gradle\native\c067742578af261105cb4f569cf0c3c89f3d7b1fecec35dd04571415982c5e48\windows-amd64\native-platform.dll
0x00007ffd43710000 - 0x00007ffd43854000 	C:\Users\USER\.gradle\native\100fb08df4bc3b14c8652ba06237920a3bd2aa13389f12d3474272988ae205f9\windows-amd64\native-platform-file-events.dll
0x00007ffdbfeb0000 - 0x00007ffdbfeba000 	C:\Users\USER\.jdks\ms-17.0.15\bin\management.dll
0x00007ffdbeee0000 - 0x00007ffdbeeeb000 	C:\Users\USER\.jdks\ms-17.0.15\bin\management_ext.dll
0x00007ffdf2b40000 - 0x00007ffdf2b48000 	C:\WINDOWS\System32\PSAPI.DLL
0x00007ffdf0f30000 - 0x00007ffdf0f4b000 	C:\WINDOWS\SYSTEM32\CRYPTSP.dll
0x00007ffdf07a0000 - 0x00007ffdf07d7000 	C:\WINDOWS\system32\rsaenh.dll
0x00007ffdf0da0000 - 0x00007ffdf0dc8000 	C:\WINDOWS\SYSTEM32\USERENV.dll
0x00007ffdf0f50000 - 0x00007ffdf0f5c000 	C:\WINDOWS\SYSTEM32\CRYPTBASE.dll
0x00007ffdf02b0000 - 0x00007ffdf02dd000 	C:\WINDOWS\SYSTEM32\IPHLPAPI.DLL
0x00007ffdf3510000 - 0x00007ffdf3519000 	C:\WINDOWS\System32\NSI.dll
0x00007ffdec800000 - 0x00007ffdec819000 	C:\WINDOWS\SYSTEM32\dhcpcsvc6.DLL
0x00007ffdec7e0000 - 0x00007ffdec7ff000 	C:\WINDOWS\SYSTEM32\dhcpcsvc.DLL
0x00007ffdf0320000 - 0x00007ffdf0418000 	C:\WINDOWS\SYSTEM32\DNSAPI.dll
0x00007ffdbe7a0000 - 0x00007ffdbe7a9000 	C:\Users\USER\.jdks\ms-17.0.15\bin\extnet.dll
0x00007ffdbd290000 - 0x00007ffdbd29e000 	C:\Users\USER\.jdks\ms-17.0.15\bin\sunmscapi.dll
0x00007ffdf1e20000 - 0x00007ffdf1f87000 	C:\WINDOWS\System32\CRYPT32.dll
0x00007ffdf10f0000 - 0x00007ffdf111d000 	C:\WINDOWS\SYSTEM32\ncrypt.dll
0x00007ffdf10b0000 - 0x00007ffdf10e7000 	C:\WINDOWS\SYSTEM32\NTASN1.dll
0x00007ffd65540000 - 0x00007ffd65548000 	C:\WINDOWS\system32\wshunix.dll

dbghelp: loaded successfully - version: 4.0.5 - missing functions: none
symbol engine: initialized successfully - sym options: 0x614 - pdb path: .;C:\Users\USER\.jdks\ms-17.0.15\bin;C:\WINDOWS\SYSTEM32;C:\WINDOWS\WinSxS\amd64_microsoft.windows.common-controls_6595b64144ccf1df_6.0.22621.5262_none_2712bde373830908;C:\Users\USER\.jdks\ms-17.0.15\bin\server;C:\Users\USER\.gradle\native\c067742578af261105cb4f569cf0c3c89f3d7b1fecec35dd04571415982c5e48\windows-amd64;C:\Users\USER\.gradle\native\100fb08df4bc3b14c8652ba06237920a3bd2aa13389f12d3474272988ae205f9\windows-amd64

VM Arguments:
jvm_args: --add-opens=java.base/java.lang=ALL-UNNAMED --add-opens=java.base/java.lang.invoke=ALL-UNNAMED --add-opens=java.base/java.util=ALL-UNNAMED --add-opens=java.prefs/java.util.prefs=ALL-UNNAMED --add-exports=jdk.compiler/com.sun.tools.javac.api=ALL-UNNAMED --add-exports=jdk.compiler/com.sun.tools.javac.util=ALL-UNNAMED --add-opens=java.base/java.util=ALL-UNNAMED --add-opens=java.prefs/java.util.prefs=ALL-UNNAMED --add-opens=java.base/java.nio.charset=ALL-UNNAMED --add-opens=java.base/java.net=ALL-UNNAMED --add-opens=java.base/java.util.concurrent.atomic=ALL-UNNAMED --add-opens=java.xml/javax.xml.namespace=ALL-UNNAMED -Xmx2048m -Dfile.encoding=UTF-8 -Duser.country=ID -Duser.language=id -Duser.variant -javaagent:C:\Users\USER\.gradle\wrapper\dists\gradle-8.11.1-bin\bpt9gzteqjrbo1mjrsomdt32c\gradle-8.11.1\lib\agents\gradle-instrumentation-agent-8.11.1.jar 
java_command: org.gradle.launcher.daemon.bootstrap.GradleDaemon 8.11.1
java_class_path (initial): C:\Users\USER\.gradle\wrapper\dists\gradle-8.11.1-bin\bpt9gzteqjrbo1mjrsomdt32c\gradle-8.11.1\lib\gradle-daemon-main-8.11.1.jar
Launcher Type: SUN_STANDARD

[Global flags]
     intx CICompilerCount                          = 4                                         {product} {ergonomic}
     uint ConcGCThreads                            = 3                                         {product} {ergonomic}
     uint G1ConcRefinementThreads                  = 10                                        {product} {ergonomic}
   size_t G1HeapRegionSize                         = 1048576                                   {product} {ergonomic}
    uintx GCDrainStackTargetSize                   = 64                                        {product} {ergonomic}
   size_t InitialHeapSize                          = 260046848                                 {product} {ergonomic}
   size_t MarkStackSize                            = 4194304                                   {product} {ergonomic}
   size_t MaxHeapSize                              = 2147483648                                {product} {command line}
   size_t MaxNewSize                               = 1287651328                                {product} {ergonomic}
   size_t MinHeapDeltaBytes                        = 1048576                                   {product} {ergonomic}
   size_t MinHeapSize                              = 8388608                                   {product} {ergonomic}
    uintx NonNMethodCodeHeapSize                   = 5839372                                {pd product} {ergonomic}
    uintx NonProfiledCodeHeapSize                  = 122909434                              {pd product} {ergonomic}
    uintx ProfiledCodeHeapSize                     = 122909434                              {pd product} {ergonomic}
    uintx ReservedCodeCacheSize                    = 251658240                              {pd product} {ergonomic}
     bool SegmentedCodeCache                       = true                                      {product} {ergonomic}
   size_t SoftMaxHeapSize                          = 2147483648                             {manageable} {ergonomic}
     bool UseCompressedClassPointers               = true                           {product lp64_product} {ergonomic}
     bool UseCompressedOops                        = true                           {product lp64_product} {ergonomic}
     bool UseG1GC                                  = true                                      {product} {ergonomic}
     bool UseLargePagesIndividualAllocation        = false                                  {pd product} {ergonomic}

Logging:
Log output configuration:
 #0: stdout all=warning uptime,level,tags
 #1: stderr all=off uptime,level,tags

Environment Variables:
PATH=D:\Alif\Sofware\apache-maven-3.8.5\bin;C:\ProgramData\Oracle\Java\javapath;C:\Program Files (x86)\Common Files\Intel\Shared Libraries\redist\intel64\compiler;C:\Windows\system32;C:\Windows;C:\Windows\System32\Wbem;C:\Windows\System32\WindowsPowerShell\v1.0\;C:\Windows\System32\OpenSSH\;C:\Program Files (x86)\NVIDIA Corporation\PhysX\Common;C:\Program Files\NVIDIA Corporation\NVIDIA NvDLISR;C:\Program Files\dotnet\;C:\Program Files (x86)\dotnet\;C:\WINDOWS\system32;C:\WINDOWS;C:\WINDOWS\System32\Wbem;C:\WINDOWS\System32\WindowsPowerShell\v1.0\;C:\WINDOWS\System32\OpenSSH\;D:\Alif\Sofware\Git\cmd;C:\Users\USER\AppData\Local\Programs\Python\Python38\Scripts\;C:\Users\USER\AppData\Local\Programs\Python\Python38\;C:\Users\USER\AppData\Local\Microsoft\WindowsApps;D:\Alif\Sofware\Microsoft VS Code\bin;C:\Users\USER\AppData\Roaming\npm;C:\Users\USER\go\bin;C:\ProgramData\ComposerSetup\bin;C:\Users\USER\AppData\Local\Pub\Cache\bin;D:\Alif\Sofware\go\bin;C:\WINDOWS\system32;C:\WINDOWS;C:\WINDOWS\System32\Wbem;C:\WINDOWS\System32\WindowsPowerShell\v1.0\;C:\WINDOWS\System32\OpenSSH\;C:\MinGW\bin;D:\Alif\Sofware\sqlc;C:\Windows\System32;C:\Program Files\NVIDIA Corporation\Nsight Compute 2022.2.0\;D:\XAMPP\php;D:\XAMPP\php\php;D:\Alif\Sofware\php;C:\Program Files\Docker\Docker\resources\bin;C:\Program Files (x86)\Microsoft SQL Server\160\Tools\Binn\;D:\Alif\Sofware\SQL Server\160\Tools\Binn\;D:\Alif\Sofware\SQL Server\Client SDK\ODBC\170\Tools\Binn\;D:\Alif\Sofware\SQL Server\160\DTS\Binn\;C:\Program Files (x86)\Microsoft SQL Server\160\DTS\Binn\;C:\Users\USER\AppData\Local\Programs\Python\Python38\Scripts\;C:\Users\USER\AppData\Local\Programs\Python\Python38\;C:\Users\USER\scoop\shims;C:\Users\USER\AppData\Local\Microsoft\WindowsApps;D:\Alif\Sofware\nodejs;D:\Alif\Sofware\apache-maven-3.8.5\bin;C:\Users\USER\.dotnet\tools;C:\Users\USER\AppData\Roaming\Composer\vendor\bin;D:\Alif\Sofware\IntelliJ IDEA Community Edition 2022.2.2\bin;D:\src\flutter\bin;C:\Users\USER\AppData\Local\Pub\Cache\bin;C:\Users\USER\go\bin;D:\Alif\Sofware\GoLand 2022.3.1\bin;D:\Alif\Sofware\sqlc;C:\Windows\System32;C:\protoc\bin;C:\Users\USER\AppData\Local\Microsoft\WinGet\Packages\Schniz.fnm_Microsoft.Winget.Source_8wekyb3d8bbwe;D:\XAMPP\php;D:\XAMPP\php\php;D:\Alif\Sofware\php;D:\Alif\Sofware\IntelliJ IDEA 2024.3.4.1\bin;;D:\Alif\Sofware\IntelliJ IDEA Community Edition 2024.3.5\bin;;C:\Users\USER\AppData\Local\Yarn\bin;D:\Alif\Sofware\Microsoft VS Code\bin
USERNAME=USER
OS=Windows_NT
PROCESSOR_IDENTIFIER=AMD64 Family 23 Model 96 Stepping 1, AuthenticAMD
TMP=C:\Users\USER\AppData\Local\Temp
TEMP=C:\Users\USER\AppData\Local\Temp



Periodic native trim disabled


---------------  S Y S T E M  ---------------

OS:
 Windows 11 , 64 bit Build 22621 (10.0.22621.5262)
OS uptime: 0 days 6:29 hours
Hyper-V role detected

CPU: total 12 (initial active 12) (12 cores per cpu, 2 threads per core) family 23 model 96 stepping 1 microcode 0x0, cx8, cmov, fxsr, ht, mmx, 3dnowpref, sse, sse2, sse3, ssse3, sse4a, sse4.1, sse4.2, popcnt, lzcnt, tsc, tscinvbit, avx, avx2, aes, clmul, bmi1, bmi2, adx, sha, fma, vzeroupper, clflush, clflushopt, hv
Processor Information for the first 12 processors :
  Max Mhz: 3000, Current Mhz: 3000, Mhz Limit: 3000

Memory: 4k page, system-wide physical 15791M (550M free)
TotalPageFile size 33743M (AvailPageFile size 38M)
current process WorkingSet (physical memory assigned to process): 325M, peak: 326M
current process commit charge ("private bytes"): 389M, peak: 448M

vm_info: OpenJDK 64-Bit Server VM (17.0.15+6-LTS) for windows-amd64 JRE (17.0.15+6-LTS), built on Apr  9 2025 22:27:25 by "MicrosoftCorporation" with unknown MS VC++:1939

END.
